<?xml version="1.0" encoding="utf-8" standalone="no"?>
<test-results xmlns:xsi="http://www.w3.org/2001/XMLSchema-instance" xsi:noNamespaceSchemaLocation="nunit_schema_2.5.xsd" name="Pester" total="227" errors="0" failures="25" not-run="0" inconclusive="0" ignored="0" skipped="2" invalid="0" date="2022-09-11" time="21:53:35">
  <environment user="Owner" cwd="E:\Owner\Documents\Google Drive\Programs\Scripts\PowerShell\PsBootstrapCss\tests" platform="Microsoft Windows 10 Pro|C:\WINDOWS|\Device\Harddisk0\Partition2" user-domain="JLA-LoftHTPC" machine-name="JLA-LOFTHTPC" nunit-version="2.5.8.0" clr-version="Unknown" os-version="10.0.19044" />
  <culture-info current-culture="en-US" current-uiculture="en-US" />
  <test-suite type="TestFixture" name="Pester" executed="True" result="Failure" success="False" time="8.1638" asserts="0" description="Pester">
    <results>
      <test-suite type="TestFixture" name="E:\Owner\Documents\Google Drive\Programs\Scripts\PowerShell\PsBootstrapCss\tests\Function.tests.ps1" executed="True" result="Success" success="True" time="2.3691" asserts="0" description="E:\Owner\Documents\Google Drive\Programs\Scripts\PowerShell\PsBootstrapCss\tests\Function.tests.ps1">
        <results>
          <test-suite type="TestFixture" name="function 'ConvertTo-BootstrapJavaScriptTable.ps1'" executed="True" result="Success" success="True" time="0.3448" asserts="0" description="function 'ConvertTo-BootstrapJavaScriptTable.ps1'">
            <results>
              <test-suite type="ParameterizedTest" name="function 'ConvertTo-BootstrapJavaScriptTable.ps1'.can be tokenized by the PowerShell parser without any errors" executed="True" result="Success" success="True" time="0.2032" asserts="0" description="can be tokenized by the PowerShell parser without any errors">
                <results>
                  <test-case description="can be tokenized by the PowerShell parser without any errors" name="function 'ConvertTo-BootstrapJavaScriptTable.ps1'.can be tokenized by the PowerShell parser without any errors(&quot;E:\Owner\Documents\Google Drive\Programs\Scripts\PowerShell\PsBootstrapCss\src\functions\public\ConvertTo-BootstrapJavaScriptTable.ps1&quot;)" time="0.2032" asserts="0" success="True" result="Success" executed="True" />
                </results>
              </test-suite>
              <test-suite type="ParameterizedTest" name="function 'ConvertTo-BootstrapJavaScriptTable.ps1'.runs without throwing errors" executed="True" result="Success" success="True" time="0.0498" asserts="0" description="runs without throwing errors">
                <results>
                  <test-case description="runs without throwing errors" name="function 'ConvertTo-BootstrapJavaScriptTable.ps1'.runs without throwing errors(&quot;E:\Owner\Documents\Google Drive\Programs\Scripts\PowerShell\PsBootstrapCss\src\functions\public\ConvertTo-BootstrapJavaScriptTable.ps1&quot;)" time="0.0498" asserts="0" success="True" result="Success" executed="True" />
                </results>
              </test-suite>
            </results>
          </test-suite>
          <test-suite type="TestFixture" name="function 'ConvertTo-BootstrapListGroup.ps1'" executed="True" result="Success" success="True" time="0.4051" asserts="0" description="function 'ConvertTo-BootstrapListGroup.ps1'">
            <results>
              <test-suite type="ParameterizedTest" name="function 'ConvertTo-BootstrapListGroup.ps1'.can be tokenized by the PowerShell parser without any errors" executed="True" result="Success" success="True" time="0.0144" asserts="0" description="can be tokenized by the PowerShell parser without any errors">
                <results>
                  <test-case description="can be tokenized by the PowerShell parser without any errors" name="function 'ConvertTo-BootstrapListGroup.ps1'.can be tokenized by the PowerShell parser without any errors(&quot;E:\Owner\Documents\Google Drive\Programs\Scripts\PowerShell\PsBootstrapCss\src\functions\public\ConvertTo-BootstrapListGroup.ps1&quot;)" time="0.0144" asserts="0" success="True" result="Success" executed="True" />
                </results>
              </test-suite>
              <test-suite type="ParameterizedTest" name="function 'ConvertTo-BootstrapListGroup.ps1'.runs without throwing errors" executed="True" result="Success" success="True" time="0.0399" asserts="0" description="runs without throwing errors">
                <results>
                  <test-case description="runs without throwing errors" name="function 'ConvertTo-BootstrapListGroup.ps1'.runs without throwing errors(&quot;E:\Owner\Documents\Google Drive\Programs\Scripts\PowerShell\PsBootstrapCss\src\functions\public\ConvertTo-BootstrapListGroup.ps1&quot;)" time="0.0399" asserts="0" success="True" result="Success" executed="True" />
                </results>
              </test-suite>
            </results>
          </test-suite>
          <test-suite type="TestFixture" name="function 'ConvertTo-HtmlList.ps1'" executed="True" result="Success" success="True" time="0.4776" asserts="0" description="function 'ConvertTo-HtmlList.ps1'">
            <results>
              <test-suite type="ParameterizedTest" name="function 'ConvertTo-HtmlList.ps1'.can be tokenized by the PowerShell parser without any errors" executed="True" result="Success" success="True" time="0.0198" asserts="0" description="can be tokenized by the PowerShell parser without any errors">
                <results>
                  <test-case description="can be tokenized by the PowerShell parser without any errors" name="function 'ConvertTo-HtmlList.ps1'.can be tokenized by the PowerShell parser without any errors(&quot;E:\Owner\Documents\Google Drive\Programs\Scripts\PowerShell\PsBootstrapCss\src\functions\public\ConvertTo-HtmlList.ps1&quot;)" time="0.0198" asserts="0" success="True" result="Success" executed="True" />
                </results>
              </test-suite>
              <test-suite type="ParameterizedTest" name="function 'ConvertTo-HtmlList.ps1'.runs without throwing errors" executed="True" result="Success" success="True" time="0.0447" asserts="0" description="runs without throwing errors">
                <results>
                  <test-case description="runs without throwing errors" name="function 'ConvertTo-HtmlList.ps1'.runs without throwing errors(&quot;E:\Owner\Documents\Google Drive\Programs\Scripts\PowerShell\PsBootstrapCss\src\functions\public\ConvertTo-HtmlList.ps1&quot;)" time="0.0447" asserts="0" success="True" result="Success" executed="True" />
                </results>
              </test-suite>
            </results>
          </test-suite>
          <test-suite type="TestFixture" name="function 'Get-BootstrapTemplate.ps1'" executed="True" result="Success" success="True" time="0.738" asserts="0" description="function 'Get-BootstrapTemplate.ps1'">
            <results>
              <test-suite type="ParameterizedTest" name="function 'Get-BootstrapTemplate.ps1'.can be tokenized by the PowerShell parser without any errors" executed="True" result="Success" success="True" time="0.0386" asserts="0" description="can be tokenized by the PowerShell parser without any errors">
                <results>
                  <test-case description="can be tokenized by the PowerShell parser without any errors" name="function 'Get-BootstrapTemplate.ps1'.can be tokenized by the PowerShell parser without any errors(&quot;E:\Owner\Documents\Google Drive\Programs\Scripts\PowerShell\PsBootstrapCss\src\functions\public\Get-BootstrapTemplate.ps1&quot;)" time="0.0386" asserts="0" success="True" result="Success" executed="True" />
                </results>
              </test-suite>
              <test-suite type="ParameterizedTest" name="function 'Get-BootstrapTemplate.ps1'.runs without throwing errors" executed="True" result="Success" success="True" time="0.2141" asserts="0" description="runs without throwing errors">
                <results>
                  <test-case description="runs without throwing errors" name="function 'Get-BootstrapTemplate.ps1'.runs without throwing errors(&quot;E:\Owner\Documents\Google Drive\Programs\Scripts\PowerShell\PsBootstrapCss\src\functions\public\Get-BootstrapTemplate.ps1&quot;)" time="0.2141" asserts="0" success="True" result="Success" executed="True" />
                </results>
              </test-suite>
            </results>
          </test-suite>
          <test-suite type="TestFixture" name="function 'New-BootstrapAlert.ps1'" executed="True" result="Success" success="True" time="0.8014" asserts="0" description="function 'New-BootstrapAlert.ps1'">
            <results>
              <test-suite type="ParameterizedTest" name="function 'New-BootstrapAlert.ps1'.can be tokenized by the PowerShell parser without any errors" executed="True" result="Success" success="True" time="0.0092" asserts="0" description="can be tokenized by the PowerShell parser without any errors">
                <results>
                  <test-case description="can be tokenized by the PowerShell parser without any errors" name="function 'New-BootstrapAlert.ps1'.can be tokenized by the PowerShell parser without any errors(&quot;E:\Owner\Documents\Google Drive\Programs\Scripts\PowerShell\PsBootstrapCss\src\functions\public\New-BootstrapAlert.ps1&quot;)" time="0.0092" asserts="0" success="True" result="Success" executed="True" />
                </results>
              </test-suite>
              <test-suite type="ParameterizedTest" name="function 'New-BootstrapAlert.ps1'.runs without throwing errors" executed="True" result="Success" success="True" time="0.0467" asserts="0" description="runs without throwing errors">
                <results>
                  <test-case description="runs without throwing errors" name="function 'New-BootstrapAlert.ps1'.runs without throwing errors(&quot;E:\Owner\Documents\Google Drive\Programs\Scripts\PowerShell\PsBootstrapCss\src\functions\public\New-BootstrapAlert.ps1&quot;)" time="0.0467" asserts="0" success="True" result="Success" executed="True" />
                </results>
              </test-suite>
            </results>
          </test-suite>
          <test-suite type="TestFixture" name="function 'New-BootstrapColumn.ps1'" executed="True" result="Success" success="True" time="0.9681" asserts="0" description="function 'New-BootstrapColumn.ps1'">
            <results>
              <test-suite type="ParameterizedTest" name="function 'New-BootstrapColumn.ps1'.can be tokenized by the PowerShell parser without any errors" executed="True" result="Success" success="True" time="0.0553" asserts="0" description="can be tokenized by the PowerShell parser without any errors">
                <results>
                  <test-case description="can be tokenized by the PowerShell parser without any errors" name="function 'New-BootstrapColumn.ps1'.can be tokenized by the PowerShell parser without any errors(&quot;E:\Owner\Documents\Google Drive\Programs\Scripts\PowerShell\PsBootstrapCss\src\functions\public\New-BootstrapColumn.ps1&quot;)" time="0.0553" asserts="0" success="True" result="Success" executed="True" />
                </results>
              </test-suite>
              <test-suite type="ParameterizedTest" name="function 'New-BootstrapColumn.ps1'.runs without throwing errors" executed="True" result="Success" success="True" time="0.0975" asserts="0" description="runs without throwing errors">
                <results>
                  <test-case description="runs without throwing errors" name="function 'New-BootstrapColumn.ps1'.runs without throwing errors(&quot;E:\Owner\Documents\Google Drive\Programs\Scripts\PowerShell\PsBootstrapCss\src\functions\public\New-BootstrapColumn.ps1&quot;)" time="0.0975" asserts="0" success="True" result="Success" executed="True" />
                </results>
              </test-suite>
            </results>
          </test-suite>
          <test-suite type="TestFixture" name="function 'New-BootstrapDiv.ps1'" executed="True" result="Success" success="True" time="1.0496" asserts="0" description="function 'New-BootstrapDiv.ps1'">
            <results>
              <test-suite type="ParameterizedTest" name="function 'New-BootstrapDiv.ps1'.can be tokenized by the PowerShell parser without any errors" executed="True" result="Success" success="True" time="0.0279" asserts="0" description="can be tokenized by the PowerShell parser without any errors">
                <results>
                  <test-case description="can be tokenized by the PowerShell parser without any errors" name="function 'New-BootstrapDiv.ps1'.can be tokenized by the PowerShell parser without any errors(&quot;E:\Owner\Documents\Google Drive\Programs\Scripts\PowerShell\PsBootstrapCss\src\functions\public\New-BootstrapDiv.ps1&quot;)" time="0.0279" asserts="0" success="True" result="Success" executed="True" />
                </results>
              </test-suite>
              <test-suite type="ParameterizedTest" name="function 'New-BootstrapDiv.ps1'.runs without throwing errors" executed="True" result="Success" success="True" time="0.0439" asserts="0" description="runs without throwing errors">
                <results>
                  <test-case description="runs without throwing errors" name="function 'New-BootstrapDiv.ps1'.runs without throwing errors(&quot;E:\Owner\Documents\Google Drive\Programs\Scripts\PowerShell\PsBootstrapCss\src\functions\public\New-BootstrapDiv.ps1&quot;)" time="0.0439" asserts="0" success="True" result="Success" executed="True" />
                </results>
              </test-suite>
            </results>
          </test-suite>
          <test-suite type="TestFixture" name="function 'New-BootstrapDivWithHeading.ps1'" executed="True" result="Success" success="True" time="1.1157" asserts="0" description="function 'New-BootstrapDivWithHeading.ps1'">
            <results>
              <test-suite type="ParameterizedTest" name="function 'New-BootstrapDivWithHeading.ps1'.can be tokenized by the PowerShell parser without any errors" executed="True" result="Success" success="True" time="0.0285" asserts="0" description="can be tokenized by the PowerShell parser without any errors">
                <results>
                  <test-case description="can be tokenized by the PowerShell parser without any errors" name="function 'New-BootstrapDivWithHeading.ps1'.can be tokenized by the PowerShell parser without any errors(&quot;E:\Owner\Documents\Google Drive\Programs\Scripts\PowerShell\PsBootstrapCss\src\functions\public\New-BootstrapDivWithHeading.ps1&quot;)" time="0.0285" asserts="0" success="True" result="Success" executed="True" />
                </results>
              </test-suite>
              <test-suite type="ParameterizedTest" name="function 'New-BootstrapDivWithHeading.ps1'.runs without throwing errors" executed="True" result="Success" success="True" time="0.0316" asserts="0" description="runs without throwing errors">
                <results>
                  <test-case description="runs without throwing errors" name="function 'New-BootstrapDivWithHeading.ps1'.runs without throwing errors(&quot;E:\Owner\Documents\Google Drive\Programs\Scripts\PowerShell\PsBootstrapCss\src\functions\public\New-BootstrapDivWithHeading.ps1&quot;)" time="0.0316" asserts="0" success="True" result="Success" executed="True" />
                </results>
              </test-suite>
            </results>
          </test-suite>
          <test-suite type="TestFixture" name="function 'New-BootstrapGrid.ps1'" executed="True" result="Success" success="True" time="1.2012" asserts="0" description="function 'New-BootstrapGrid.ps1'">
            <results>
              <test-suite type="ParameterizedTest" name="function 'New-BootstrapGrid.ps1'.can be tokenized by the PowerShell parser without any errors" executed="True" result="Success" success="True" time="0.0169" asserts="0" description="can be tokenized by the PowerShell parser without any errors">
                <results>
                  <test-case description="can be tokenized by the PowerShell parser without any errors" name="function 'New-BootstrapGrid.ps1'.can be tokenized by the PowerShell parser without any errors(&quot;E:\Owner\Documents\Google Drive\Programs\Scripts\PowerShell\PsBootstrapCss\src\functions\public\New-BootstrapGrid.ps1&quot;)" time="0.0169" asserts="0" success="True" result="Success" executed="True" />
                </results>
              </test-suite>
              <test-suite type="ParameterizedTest" name="function 'New-BootstrapGrid.ps1'.runs without throwing errors" executed="True" result="Success" success="True" time="0.0621" asserts="0" description="runs without throwing errors">
                <results>
                  <test-case description="runs without throwing errors" name="function 'New-BootstrapGrid.ps1'.runs without throwing errors(&quot;E:\Owner\Documents\Google Drive\Programs\Scripts\PowerShell\PsBootstrapCss\src\functions\public\New-BootstrapGrid.ps1&quot;)" time="0.0621" asserts="0" success="True" result="Success" executed="True" />
                </results>
              </test-suite>
            </results>
          </test-suite>
          <test-suite type="TestFixture" name="function 'New-BootstrapList.ps1'" executed="True" result="Success" success="True" time="1.2701" asserts="0" description="function 'New-BootstrapList.ps1'">
            <results>
              <test-suite type="ParameterizedTest" name="function 'New-BootstrapList.ps1'.can be tokenized by the PowerShell parser without any errors" executed="True" result="Success" success="True" time="0.012" asserts="0" description="can be tokenized by the PowerShell parser without any errors">
                <results>
                  <test-case description="can be tokenized by the PowerShell parser without any errors" name="function 'New-BootstrapList.ps1'.can be tokenized by the PowerShell parser without any errors(&quot;E:\Owner\Documents\Google Drive\Programs\Scripts\PowerShell\PsBootstrapCss\src\functions\public\New-BootstrapList.ps1&quot;)" time="0.012" asserts="0" success="True" result="Success" executed="True" />
                </results>
              </test-suite>
              <test-suite type="ParameterizedTest" name="function 'New-BootstrapList.ps1'.runs without throwing errors" executed="True" result="Success" success="True" time="0.0492" asserts="0" description="runs without throwing errors">
                <results>
                  <test-case description="runs without throwing errors" name="function 'New-BootstrapList.ps1'.runs without throwing errors(&quot;E:\Owner\Documents\Google Drive\Programs\Scripts\PowerShell\PsBootstrapCss\src\functions\public\New-BootstrapList.ps1&quot;)" time="0.0492" asserts="0" success="True" result="Success" executed="True" />
                </results>
              </test-suite>
            </results>
          </test-suite>
          <test-suite type="TestFixture" name="function 'New-BootstrapPanel.ps1'" executed="True" result="Success" success="True" time="1.3487" asserts="0" description="function 'New-BootstrapPanel.ps1'">
            <results>
              <test-suite type="ParameterizedTest" name="function 'New-BootstrapPanel.ps1'.can be tokenized by the PowerShell parser without any errors" executed="True" result="Success" success="True" time="0.0134" asserts="0" description="can be tokenized by the PowerShell parser without any errors">
                <results>
                  <test-case description="can be tokenized by the PowerShell parser without any errors" name="function 'New-BootstrapPanel.ps1'.can be tokenized by the PowerShell parser without any errors(&quot;E:\Owner\Documents\Google Drive\Programs\Scripts\PowerShell\PsBootstrapCss\src\functions\public\New-BootstrapPanel.ps1&quot;)" time="0.0134" asserts="0" success="True" result="Success" executed="True" />
                </results>
              </test-suite>
              <test-suite type="ParameterizedTest" name="function 'New-BootstrapPanel.ps1'.runs without throwing errors" executed="True" result="Success" success="True" time="0.0465" asserts="0" description="runs without throwing errors">
                <results>
                  <test-case description="runs without throwing errors" name="function 'New-BootstrapPanel.ps1'.runs without throwing errors(&quot;E:\Owner\Documents\Google Drive\Programs\Scripts\PowerShell\PsBootstrapCss\src\functions\public\New-BootstrapPanel.ps1&quot;)" time="0.0465" asserts="0" success="True" result="Success" executed="True" />
                </results>
              </test-suite>
            </results>
          </test-suite>
          <test-suite type="TestFixture" name="function 'New-BootstrapReport.ps1'" executed="True" result="Success" success="True" time="1.4121" asserts="0" description="function 'New-BootstrapReport.ps1'">
            <results>
              <test-suite type="ParameterizedTest" name="function 'New-BootstrapReport.ps1'.can be tokenized by the PowerShell parser without any errors" executed="True" result="Success" success="True" time="0.011" asserts="0" description="can be tokenized by the PowerShell parser without any errors">
                <results>
                  <test-case description="can be tokenized by the PowerShell parser without any errors" name="function 'New-BootstrapReport.ps1'.can be tokenized by the PowerShell parser without any errors(&quot;E:\Owner\Documents\Google Drive\Programs\Scripts\PowerShell\PsBootstrapCss\src\functions\public\New-BootstrapReport.ps1&quot;)" time="0.011" asserts="0" success="True" result="Success" executed="True" />
                </results>
              </test-suite>
              <test-suite type="ParameterizedTest" name="function 'New-BootstrapReport.ps1'.runs without throwing errors" executed="True" result="Success" success="True" time="0.0425" asserts="0" description="runs without throwing errors">
                <results>
                  <test-case description="runs without throwing errors" name="function 'New-BootstrapReport.ps1'.runs without throwing errors(&quot;E:\Owner\Documents\Google Drive\Programs\Scripts\PowerShell\PsBootstrapCss\src\functions\public\New-BootstrapReport.ps1&quot;)" time="0.0425" asserts="0" success="True" result="Success" executed="True" />
                </results>
              </test-suite>
            </results>
          </test-suite>
          <test-suite type="TestFixture" name="function 'New-BootstrapTable.ps1'" executed="True" result="Success" success="True" time="1.467" asserts="0" description="function 'New-BootstrapTable.ps1'">
            <results>
              <test-suite type="ParameterizedTest" name="function 'New-BootstrapTable.ps1'.can be tokenized by the PowerShell parser without any errors" executed="True" result="Success" success="True" time="0.0062" asserts="0" description="can be tokenized by the PowerShell parser without any errors">
                <results>
                  <test-case description="can be tokenized by the PowerShell parser without any errors" name="function 'New-BootstrapTable.ps1'.can be tokenized by the PowerShell parser without any errors(&quot;E:\Owner\Documents\Google Drive\Programs\Scripts\PowerShell\PsBootstrapCss\src\functions\public\New-BootstrapTable.ps1&quot;)" time="0.0062" asserts="0" success="True" result="Success" executed="True" />
                </results>
              </test-suite>
              <test-suite type="ParameterizedTest" name="function 'New-BootstrapTable.ps1'.runs without throwing errors" executed="True" result="Success" success="True" time="0.0399" asserts="0" description="runs without throwing errors">
                <results>
                  <test-case description="runs without throwing errors" name="function 'New-BootstrapTable.ps1'.runs without throwing errors(&quot;E:\Owner\Documents\Google Drive\Programs\Scripts\PowerShell\PsBootstrapCss\src\functions\public\New-BootstrapTable.ps1&quot;)" time="0.0399" asserts="0" success="True" result="Success" executed="True" />
                </results>
              </test-suite>
            </results>
          </test-suite>
          <test-suite type="TestFixture" name="function 'New-HtmlAnchor.ps1'" executed="True" result="Success" success="True" time="1.5545" asserts="0" description="function 'New-HtmlAnchor.ps1'">
            <results>
              <test-suite type="ParameterizedTest" name="function 'New-HtmlAnchor.ps1'.can be tokenized by the PowerShell parser without any errors" executed="True" result="Success" success="True" time="0.0336" asserts="0" description="can be tokenized by the PowerShell parser without any errors">
                <results>
                  <test-case description="can be tokenized by the PowerShell parser without any errors" name="function 'New-HtmlAnchor.ps1'.can be tokenized by the PowerShell parser without any errors(&quot;E:\Owner\Documents\Google Drive\Programs\Scripts\PowerShell\PsBootstrapCss\src\functions\public\New-HtmlAnchor.ps1&quot;)" time="0.0336" asserts="0" success="True" result="Success" executed="True" />
                </results>
              </test-suite>
              <test-suite type="ParameterizedTest" name="function 'New-HtmlAnchor.ps1'.runs without throwing errors" executed="True" result="Success" success="True" time="0.048" asserts="0" description="runs without throwing errors">
                <results>
                  <test-case description="runs without throwing errors" name="function 'New-HtmlAnchor.ps1'.runs without throwing errors(&quot;E:\Owner\Documents\Google Drive\Programs\Scripts\PowerShell\PsBootstrapCss\src\functions\public\New-HtmlAnchor.ps1&quot;)" time="0.048" asserts="0" success="True" result="Success" executed="True" />
                </results>
              </test-suite>
            </results>
          </test-suite>
          <test-suite type="TestFixture" name="function 'New-HtmlHeading.ps1'" executed="True" result="Success" success="True" time="1.611" asserts="0" description="function 'New-HtmlHeading.ps1'">
            <results>
              <test-suite type="ParameterizedTest" name="function 'New-HtmlHeading.ps1'.can be tokenized by the PowerShell parser without any errors" executed="True" result="Success" success="True" time="0.0113" asserts="0" description="can be tokenized by the PowerShell parser without any errors">
                <results>
                  <test-case description="can be tokenized by the PowerShell parser without any errors" name="function 'New-HtmlHeading.ps1'.can be tokenized by the PowerShell parser without any errors(&quot;E:\Owner\Documents\Google Drive\Programs\Scripts\PowerShell\PsBootstrapCss\src\functions\public\New-HtmlHeading.ps1&quot;)" time="0.0113" asserts="0" success="True" result="Success" executed="True" />
                </results>
              </test-suite>
              <test-suite type="ParameterizedTest" name="function 'New-HtmlHeading.ps1'.runs without throwing errors" executed="True" result="Success" success="True" time="0.0379" asserts="0" description="runs without throwing errors">
                <results>
                  <test-case description="runs without throwing errors" name="function 'New-HtmlHeading.ps1'.runs without throwing errors(&quot;E:\Owner\Documents\Google Drive\Programs\Scripts\PowerShell\PsBootstrapCss\src\functions\public\New-HtmlHeading.ps1&quot;)" time="0.0379" asserts="0" success="True" result="Success" executed="True" />
                </results>
              </test-suite>
            </results>
          </test-suite>
          <test-suite type="TestFixture" name="function 'New-HtmlParagraph.ps1'" executed="True" result="Success" success="True" time="1.6719" asserts="0" description="function 'New-HtmlParagraph.ps1'">
            <results>
              <test-suite type="ParameterizedTest" name="function 'New-HtmlParagraph.ps1'.can be tokenized by the PowerShell parser without any errors" executed="True" result="Success" success="True" time="0.0094" asserts="0" description="can be tokenized by the PowerShell parser without any errors">
                <results>
                  <test-case description="can be tokenized by the PowerShell parser without any errors" name="function 'New-HtmlParagraph.ps1'.can be tokenized by the PowerShell parser without any errors(&quot;E:\Owner\Documents\Google Drive\Programs\Scripts\PowerShell\PsBootstrapCss\src\functions\public\New-HtmlParagraph.ps1&quot;)" time="0.0094" asserts="0" success="True" result="Success" executed="True" />
                </results>
              </test-suite>
              <test-suite type="ParameterizedTest" name="function 'New-HtmlParagraph.ps1'.runs without throwing errors" executed="True" result="Success" success="True" time="0.0396" asserts="0" description="runs without throwing errors">
                <results>
                  <test-case description="runs without throwing errors" name="function 'New-HtmlParagraph.ps1'.runs without throwing errors(&quot;E:\Owner\Documents\Google Drive\Programs\Scripts\PowerShell\PsBootstrapCss\src\functions\public\New-HtmlParagraph.ps1&quot;)" time="0.0396" asserts="0" success="True" result="Success" executed="True" />
                </results>
              </test-suite>
            </results>
          </test-suite>
        </results>
      </test-suite>
      <test-suite type="TestFixture" name="E:\Owner\Documents\Google Drive\Programs\Scripts\PowerShell\PsBootstrapCss\tests\Help.tests.ps1" executed="True" result="Failure" success="False" time="4.6884" asserts="0" description="E:\Owner\Documents\Google Drive\Programs\Scripts\PowerShell\PsBootstrapCss\tests\Help.tests.ps1">
        <results>
          <test-suite type="TestFixture" name="help for ConvertTo-BootstrapJavaScriptTable" executed="True" result="Failure" success="False" time="1.0113" asserts="0" description="help for ConvertTo-BootstrapJavaScriptTable">
            <results>
              <test-suite type="TestFixture" name="help for ConvertTo-BootstrapJavaScriptTable.- Help for parameter 'AllColumnsSearchable'" executed="True" result="Failure" success="False" time="0.5527" asserts="0" description="help for ConvertTo-BootstrapJavaScriptTable.- Help for parameter 'AllColumnsSearchable'">
                <results>
                  <test-case description="has a description" name="help for ConvertTo-BootstrapJavaScriptTable.- Help for parameter 'AllColumnsSearchable'.has a description" time="0.0179" asserts="0" success="True" result="Success" executed="True" />
                  <test-case description="has the correct [mandatory] value" name="help for ConvertTo-BootstrapJavaScriptTable.- Help for parameter 'AllColumnsSearchable'.has the correct [mandatory] value" time="0.037" asserts="0" success="True" result="Success" executed="True" />
                  <test-case description="has the correct parameter type" name="help for ConvertTo-BootstrapJavaScriptTable.- Help for parameter 'AllColumnsSearchable'.has the correct parameter type" time="0.1755" asserts="0" success="False" result="Failure" executed="True">
                    <failure>
                      <message>Expected strings to be the same, but they were different.
Expected length: 15
Actual length:   44
Strings differ at index 1.
Expected: 'SwitchParameter'
But was:  'System.Management.Automation.SwitchParameter'
           -^</message>
                      <stack-trace>at $parameterHelpType | Should -Be $parameter.ParameterType.Name, E:\Owner\Documents\Google Drive\Programs\Scripts\PowerShell\PsBootstrapCss\tests\Help.tests.ps1:114
at &lt;ScriptBlock&gt;, E:\Owner\Documents\Google Drive\Programs\Scripts\PowerShell\PsBootstrapCss\tests\Help.tests.ps1:114</stack-trace>
                    </failure>
                  </test-case>
                </results>
              </test-suite>
              <test-suite type="TestFixture" name="help for ConvertTo-BootstrapJavaScriptTable.- Help for parameter 'DataFilterControl'" executed="True" result="Failure" success="False" time="0.6163" asserts="0" description="help for ConvertTo-BootstrapJavaScriptTable.- Help for parameter 'DataFilterControl'">
                <results>
                  <test-case description="has a description" name="help for ConvertTo-BootstrapJavaScriptTable.- Help for parameter 'DataFilterControl'.has a description" time="0.005" asserts="0" success="True" result="Success" executed="True" />
                  <test-case description="has the correct [mandatory] value" name="help for ConvertTo-BootstrapJavaScriptTable.- Help for parameter 'DataFilterControl'.has the correct [mandatory] value" time="0.0303" asserts="0" success="True" result="Success" executed="True" />
                  <test-case description="has the correct parameter type" name="help for ConvertTo-BootstrapJavaScriptTable.- Help for parameter 'DataFilterControl'.has the correct parameter type" time="0.0186" asserts="0" success="False" result="Failure" executed="True">
                    <failure>
                      <message>Expected strings to be the same, but they were different.
Expected length: 15
Actual length:   44
Strings differ at index 1.
Expected: 'SwitchParameter'
But was:  'System.Management.Automation.SwitchParameter'
           -^</message>
                      <stack-trace>at $parameterHelpType | Should -Be $parameter.ParameterType.Name, E:\Owner\Documents\Google Drive\Programs\Scripts\PowerShell\PsBootstrapCss\tests\Help.tests.ps1:114
at &lt;ScriptBlock&gt;, E:\Owner\Documents\Google Drive\Programs\Scripts\PowerShell\PsBootstrapCss\tests\Help.tests.ps1:114</stack-trace>
                    </failure>
                  </test-case>
                </results>
              </test-suite>
              <test-suite type="TestFixture" name="help for ConvertTo-BootstrapJavaScriptTable.- Help for parameter 'DropdownColumn'" executed="True" result="Failure" success="False" time="0.6733" asserts="0" description="help for ConvertTo-BootstrapJavaScriptTable.- Help for parameter 'DropdownColumn'">
                <results>
                  <test-case description="has a description" name="help for ConvertTo-BootstrapJavaScriptTable.- Help for parameter 'DropdownColumn'.has a description" time="0.0115" asserts="0" success="True" result="Success" executed="True" />
                  <test-case description="has the correct [mandatory] value" name="help for ConvertTo-BootstrapJavaScriptTable.- Help for parameter 'DropdownColumn'.has the correct [mandatory] value" time="0.0099" asserts="0" success="True" result="Success" executed="True" />
                  <test-case description="has the correct parameter type" name="help for ConvertTo-BootstrapJavaScriptTable.- Help for parameter 'DropdownColumn'.has the correct parameter type" time="0.0268" asserts="0" success="False" result="Failure" executed="True">
                    <failure>
                      <message>Expected strings to be the same, but they were different.
Expected length: 8
Actual length:   15
Strings differ at index 1.
Expected: 'String[]'
But was:  'System.String[]'
           -^</message>
                      <stack-trace>at $parameterHelpType | Should -Be $parameter.ParameterType.Name, E:\Owner\Documents\Google Drive\Programs\Scripts\PowerShell\PsBootstrapCss\tests\Help.tests.ps1:114
at &lt;ScriptBlock&gt;, E:\Owner\Documents\Google Drive\Programs\Scripts\PowerShell\PsBootstrapCss\tests\Help.tests.ps1:114</stack-trace>
                    </failure>
                  </test-case>
                </results>
              </test-suite>
              <test-suite type="TestFixture" name="help for ConvertTo-BootstrapJavaScriptTable.- Help for parameter 'Id'" executed="True" result="Failure" success="False" time="0.7818" asserts="0" description="help for ConvertTo-BootstrapJavaScriptTable.- Help for parameter 'Id'">
                <results>
                  <test-case description="has a description" name="help for ConvertTo-BootstrapJavaScriptTable.- Help for parameter 'Id'.has a description" time="0.0119" asserts="0" success="True" result="Success" executed="True" />
                  <test-case description="has the correct [mandatory] value" name="help for ConvertTo-BootstrapJavaScriptTable.- Help for parameter 'Id'.has the correct [mandatory] value" time="0.0099" asserts="0" success="True" result="Success" executed="True" />
                  <test-case description="has the correct parameter type" name="help for ConvertTo-BootstrapJavaScriptTable.- Help for parameter 'Id'.has the correct parameter type" time="0.0252" asserts="0" success="False" result="Failure" executed="True">
                    <failure>
                      <message>Expected strings to be the same, but they were different.
Expected length: 6
Actual length:   13
Strings differ at index 1.
Expected: 'String'
But was:  'System.String'
           -^</message>
                      <stack-trace>at $parameterHelpType | Should -Be $parameter.ParameterType.Name, E:\Owner\Documents\Google Drive\Programs\Scripts\PowerShell\PsBootstrapCss\tests\Help.tests.ps1:114
at &lt;ScriptBlock&gt;, E:\Owner\Documents\Google Drive\Programs\Scripts\PowerShell\PsBootstrapCss\tests\Help.tests.ps1:114</stack-trace>
                    </failure>
                  </test-case>
                </results>
              </test-suite>
              <test-suite type="TestFixture" name="help for ConvertTo-BootstrapJavaScriptTable.- Help for parameter 'InputObject'" executed="True" result="Failure" success="False" time="0.8474" asserts="0" description="help for ConvertTo-BootstrapJavaScriptTable.- Help for parameter 'InputObject'">
                <results>
                  <test-case description="has a description" name="help for ConvertTo-BootstrapJavaScriptTable.- Help for parameter 'InputObject'.has a description" time="0.0194" asserts="0" success="True" result="Success" executed="True" />
                  <test-case description="has the correct [mandatory] value" name="help for ConvertTo-BootstrapJavaScriptTable.- Help for parameter 'InputObject'.has the correct [mandatory] value" time="0.0049" asserts="0" success="True" result="Success" executed="True" />
                  <test-case description="has the correct parameter type" name="help for ConvertTo-BootstrapJavaScriptTable.- Help for parameter 'InputObject'.has the correct parameter type" time="0.0312" asserts="0" success="False" result="Failure" executed="True">
                    <failure>
                      <message>Expected strings to be the same, but they were different.
Expected length: 6
Actual length:   13
Strings differ at index 0.
Expected: 'Object'
But was:  'System.Object'
           ^</message>
                      <stack-trace>at $parameterHelpType | Should -Be $parameter.ParameterType.Name, E:\Owner\Documents\Google Drive\Programs\Scripts\PowerShell\PsBootstrapCss\tests\Help.tests.ps1:114
at &lt;ScriptBlock&gt;, E:\Owner\Documents\Google Drive\Programs\Scripts\PowerShell\PsBootstrapCss\tests\Help.tests.ps1:114</stack-trace>
                    </failure>
                  </test-case>
                </results>
              </test-suite>
              <test-suite type="TestFixture" name="help for ConvertTo-BootstrapJavaScriptTable.- Help for parameter 'SearchableColumn'" executed="True" result="Failure" success="False" time="0.9098" asserts="0" description="help for ConvertTo-BootstrapJavaScriptTable.- Help for parameter 'SearchableColumn'">
                <results>
                  <test-case description="has a description" name="help for ConvertTo-BootstrapJavaScriptTable.- Help for parameter 'SearchableColumn'.has a description" time="0.0149" asserts="0" success="True" result="Success" executed="True" />
                  <test-case description="has the correct [mandatory] value" name="help for ConvertTo-BootstrapJavaScriptTable.- Help for parameter 'SearchableColumn'.has the correct [mandatory] value" time="0.0149" asserts="0" success="True" result="Success" executed="True" />
                  <test-case description="has the correct parameter type" name="help for ConvertTo-BootstrapJavaScriptTable.- Help for parameter 'SearchableColumn'.has the correct parameter type" time="0.0262" asserts="0" success="False" result="Failure" executed="True">
                    <failure>
                      <message>Expected strings to be the same, but they were different.
Expected length: 8
Actual length:   15
Strings differ at index 1.
Expected: 'String[]'
But was:  'System.String[]'
           -^</message>
                      <stack-trace>at $parameterHelpType | Should -Be $parameter.ParameterType.Name, E:\Owner\Documents\Google Drive\Programs\Scripts\PowerShell\PsBootstrapCss\tests\Help.tests.ps1:114
at &lt;ScriptBlock&gt;, E:\Owner\Documents\Google Drive\Programs\Scripts\PowerShell\PsBootstrapCss\tests\Help.tests.ps1:114</stack-trace>
                    </failure>
                  </test-case>
                </results>
              </test-suite>
              <test-suite type="TestFixture" name="help for ConvertTo-BootstrapJavaScriptTable.- Help for parameter 'UnsortableColumn'" executed="True" result="Failure" success="False" time="0.9767" asserts="0" description="help for ConvertTo-BootstrapJavaScriptTable.- Help for parameter 'UnsortableColumn'">
                <results>
                  <test-case description="has a description" name="help for ConvertTo-BootstrapJavaScriptTable.- Help for parameter 'UnsortableColumn'.has a description" time="0.0097" asserts="0" success="True" result="Success" executed="True" />
                  <test-case description="has the correct [mandatory] value" name="help for ConvertTo-BootstrapJavaScriptTable.- Help for parameter 'UnsortableColumn'.has the correct [mandatory] value" time="0.0136" asserts="0" success="True" result="Success" executed="True" />
                  <test-case description="has the correct parameter type" name="help for ConvertTo-BootstrapJavaScriptTable.- Help for parameter 'UnsortableColumn'.has the correct parameter type" time="0.0356" asserts="0" success="False" result="Failure" executed="True">
                    <failure>
                      <message>Expected strings to be the same, but they were different.
Expected length: 8
Actual length:   15
Strings differ at index 1.
Expected: 'String[]'
But was:  'System.String[]'
           -^</message>
                      <stack-trace>at $parameterHelpType | Should -Be $parameter.ParameterType.Name, E:\Owner\Documents\Google Drive\Programs\Scripts\PowerShell\PsBootstrapCss\tests\Help.tests.ps1:114
at &lt;ScriptBlock&gt;, E:\Owner\Documents\Google Drive\Programs\Scripts\PowerShell\PsBootstrapCss\tests\Help.tests.ps1:114</stack-trace>
                    </failure>
                  </test-case>
                </results>
              </test-suite>
              <test-case description="is not auto-generated" name="help for ConvertTo-BootstrapJavaScriptTable.is not auto-generated" time="0.0664" asserts="0" success="True" result="Success" executed="True" />
              <test-case description="has a description" name="help for ConvertTo-BootstrapJavaScriptTable.has a description" time="0.0508" asserts="0" success="True" result="Success" executed="True" />
              <test-case description="has example code" name="help for ConvertTo-BootstrapJavaScriptTable.has example code" time="0.0827" asserts="0" success="True" result="Success" executed="True" />
              <test-case description="has example help" name="help for ConvertTo-BootstrapJavaScriptTable.has example help" time="0.0917" asserts="0" success="True" result="Success" executed="True" />
            </results>
          </test-suite>
          <test-suite type="TestFixture" name="help for ConvertTo-BootstrapListGroup" executed="True" result="Success" success="True" time="1.1427" asserts="0" description="help for ConvertTo-BootstrapListGroup">
            <results>
              <test-suite type="TestFixture" name="help for ConvertTo-BootstrapListGroup.- Help for parameter 'HtmlList'" executed="True" result="Success" success="True" time="0.0989" asserts="0" description="help for ConvertTo-BootstrapListGroup.- Help for parameter 'HtmlList'">
                <results>
                  <test-case description="has a description" name="help for ConvertTo-BootstrapListGroup.- Help for parameter 'HtmlList'.has a description" time="0.0139" asserts="0" success="True" result="Success" executed="True" />
                  <test-case description="has the correct [mandatory] value" name="help for ConvertTo-BootstrapListGroup.- Help for parameter 'HtmlList'.has the correct [mandatory] value" time="0.0135" asserts="0" success="True" result="Success" executed="True" />
                  <test-case description="has the correct parameter type" name="help for ConvertTo-BootstrapListGroup.- Help for parameter 'HtmlList'.has the correct parameter type" time="0.014" asserts="0" success="True" result="Success" executed="True" />
                </results>
              </test-suite>
              <test-case description="is not auto-generated" name="help for ConvertTo-BootstrapListGroup.is not auto-generated" time="0.0096" asserts="0" success="True" result="Success" executed="True" />
              <test-case description="has a description" name="help for ConvertTo-BootstrapListGroup.has a description" time="0.0142" asserts="0" success="True" result="Success" executed="True" />
              <test-case description="has example code" name="help for ConvertTo-BootstrapListGroup.has example code" time="0.0108" asserts="0" success="True" result="Success" executed="True" />
              <test-case description="has example help" name="help for ConvertTo-BootstrapListGroup.has example help" time="0.0129" asserts="0" success="True" result="Success" executed="True" />
            </results>
          </test-suite>
          <test-suite type="TestFixture" name="help for ConvertTo-HtmlList" executed="True" result="Failure" success="False" time="1.4638" asserts="0" description="help for ConvertTo-HtmlList">
            <results>
              <test-suite type="TestFixture" name="help for ConvertTo-HtmlList.- Help for parameter 'InputObject'" executed="True" result="Failure" success="False" time="0.1353" asserts="0" description="help for ConvertTo-HtmlList.- Help for parameter 'InputObject'">
                <results>
                  <test-case description="has a description" name="help for ConvertTo-HtmlList.- Help for parameter 'InputObject'.has a description" time="0.0088" asserts="0" success="True" result="Success" executed="True" />
                  <test-case description="has the correct [mandatory] value" name="help for ConvertTo-HtmlList.- Help for parameter 'InputObject'.has the correct [mandatory] value" time="0.0343" asserts="0" success="True" result="Success" executed="True" />
                  <test-case description="has the correct parameter type" name="help for ConvertTo-HtmlList.- Help for parameter 'InputObject'.has the correct parameter type" time="0.0283" asserts="0" success="False" result="Failure" executed="True">
                    <failure>
                      <message>Expected strings to be the same, but they were different.
Expected length: 8
Actual length:   15
Strings differ at index 1.
Expected: 'String[]'
But was:  'System.String[]'
           -^</message>
                      <stack-trace>at $parameterHelpType | Should -Be $parameter.ParameterType.Name, E:\Owner\Documents\Google Drive\Programs\Scripts\PowerShell\PsBootstrapCss\tests\Help.tests.ps1:114
at &lt;ScriptBlock&gt;, E:\Owner\Documents\Google Drive\Programs\Scripts\PowerShell\PsBootstrapCss\tests\Help.tests.ps1:114</stack-trace>
                    </failure>
                  </test-case>
                </results>
              </test-suite>
              <test-suite type="TestFixture" name="help for ConvertTo-HtmlList.- Help for parameter 'Ordered'" executed="True" result="Failure" success="False" time="0.2853" asserts="0" description="help for ConvertTo-HtmlList.- Help for parameter 'Ordered'">
                <results>
                  <test-case description="has a description" name="help for ConvertTo-HtmlList.- Help for parameter 'Ordered'.has a description" time="0.063" asserts="0" success="True" result="Success" executed="True" />
                  <test-case description="has the correct [mandatory] value" name="help for ConvertTo-HtmlList.- Help for parameter 'Ordered'.has the correct [mandatory] value" time="0.0113" asserts="0" success="True" result="Success" executed="True" />
                  <test-case description="has the correct parameter type" name="help for ConvertTo-HtmlList.- Help for parameter 'Ordered'.has the correct parameter type" time="0.0531" asserts="0" success="False" result="Failure" executed="True">
                    <failure>
                      <message>Expected strings to be the same, but they were different.
Expected length: 15
Actual length:   44
Strings differ at index 1.
Expected: 'SwitchParameter'
But was:  'System.Management.Automation.SwitchParameter'
           -^</message>
                      <stack-trace>at $parameterHelpType | Should -Be $parameter.ParameterType.Name, E:\Owner\Documents\Google Drive\Programs\Scripts\PowerShell\PsBootstrapCss\tests\Help.tests.ps1:114
at &lt;ScriptBlock&gt;, E:\Owner\Documents\Google Drive\Programs\Scripts\PowerShell\PsBootstrapCss\tests\Help.tests.ps1:114</stack-trace>
                    </failure>
                  </test-case>
                </results>
              </test-suite>
              <test-case description="is not auto-generated" name="help for ConvertTo-HtmlList.is not auto-generated" time="0.0148" asserts="0" success="True" result="Success" executed="True" />
              <test-case description="has a description" name="help for ConvertTo-HtmlList.has a description" time="0.0107" asserts="0" success="True" result="Success" executed="True" />
              <test-case description="has example code" name="help for ConvertTo-HtmlList.has example code" time="0.0115" asserts="0" success="True" result="Success" executed="True" />
              <test-case description="has example help" name="help for ConvertTo-HtmlList.has example help" time="0.0155" asserts="0" success="True" result="Success" executed="True" />
            </results>
          </test-suite>
          <test-suite type="TestFixture" name="help for Get-BootstrapTemplate" executed="True" result="Success" success="True" time="1.5511" asserts="0" description="help for Get-BootstrapTemplate">
            <results>
              <test-case description="is not auto-generated" name="help for Get-BootstrapTemplate.is not auto-generated" time="0.0146" asserts="0" success="True" result="Success" executed="True" />
              <test-case description="has a description" name="help for Get-BootstrapTemplate.has a description" time="0.01" asserts="0" success="True" result="Success" executed="True" />
              <test-case description="has example code" name="help for Get-BootstrapTemplate.has example code" time="0.0095" asserts="0" success="True" result="Success" executed="True" />
              <test-case description="has example help" name="help for Get-BootstrapTemplate.has example help" time="0.0048" asserts="0" success="True" result="Success" executed="True" />
            </results>
          </test-suite>
          <test-suite type="TestFixture" name="help for New-BootstrapAlert" executed="True" result="Failure" success="False" time="2.0127" asserts="0" description="help for New-BootstrapAlert">
            <results>
              <test-suite type="TestFixture" name="help for New-BootstrapAlert.- Help for parameter 'Class'" executed="True" result="Failure" success="False" time="0.1985" asserts="0" description="help for New-BootstrapAlert.- Help for parameter 'Class'">
                <results>
                  <test-case description="has a description" name="help for New-BootstrapAlert.- Help for parameter 'Class'.has a description" time="0.0375" asserts="0" success="False" result="Failure" executed="True">
                    <failure>
                      <message>Expected a value, but got $null or empty.</message>
                      <stack-trace>at $parameterHelp.Description.Text | Should -Not -BeNullOrEmpty, E:\Owner\Documents\Google Drive\Programs\Scripts\PowerShell\PsBootstrapCss\tests\Help.tests.ps1:103
at &lt;ScriptBlock&gt;, E:\Owner\Documents\Google Drive\Programs\Scripts\PowerShell\PsBootstrapCss\tests\Help.tests.ps1:103</stack-trace>
                    </failure>
                  </test-case>
                  <test-case description="has the correct [mandatory] value" name="help for New-BootstrapAlert.- Help for parameter 'Class'.has the correct [mandatory] value" time="0.0084" asserts="0" success="True" result="Success" executed="True" />
                  <test-case description="has the correct parameter type" name="help for New-BootstrapAlert.- Help for parameter 'Class'.has the correct parameter type" time="0.0295" asserts="0" success="True" result="Success" executed="True" />
                </results>
              </test-suite>
              <test-suite type="TestFixture" name="help for New-BootstrapAlert.- Help for parameter 'Text'" executed="True" result="Success" success="True" time="0.397" asserts="0" description="help for New-BootstrapAlert.- Help for parameter 'Text'">
                <results>
                  <test-case description="has a description" name="help for New-BootstrapAlert.- Help for parameter 'Text'.has a description" time="0.01" asserts="0" success="True" result="Success" executed="True" />
                  <test-case description="has the correct [mandatory] value" name="help for New-BootstrapAlert.- Help for parameter 'Text'.has the correct [mandatory] value" time="0.1432" asserts="0" success="True" result="Success" executed="True" />
                  <test-case description="has the correct parameter type" name="help for New-BootstrapAlert.- Help for parameter 'Text'.has the correct parameter type" time="0.0323" asserts="0" success="True" result="Success" executed="True" />
                </results>
              </test-suite>
              <test-case description="is not auto-generated" name="help for New-BootstrapAlert.is not auto-generated" time="0.0743" asserts="0" success="True" result="Success" executed="True" />
              <test-case description="has a description" name="help for New-BootstrapAlert.has a description" time="0.0046" asserts="0" success="True" result="Success" executed="True" />
              <test-case description="has example code" name="help for New-BootstrapAlert.has example code" time="0.0125" asserts="0" success="True" result="Success" executed="True" />
              <test-case description="has example help" name="help for New-BootstrapAlert.has example help" time="0.0077" asserts="0" success="True" result="Success" executed="True" />
            </results>
          </test-suite>
          <test-suite type="TestFixture" name="help for New-BootstrapColumn" executed="True" result="Failure" success="False" time="2.3813" asserts="0" description="help for New-BootstrapColumn">
            <results>
              <test-suite type="TestFixture" name="help for New-BootstrapColumn.- Help for parameter 'Html'" executed="True" result="Success" success="True" time="0.1874" asserts="0" description="help for New-BootstrapColumn.- Help for parameter 'Html'">
                <results>
                  <test-case description="has a description" name="help for New-BootstrapColumn.- Help for parameter 'Html'.has a description" time="0.0146" asserts="0" success="True" result="Success" executed="True" />
                  <test-case description="has the correct [mandatory] value" name="help for New-BootstrapColumn.- Help for parameter 'Html'.has the correct [mandatory] value" time="0.0086" asserts="0" success="True" result="Success" executed="True" />
                  <test-case description="has the correct parameter type" name="help for New-BootstrapColumn.- Help for parameter 'Html'.has the correct parameter type" time="0.0082" asserts="0" success="True" result="Success" executed="True" />
                </results>
              </test-suite>
              <test-suite type="TestFixture" name="help for New-BootstrapColumn.- Help for parameter 'Width'" executed="True" result="Failure" success="False" time="0.2887" asserts="0" description="help for New-BootstrapColumn.- Help for parameter 'Width'">
                <results>
                  <test-case description="has a description" name="help for New-BootstrapColumn.- Help for parameter 'Width'.has a description" time="0.0377" asserts="0" success="False" result="Failure" executed="True">
                    <failure>
                      <message>Expected a value, but got $null or empty.</message>
                      <stack-trace>at $parameterHelp.Description.Text | Should -Not -BeNullOrEmpty, E:\Owner\Documents\Google Drive\Programs\Scripts\PowerShell\PsBootstrapCss\tests\Help.tests.ps1:103
at &lt;ScriptBlock&gt;, E:\Owner\Documents\Google Drive\Programs\Scripts\PowerShell\PsBootstrapCss\tests\Help.tests.ps1:103</stack-trace>
                    </failure>
                  </test-case>
                  <test-case description="has the correct [mandatory] value" name="help for New-BootstrapColumn.- Help for parameter 'Width'.has the correct [mandatory] value" time="0.0295" asserts="0" success="True" result="Success" executed="True" />
                  <test-case description="has the correct parameter type" name="help for New-BootstrapColumn.- Help for parameter 'Width'.has the correct parameter type" time="0.0195" asserts="0" success="True" result="Success" executed="True" />
                </results>
              </test-suite>
              <test-case description="is not auto-generated" name="help for New-BootstrapColumn.is not auto-generated" time="0.0971" asserts="0" success="True" result="Success" executed="True" />
              <test-case description="has a description" name="help for New-BootstrapColumn.has a description" time="0.0221" asserts="0" success="True" result="Success" executed="True" />
              <test-case description="has example code" name="help for New-BootstrapColumn.has example code" time="0.0065" asserts="0" success="True" result="Success" executed="True" />
              <test-case description="has example help" name="help for New-BootstrapColumn.has example help" time="0.0205" asserts="0" success="True" result="Success" executed="True" />
            </results>
          </test-suite>
          <test-suite type="TestFixture" name="help for New-BootstrapDiv" executed="True" result="Failure" success="False" time="2.5852" asserts="0" description="help for New-BootstrapDiv">
            <results>
              <test-suite type="TestFixture" name="help for New-BootstrapDiv.- Help for parameter 'Class'" executed="True" result="Failure" success="False" time="0.0997" asserts="0" description="help for New-BootstrapDiv.- Help for parameter 'Class'">
                <results>
                  <test-case description="has a description" name="help for New-BootstrapDiv.- Help for parameter 'Class'.has a description" time="0.0221" asserts="0" success="False" result="Failure" executed="True">
                    <failure>
                      <message>Expected a value, but got $null or empty.</message>
                      <stack-trace>at $parameterHelp.Description.Text | Should -Not -BeNullOrEmpty, E:\Owner\Documents\Google Drive\Programs\Scripts\PowerShell\PsBootstrapCss\tests\Help.tests.ps1:103
at &lt;ScriptBlock&gt;, E:\Owner\Documents\Google Drive\Programs\Scripts\PowerShell\PsBootstrapCss\tests\Help.tests.ps1:103</stack-trace>
                    </failure>
                  </test-case>
                  <test-case description="has the correct [mandatory] value" name="help for New-BootstrapDiv.- Help for parameter 'Class'.has the correct [mandatory] value" time="0.0166" asserts="0" success="True" result="Success" executed="True" />
                  <test-case description="has the correct parameter type" name="help for New-BootstrapDiv.- Help for parameter 'Class'.has the correct parameter type" time="0.0064" asserts="0" success="True" result="Success" executed="True" />
                </results>
              </test-suite>
              <test-suite type="TestFixture" name="help for New-BootstrapDiv.- Help for parameter 'Text'" executed="True" result="Success" success="True" time="0.1375" asserts="0" description="help for New-BootstrapDiv.- Help for parameter 'Text'">
                <results>
                  <test-case description="has a description" name="help for New-BootstrapDiv.- Help for parameter 'Text'.has a description" time="0.0057" asserts="0" success="True" result="Success" executed="True" />
                  <test-case description="has the correct [mandatory] value" name="help for New-BootstrapDiv.- Help for parameter 'Text'.has the correct [mandatory] value" time="0.0093" asserts="0" success="True" result="Success" executed="True" />
                  <test-case description="has the correct parameter type" name="help for New-BootstrapDiv.- Help for parameter 'Text'.has the correct parameter type" time="0.0072" asserts="0" success="True" result="Success" executed="True" />
                </results>
              </test-suite>
              <test-case description="is not auto-generated" name="help for New-BootstrapDiv.is not auto-generated" time="0.009" asserts="0" success="True" result="Success" executed="True" />
              <test-case description="has a description" name="help for New-BootstrapDiv.has a description" time="0.0122" asserts="0" success="True" result="Success" executed="True" />
              <test-case description="has example code" name="help for New-BootstrapDiv.has example code" time="0.0094" asserts="0" success="True" result="Success" executed="True" />
              <test-case description="has example help" name="help for New-BootstrapDiv.has example help" time="0.0131" asserts="0" success="True" result="Success" executed="True" />
            </results>
          </test-suite>
          <test-suite type="TestFixture" name="help for New-BootstrapDivWithHeading" executed="True" result="Failure" success="False" time="2.8494" asserts="0" description="help for New-BootstrapDivWithHeading">
            <results>
              <test-suite type="TestFixture" name="help for New-BootstrapDivWithHeading.- Help for parameter 'Content'" executed="True" result="Failure" success="False" time="0.0961" asserts="0" description="help for New-BootstrapDivWithHeading.- Help for parameter 'Content'">
                <results>
                  <test-case description="has a description" name="help for New-BootstrapDivWithHeading.- Help for parameter 'Content'.has a description" time="0.0108" asserts="0" success="True" result="Success" executed="True" />
                  <test-case description="has the correct [mandatory] value" name="help for New-BootstrapDivWithHeading.- Help for parameter 'Content'.has the correct [mandatory] value" time="0.0069" asserts="0" success="True" result="Success" executed="True" />
                  <test-case description="has the correct parameter type" name="help for New-BootstrapDivWithHeading.- Help for parameter 'Content'.has the correct parameter type" time="0.0167" asserts="0" success="False" result="Failure" executed="True">
                    <failure>
                      <message>Expected strings to be the same, but they were different.
Expected length: 6
Actual length:   13
Strings differ at index 1.
Expected: 'String'
But was:  'System.String'
           -^</message>
                      <stack-trace>at $parameterHelpType | Should -Be $parameter.ParameterType.Name, E:\Owner\Documents\Google Drive\Programs\Scripts\PowerShell\PsBootstrapCss\tests\Help.tests.ps1:114
at &lt;ScriptBlock&gt;, E:\Owner\Documents\Google Drive\Programs\Scripts\PowerShell\PsBootstrapCss\tests\Help.tests.ps1:114</stack-trace>
                    </failure>
                  </test-case>
                </results>
              </test-suite>
              <test-suite type="TestFixture" name="help for New-BootstrapDivWithHeading.- Help for parameter 'HeadingLevel'" executed="True" result="Failure" success="False" time="0.1339" asserts="0" description="help for New-BootstrapDivWithHeading.- Help for parameter 'HeadingLevel'">
                <results>
                  <test-case description="has a description" name="help for New-BootstrapDivWithHeading.- Help for parameter 'HeadingLevel'.has a description" time="0.0084" asserts="0" success="True" result="Success" executed="True" />
                  <test-case description="has the correct [mandatory] value" name="help for New-BootstrapDivWithHeading.- Help for parameter 'HeadingLevel'.has the correct [mandatory] value" time="0.0041" asserts="0" success="True" result="Success" executed="True" />
                  <test-case description="has the correct parameter type" name="help for New-BootstrapDivWithHeading.- Help for parameter 'HeadingLevel'.has the correct parameter type" time="0.0165" asserts="0" success="False" result="Failure" executed="True">
                    <failure>
                      <message>Expected strings to be the same, but they were different.
Expected length: 6
Actual length:   13
Strings differ at index 0.
Expected: 'UInt16'
But was:  'System.UInt16'
           ^</message>
                      <stack-trace>at $parameterHelpType | Should -Be $parameter.ParameterType.Name, E:\Owner\Documents\Google Drive\Programs\Scripts\PowerShell\PsBootstrapCss\tests\Help.tests.ps1:114
at &lt;ScriptBlock&gt;, E:\Owner\Documents\Google Drive\Programs\Scripts\PowerShell\PsBootstrapCss\tests\Help.tests.ps1:114</stack-trace>
                    </failure>
                  </test-case>
                </results>
              </test-suite>
              <test-suite type="TestFixture" name="help for New-BootstrapDivWithHeading.- Help for parameter 'HeadingsAndContent'" executed="True" result="Failure" success="False" time="0.182" asserts="0" description="help for New-BootstrapDivWithHeading.- Help for parameter 'HeadingsAndContent'">
                <results>
                  <test-case description="has a description" name="help for New-BootstrapDivWithHeading.- Help for parameter 'HeadingsAndContent'.has a description" time="0.0157" asserts="0" success="True" result="Success" executed="True" />
                  <test-case description="has the correct [mandatory] value" name="help for New-BootstrapDivWithHeading.- Help for parameter 'HeadingsAndContent'.has the correct [mandatory] value" time="0.006" asserts="0" success="True" result="Success" executed="True" />
                  <test-case description="has the correct parameter type" name="help for New-BootstrapDivWithHeading.- Help for parameter 'HeadingsAndContent'.has the correct parameter type" time="0.0187" asserts="0" success="False" result="Failure" executed="True">
                    <failure>
                      <message>Expected strings to be the same, but they were different.
Expected length: 9
Actual length:   28
Strings differ at index 0.
Expected: 'Hashtable'
But was:  'System.Collections.Hashtable'
           ^</message>
                      <stack-trace>at $parameterHelpType | Should -Be $parameter.ParameterType.Name, E:\Owner\Documents\Google Drive\Programs\Scripts\PowerShell\PsBootstrapCss\tests\Help.tests.ps1:114
at &lt;ScriptBlock&gt;, E:\Owner\Documents\Google Drive\Programs\Scripts\PowerShell\PsBootstrapCss\tests\Help.tests.ps1:114</stack-trace>
                    </failure>
                  </test-case>
                </results>
              </test-suite>
              <test-suite type="TestFixture" name="help for New-BootstrapDivWithHeading.- Help for parameter 'HeadingText'" executed="True" result="Failure" success="False" time="0.2467" asserts="0" description="help for New-BootstrapDivWithHeading.- Help for parameter 'HeadingText'">
                <results>
                  <test-case description="has a description" name="help for New-BootstrapDivWithHeading.- Help for parameter 'HeadingText'.has a description" time="0.0054" asserts="0" success="True" result="Success" executed="True" />
                  <test-case description="has the correct [mandatory] value" name="help for New-BootstrapDivWithHeading.- Help for parameter 'HeadingText'.has the correct [mandatory] value" time="0.0257" asserts="0" success="True" result="Success" executed="True" />
                  <test-case description="has the correct parameter type" name="help for New-BootstrapDivWithHeading.- Help for parameter 'HeadingText'.has the correct parameter type" time="0.0187" asserts="0" success="False" result="Failure" executed="True">
                    <failure>
                      <message>Expected strings to be the same, but they were different.
Expected length: 6
Actual length:   13
Strings differ at index 1.
Expected: 'String'
But was:  'System.String'
           -^</message>
                      <stack-trace>at $parameterHelpType | Should -Be $parameter.ParameterType.Name, E:\Owner\Documents\Google Drive\Programs\Scripts\PowerShell\PsBootstrapCss\tests\Help.tests.ps1:114
at &lt;ScriptBlock&gt;, E:\Owner\Documents\Google Drive\Programs\Scripts\PowerShell\PsBootstrapCss\tests\Help.tests.ps1:114</stack-trace>
                    </failure>
                  </test-case>
                </results>
              </test-suite>
              <test-case description="is not auto-generated" name="help for New-BootstrapDivWithHeading.is not auto-generated" time="0.0147" asserts="0" success="True" result="Success" executed="True" />
              <test-case description="has a description" name="help for New-BootstrapDivWithHeading.has a description" time="0.0038" asserts="0" success="True" result="Success" executed="True" />
              <test-case description="has example code" name="help for New-BootstrapDivWithHeading.has example code" time="0.0117" asserts="0" success="True" result="Success" executed="True" />
              <test-case description="has example help" name="help for New-BootstrapDivWithHeading.has example help" time="0.0095" asserts="0" success="True" result="Success" executed="True" />
            </results>
          </test-suite>
          <test-suite type="TestFixture" name="help for New-BootstrapGrid" executed="True" result="Failure" success="False" time="2.988" asserts="0" description="help for New-BootstrapGrid">
            <results>
              <test-suite type="TestFixture" name="help for New-BootstrapGrid.- Help for parameter 'Html'" executed="True" result="Success" success="True" time="0.0662" asserts="0" description="help for New-BootstrapGrid.- Help for parameter 'Html'">
                <results>
                  <test-case description="has a description" name="help for New-BootstrapGrid.- Help for parameter 'Html'.has a description" time="0.0101" asserts="0" success="True" result="Success" executed="True" />
                  <test-case description="has the correct [mandatory] value" name="help for New-BootstrapGrid.- Help for parameter 'Html'.has the correct [mandatory] value" time="0.0073" asserts="0" success="True" result="Success" executed="True" />
                  <test-case description="has the correct parameter type" name="help for New-BootstrapGrid.- Help for parameter 'Html'.has the correct parameter type" time="0.004" asserts="0" success="True" result="Success" executed="True" />
                </results>
              </test-suite>
              <test-suite type="TestFixture" name="help for New-BootstrapGrid.- Help for parameter 'Justify'" executed="True" result="Failure" success="False" time="0.1099" asserts="0" description="help for New-BootstrapGrid.- Help for parameter 'Justify'">
                <results>
                  <test-case description="has a description" name="help for New-BootstrapGrid.- Help for parameter 'Justify'.has a description" time="0.0246" asserts="0" success="False" result="Failure" executed="True">
                    <failure>
                      <message>Expected a value, but got $null or empty.</message>
                      <stack-trace>at $parameterHelp.Description.Text | Should -Not -BeNullOrEmpty, E:\Owner\Documents\Google Drive\Programs\Scripts\PowerShell\PsBootstrapCss\tests\Help.tests.ps1:103
at &lt;ScriptBlock&gt;, E:\Owner\Documents\Google Drive\Programs\Scripts\PowerShell\PsBootstrapCss\tests\Help.tests.ps1:103</stack-trace>
                    </failure>
                  </test-case>
                  <test-case description="has the correct [mandatory] value" name="help for New-BootstrapGrid.- Help for parameter 'Justify'.has the correct [mandatory] value" time="0.0052" asserts="0" success="True" result="Success" executed="True" />
                  <test-case description="has the correct parameter type" name="help for New-BootstrapGrid.- Help for parameter 'Justify'.has the correct parameter type" time="0.0069" asserts="0" success="True" result="Success" executed="True" />
                </results>
              </test-suite>
              <test-case description="is not auto-generated" name="help for New-BootstrapGrid.is not auto-generated" time="0.0105" asserts="0" success="True" result="Success" executed="True" />
              <test-case description="has a description" name="help for New-BootstrapGrid.has a description" time="0.0083" asserts="0" success="True" result="Success" executed="True" />
              <test-case description="has example code" name="help for New-BootstrapGrid.has example code" time="0.0049" asserts="0" success="True" result="Success" executed="True" />
              <test-case description="has example help" name="help for New-BootstrapGrid.has example help" time="0.0068" asserts="0" success="True" result="Success" executed="True" />
            </results>
          </test-suite>
          <test-suite type="TestFixture" name="help for New-BootstrapList" executed="True" result="Success" success="True" time="3.0867" asserts="0" description="help for New-BootstrapList">
            <results>
              <test-suite type="TestFixture" name="help for New-BootstrapList.- Help for parameter 'HtmlTable'" executed="True" result="Success" success="True" time="0.0742" asserts="0" description="help for New-BootstrapList.- Help for parameter 'HtmlTable'">
                <results>
                  <test-case description="has a description" name="help for New-BootstrapList.- Help for parameter 'HtmlTable'.has a description" time="0.0057" asserts="0" success="True" result="Success" executed="True" />
                  <test-case description="has the correct [mandatory] value" name="help for New-BootstrapList.- Help for parameter 'HtmlTable'.has the correct [mandatory] value" time="0.0076" asserts="0" success="True" result="Success" executed="True" />
                  <test-case description="has the correct parameter type" name="help for New-BootstrapList.- Help for parameter 'HtmlTable'.has the correct parameter type" time="0.0106" asserts="0" success="True" result="Success" executed="True" />
                </results>
              </test-suite>
              <test-case description="is not auto-generated" name="help for New-BootstrapList.is not auto-generated" time="0.0228" asserts="0" success="True" result="Success" executed="True" />
              <test-case description="has a description" name="help for New-BootstrapList.has a description" time="0.0039" asserts="0" success="True" result="Success" executed="True" />
              <test-case description="has example code" name="help for New-BootstrapList.has example code" time="0.0052" asserts="0" success="True" result="Success" executed="True" />
              <test-case description="has example help" name="help for New-BootstrapList.has example help" time="0.0082" asserts="0" success="True" result="Success" executed="True" />
            </results>
          </test-suite>
          <test-suite type="TestFixture" name="help for New-BootstrapPanel" executed="True" result="Failure" success="False" time="3.3192" asserts="0" description="help for New-BootstrapPanel">
            <results>
              <test-suite type="TestFixture" name="help for New-BootstrapPanel.- Help for parameter 'Class'" executed="True" result="Failure" success="False" time="0.0834" asserts="0" description="help for New-BootstrapPanel.- Help for parameter 'Class'">
                <results>
                  <test-case description="has a description" name="help for New-BootstrapPanel.- Help for parameter 'Class'.has a description" time="0.0188" asserts="0" success="False" result="Failure" executed="True">
                    <failure>
                      <message>Expected a value, but got $null or empty.</message>
                      <stack-trace>at $parameterHelp.Description.Text | Should -Not -BeNullOrEmpty, E:\Owner\Documents\Google Drive\Programs\Scripts\PowerShell\PsBootstrapCss\tests\Help.tests.ps1:103
at &lt;ScriptBlock&gt;, E:\Owner\Documents\Google Drive\Programs\Scripts\PowerShell\PsBootstrapCss\tests\Help.tests.ps1:103</stack-trace>
                    </failure>
                  </test-case>
                  <test-case description="has the correct [mandatory] value" name="help for New-BootstrapPanel.- Help for parameter 'Class'.has the correct [mandatory] value" time="0.0046" asserts="0" success="True" result="Success" executed="True" />
                  <test-case description="has the correct parameter type" name="help for New-BootstrapPanel.- Help for parameter 'Class'.has the correct parameter type" time="0.0148" asserts="0" success="True" result="Success" executed="True" />
                </results>
              </test-suite>
              <test-suite type="TestFixture" name="help for New-BootstrapPanel.- Help for parameter 'Footer'" executed="True" result="Failure" success="False" time="0.1231" asserts="0" description="help for New-BootstrapPanel.- Help for parameter 'Footer'">
                <results>
                  <test-case description="has a description" name="help for New-BootstrapPanel.- Help for parameter 'Footer'.has a description" time="0.0207" asserts="0" success="False" result="Failure" executed="True">
                    <failure>
                      <message>Expected a value, but got $null or empty.</message>
                      <stack-trace>at $parameterHelp.Description.Text | Should -Not -BeNullOrEmpty, E:\Owner\Documents\Google Drive\Programs\Scripts\PowerShell\PsBootstrapCss\tests\Help.tests.ps1:103
at &lt;ScriptBlock&gt;, E:\Owner\Documents\Google Drive\Programs\Scripts\PowerShell\PsBootstrapCss\tests\Help.tests.ps1:103</stack-trace>
                    </failure>
                  </test-case>
[...]
                  <test-case description="has a description" name="help for New-HtmlAnchor.- Help for parameter 'Name'.has a description" time="0.0045" asserts="0" success="True" result="Success" executed="True" />
                  <test-case description="has the correct [mandatory] value" name="help for New-HtmlAnchor.- Help for parameter 'Name'.has the correct [mandatory] value" time="0.0039" asserts="0" success="True" result="Success" executed="True" />
                  <test-case description="has the correct parameter type" name="help for New-HtmlAnchor.- Help for parameter 'Name'.has the correct parameter type" time="0.014" asserts="0" success="True" result="Success" executed="True" />
                </results>
              </test-suite>
              <test-case description="is not auto-generated" name="help for New-HtmlAnchor.is not auto-generated" time="0.0118" asserts="0" success="True" result="Success" executed="True" />
              <test-case description="has a description" name="help for New-HtmlAnchor.has a description" time="0.0047" asserts="0" success="True" result="Success" executed="True" />
              <test-case description="has example code" name="help for New-HtmlAnchor.has example code" time="0.0117" asserts="0" success="True" result="Success" executed="True" />
              <test-case description="has example help" name="help for New-HtmlAnchor.has example help" time="0.0154" asserts="0" success="False" result="Failure" executed="True">
                <failure>
                  <message>Expected a value, but got $null or empty.</message>
                  <stack-trace>at ($commandHelp.Examples.Example.Remarks | Select-Object -First 1).Text | Should -Not -BeNullOrEmpty, E:\Owner\Documents\Google Drive\Programs\Scripts\PowerShell\PsBootstrapCss\tests\Help.tests.ps1:85
at &lt;ScriptBlock&gt;, E:\Owner\Documents\Google Drive\Programs\Scripts\PowerShell\PsBootstrapCss\tests\Help.tests.ps1:85</stack-trace>
                </failure>
              </test-case>
            </results>
          </test-suite>
          <test-suite type="TestFixture" name="help for New-HtmlHeading" executed="True" result="Failure" success="False" time="3.9359" asserts="0" description="help for New-HtmlHeading">
            <results>
              <test-suite type="TestFixture" name="help for New-HtmlHeading.- Help for parameter 'Level'" executed="True" result="Success" success="True" time="0.0724" asserts="0" description="help for New-HtmlHeading.- Help for parameter 'Level'">
                <results>
                  <test-case description="has a description" name="help for New-HtmlHeading.- Help for parameter 'Level'.has a description" time="0.0066" asserts="0" success="True" result="Success" executed="True" />
                  <test-case description="has the correct [mandatory] value" name="help for New-HtmlHeading.- Help for parameter 'Level'.has the correct [mandatory] value" time="0.0075" asserts="0" success="True" result="Success" executed="True" />
                  <test-case description="has the correct parameter type" name="help for New-HtmlHeading.- Help for parameter 'Level'.has the correct parameter type" time="0.0064" asserts="0" success="True" result="Success" executed="True" />
                </results>
              </test-suite>
              <test-suite type="TestFixture" name="help for New-HtmlHeading.- Help for parameter 'Text'" executed="True" result="Success" success="True" time="0.1051" asserts="0" description="help for New-HtmlHeading.- Help for parameter 'Text'">
                <results>
                  <test-case description="has a description" name="help for New-HtmlHeading.- Help for parameter 'Text'.has a description" time="0.0124" asserts="0" success="True" result="Success" executed="True" />
                  <test-case description="has the correct [mandatory] value" name="help for New-HtmlHeading.- Help for parameter 'Text'.has the correct [mandatory] value" time="0.0064" asserts="0" success="True" result="Success" executed="True" />
                  <test-case description="has the correct parameter type" name="help for New-HtmlHeading.- Help for parameter 'Text'.has the correct parameter type" time="0.0037" asserts="0" success="True" result="Success" executed="True" />
                </results>
              </test-suite>
              <test-case description="is not auto-generated" name="help for New-HtmlHeading.is not auto-generated" time="0.0176" asserts="0" success="True" result="Success" executed="True" />
              <test-case description="has a description" name="help for New-HtmlHeading.has a description" time="0.0037" asserts="0" success="True" result="Success" executed="True" />
              <test-case description="has example code" name="help for New-HtmlHeading.has example code" time="0.0043" asserts="0" success="True" result="Success" executed="True" />
              <test-case description="has example help" name="help for New-HtmlHeading.has example help" time="0.0168" asserts="0" success="False" result="Failure" executed="True">
                <failure>
                  <message>Expected a value, but got $null or empty.</message>
                  <stack-trace>at ($commandHelp.Examples.Example.Remarks | Select-Object -First 1).Text | Should -Not -BeNullOrEmpty, E:\Owner\Documents\Google Drive\Programs\Scripts\PowerShell\PsBootstrapCss\tests\Help.tests.ps1:85
at &lt;ScriptBlock&gt;, E:\Owner\Documents\Google Drive\Programs\Scripts\PowerShell\PsBootstrapCss\tests\Help.tests.ps1:85</stack-trace>
                </failure>
              </test-case>
            </results>
          </test-suite>
          <test-suite type="TestFixture" name="help for New-HtmlParagraph" executed="True" result="Failure" success="False" time="4.0642" asserts="0" description="help for New-HtmlParagraph">
            <results>
              <test-suite type="TestFixture" name="help for New-HtmlParagraph.- Help for parameter 'Level'" executed="True" result="Success" success="True" time="0.0646" asserts="0" description="help for New-HtmlParagraph.- Help for parameter 'Level'">
                <results>
                  <test-case description="has a description" name="help for New-HtmlParagraph.- Help for parameter 'Level'.has a description" time="0.0068" asserts="0" success="True" result="Success" executed="True" />
                  <test-case description="has the correct [mandatory] value" name="help for New-HtmlParagraph.- Help for parameter 'Level'.has the correct [mandatory] value" time="0.0049" asserts="0" success="True" result="Success" executed="True" />
                  <test-case description="has the correct parameter type" name="help for New-HtmlParagraph.- Help for parameter 'Level'.has the correct parameter type" time="0.0076" asserts="0" success="True" result="Success" executed="True" />
                </results>
              </test-suite>
              <test-suite type="TestFixture" name="help for New-HtmlParagraph.- Help for parameter 'Text'" executed="True" result="Success" success="True" time="0.0985" asserts="0" description="help for New-HtmlParagraph.- Help for parameter 'Text'">
                <results>
                  <test-case description="has a description" name="help for New-HtmlParagraph.- Help for parameter 'Text'.has a description" time="0.006" asserts="0" success="True" result="Success" executed="True" />
                  <test-case description="has the correct [mandatory] value" name="help for New-HtmlParagraph.- Help for parameter 'Text'.has the correct [mandatory] value" time="0.006" asserts="0" success="True" result="Success" executed="True" />
                  <test-case description="has the correct parameter type" name="help for New-HtmlParagraph.- Help for parameter 'Text'.has the correct parameter type" time="0.0072" asserts="0" success="True" result="Success" executed="True" />
                </results>
              </test-suite>
              <test-case description="is not auto-generated" name="help for New-HtmlParagraph.is not auto-generated" time="0.0092" asserts="0" success="True" result="Success" executed="True" />
              <test-case description="has a description" name="help for New-HtmlParagraph.has a description" time="0.0041" asserts="0" success="True" result="Success" executed="True" />
              <test-case description="has example code" name="help for New-HtmlParagraph.has example code" time="0.0052" asserts="0" success="True" result="Success" executed="True" />
              <test-case description="has example help" name="help for New-HtmlParagraph.has example help" time="0.0175" asserts="0" success="False" result="Failure" executed="True">
                <failure>
                  <message>Expected a value, but got $null or empty.</message>
                  <stack-trace>at ($commandHelp.Examples.Example.Remarks | Select-Object -First 1).Text | Should -Not -BeNullOrEmpty, E:\Owner\Documents\Google Drive\Programs\Scripts\PowerShell\PsBootstrapCss\tests\Help.tests.ps1:85
at &lt;ScriptBlock&gt;, E:\Owner\Documents\Google Drive\Programs\Scripts\PowerShell\PsBootstrapCss\tests\Help.tests.ps1:85</stack-trace>
                </failure>
              </test-case>
            </results>
          </test-suite>
        </results>
      </test-suite>
      <test-suite type="TestFixture" name="E:\Owner\Documents\Google Drive\Programs\Scripts\PowerShell\PsBootstrapCss\tests\Manifest.tests.ps1" executed="True" result="Failure" success="False" time="0.3354" asserts="0" description="E:\Owner\Documents\Google Drive\Programs\Scripts\PowerShell\PsBootstrapCss\tests\Manifest.tests.ps1">
        <results>
          <test-suite type="TestFixture" name="module manifest 'PsBootstrapCss.psd1'" executed="True" result="Failure" success="False" time="0.1037" asserts="0" description="module manifest 'PsBootstrapCss.psd1'">
            <results>
              <test-suite type="TestFixture" name="module manifest 'PsBootstrapCss.psd1'.- Validation" executed="True" result="Failure" success="False" time="0.0991" asserts="0" description="module manifest 'PsBootstrapCss.psd1'.- Validation">
                <results>
                  <test-case description="is a valid manifest" name="module manifest 'PsBootstrapCss.psd1'.- Validation.is a valid manifest" time="0.0108" asserts="0" success="True" result="Success" executed="True" />
                  <test-case description="has a valid name in the manifest" name="module manifest 'PsBootstrapCss.psd1'.- Validation.has a valid name in the manifest" time="0.0072" asserts="0" success="True" result="Success" executed="True" />
                  <test-case description="has a valid root module" name="module manifest 'PsBootstrapCss.psd1'.- Validation.has a valid root module" time="0.0201" asserts="0" success="False" result="Failure" executed="True">
                    <failure>
                      <message>Expected strings to be the same, but they were different.
Expected length: 14
Actual length:   19
Strings differ at index 14.
Expected: 'PsBootstrapCss'
But was:  'PsBootstrapCss.psm1'
           --------------^</message>
                      <stack-trace>at $manifestData.RootModule | Should -Be $moduleName, E:\Owner\Documents\Google Drive\Programs\Scripts\PowerShell\PsBootstrapCss\tests\Manifest.tests.ps1:36
at &lt;ScriptBlock&gt;, E:\Owner\Documents\Google Drive\Programs\Scripts\PowerShell\PsBootstrapCss\tests\Manifest.tests.ps1:36</stack-trace>
                    </failure>
                  </test-case>
                  <test-case description="has a valid version" name="module manifest 'PsBootstrapCss.psd1'.- Validation.has a valid version" time="0.0098" asserts="0" success="True" result="Success" executed="True" />
                  <test-case description="has a valid description" name="module manifest 'PsBootstrapCss.psd1'.- Validation.has a valid description" time="0.006" asserts="0" success="True" result="Success" executed="True" />
                  <test-case description="has a valid author" name="module manifest 'PsBootstrapCss.psd1'.- Validation.has a valid author" time="0.0111" asserts="0" success="True" result="Success" executed="True" />
                  <test-case description="has a valid guid" name="module manifest 'PsBootstrapCss.psd1'.- Validation.has a valid guid" time="0.0152" asserts="0" success="True" result="Success" executed="True" />
                  <test-case description="has a valid copyright" name="module manifest 'PsBootstrapCss.psd1'.- Validation.has a valid copyright" time="0.0103" asserts="0" success="True" result="Success" executed="True" />
                </results>
              </test-suite>
            </results>
          </test-suite>
          <test-suite type="TestFixture" name="Git tagging" executed="True" result="Ignored" success="True" time="0.1316" asserts="0" description="Git tagging">
            <results>
              <test-suite type="TestFixture" name="Git tagging.- Git tag version ''" executed="True" result="Ignored" success="True" time="0.0226" asserts="0" description="Git tagging.- Git tag version ''">
                <results>
                  <test-case description="is a valid version" name="Git tagging.- Git tag version ''.is a valid version" time="0.0086" asserts="0" success="False" result="Ignored" executed="False" />
                  <test-case description="matches the module manifest version" name="Git tagging.- Git tag version ''.matches the module manifest version" time="0.0056" asserts="0" success="False" result="Ignored" executed="False" />
                </results>
              </test-suite>
            </results>
          </test-suite>
        </results>
      </test-suite>
      <test-suite type="TestFixture" name="E:\Owner\Documents\Google Drive\Programs\Scripts\PowerShell\PsBootstrapCss\tests\Metadata.tests.ps1" executed="True" result="Success" success="True" time="0.3234" asserts="0" description="E:\Owner\Documents\Google Drive\Programs\Scripts\PowerShell\PsBootstrapCss\tests\Metadata.tests.ps1">
        <results>
          <test-suite type="TestFixture" name="text files" executed="True" result="Success" success="True" time="0.0326" asserts="0" description="text files">
            <results>
              <test-suite type="TestFixture" name="text files.- File Encoding" executed="True" result="Success" success="True" time="0.0093" asserts="0" description="text files.- File Encoding">
                <results>
                  <test-case description="do not use Unicode/UTF-16 encoding" name="text files.- File Encoding.do not use Unicode/UTF-16 encoding" time="0.0063" asserts="0" success="True" result="Success" executed="True" />
                </results>
              </test-suite>
              <test-suite type="TestFixture" name="text files.- Indentations" executed="True" result="Success" success="True" time="0.02" asserts="0" description="text files.- Indentations">
                <results>
                  <test-case description="do not use tabs for indentations" name="text files.- Indentations.do not use tabs for indentations" time="0.0072" asserts="0" success="True" result="Success" executed="True" />
                </results>
              </test-suite>
            </results>
          </test-suite>
        </results>
      </test-suite>
      <test-suite type="TestFixture" name="E:\Owner\Documents\Google Drive\Programs\Scripts\PowerShell\PsBootstrapCss\tests\Module.tests.ps1" executed="True" result="Success" success="True" time="0.2653" asserts="0" description="E:\Owner\Documents\Google Drive\Programs\Scripts\PowerShell\PsBootstrapCss\tests\Module.tests.ps1">
        <results>
          <test-suite type="TestFixture" name="PowerShell files in module 'PsBootstrapCss'" executed="True" result="Success" success="True" time="0.067" asserts="0" description="PowerShell files in module 'PsBootstrapCss'">
            <results>
              <test-suite type="ParameterizedTest" name="PowerShell files in module 'PsBootstrapCss'.'&lt;Script&gt;' can be tokenized by the PowerShell parser without any errors" executed="True" result="Success" success="True" time="0.0604" asserts="0" description="'&lt;Script&gt;' can be tokenized by the PowerShell parser without any errors">
                <results>
                  <test-case description="'E:\Owner\Documents\Google Drive\Programs\Scripts\PowerShell\PsBootstrapCss\dist\1.0.10\PsBootstrapCss\PsBootstrapCss.psd1' can be tokenized by the PowerShell parser without any errors" name="PowerShell files in module 'PsBootstrapCss'.'E:\Owner\Documents\Google Drive\Programs\Scripts\PowerShell\PsBootstrapCss\dist\1.0.10\PsBootstrapCss\PsBootstrapCss.psd1' can be tokenized by the PowerShell parser without any errors" time="0.0393" asserts="0" success="True" result="Success" executed="True" />
                  <test-case description="'E:\Owner\Documents\Google Drive\Programs\Scripts\PowerShell\PsBootstrapCss\dist\1.0.10\PsBootstrapCss\PsBootstrapCss.psm1' can be tokenized by the PowerShell parser without any errors" name="PowerShell files in module 'PsBootstrapCss'.'E:\Owner\Documents\Google Drive\Programs\Scripts\PowerShell\PsBootstrapCss\dist\1.0.10\PsBootstrapCss\PsBootstrapCss.psm1' can be tokenized by the PowerShell parser without any errors" time="0.0211" asserts="0" success="True" result="Success" executed="True" />
                </results>
              </test-suite>
            </results>
          </test-suite>
          <test-suite type="TestFixture" name="module 'PsBootstrapCss'" executed="True" result="Success" success="True" time="0.0927" asserts="0" description="module 'PsBootstrapCss'">
            <results>
              <test-suite type="ParameterizedTest" name="module 'PsBootstrapCss'.can be imported without any errors" executed="True" result="Success" success="True" time="0.0169" asserts="0" description="can be imported without any errors">
                <results>
                  <test-case description="can be imported without any errors" name="module 'PsBootstrapCss'.can be imported without any errors(&quot;E:\Owner\Documents\Google Drive\Programs\Scripts\PowerShell\PsBootstrapCss\dist\1.0.10\PsBootstrapCss\PsBootstrapCss.psm1&quot;)" time="0.0169" asserts="0" success="True" result="Success" executed="True" />
                </results>
              </test-suite>
            </results>
          </test-suite>
        </results>
      </test-suite>
      <test-suite type="TestFixture" name="E:\Owner\Documents\Google Drive\Programs\Scripts\PowerShell\PsBootstrapCss\tests\Project.tests.ps1" executed="True" result="Success" success="True" time="0.1823" asserts="0" description="E:\Owner\Documents\Google Drive\Programs\Scripts\PowerShell\PsBootstrapCss\tests\Project.tests.ps1">
        <results>
          <test-suite type="TestFixture" name="change log" executed="True" result="Success" success="True" time="0.0253" asserts="0" description="change log">
            <results>
              <test-suite type="TestFixture" name="change log.- Version" executed="True" result="Success" success="True" time="0.0228" asserts="0" description="change log.- Version">
                <results>
                  <test-case description="has a valid version" name="change log.- Version.has a valid version" time="0.0091" asserts="0" success="True" result="Success" executed="True" />
                  <test-case description="has the same version as the manifest" name="change log.- Version.has the same version as the manifest" time="0.0075" asserts="0" success="True" result="Success" executed="True" />
                </results>
              </test-suite>
            </results>
          </test-suite>
        </results>
      </test-suite>
    </results>
  </test-suite>
</test-results>