<?xml version="1.0" encoding="utf-8" standalone="no"?>
<test-results xmlns:xsi="http://www.w3.org/2001/XMLSchema-instance" xsi:noNamespaceSchemaLocation="nunit_schema_2.5.xsd" name="Pester" total="320" errors="0" failures="76" not-run="0" inconclusive="0" ignored="0" skipped="2" invalid="0" date="2024-03-25" time="23:25:42">
  <environment os-version="10.0.19044" nunit-version="2.5.8.0" user-domain="JLA-LoftHTPC" user="Owner" platform="Microsoft Windows 10 Pro|C:\WINDOWS|\Device\Harddisk0\Partition2" cwd="E:\Owner\Documents\Google Drive\Programs\Scripts\PowerShell\PsBootstrapCss\tests" machine-name="JLA-LOFTHTPC" clr-version="Unknown" />
  <culture-info current-culture="en-US" current-uiculture="en-US" />
  <test-suite type="TestFixture" name="Pester" executed="True" result="Failure" success="False" time="5.5931" asserts="0" description="Pester">
    <results>
      <test-suite type="TestFixture" name="E:\Owner\Documents\Google Drive\Programs\Scripts\PowerShell\PsBootstrapCss\tests\Function.tests.ps1" executed="True" result="Success" success="True" time="0.7086" asserts="0" description="E:\Owner\Documents\Google Drive\Programs\Scripts\PowerShell\PsBootstrapCss\tests\Function.tests.ps1">
        <results>
          <test-suite type="TestFixture" name="function 'ConvertTo-BootstrapJavaScriptTable.ps1'" executed="True" result="Success" success="True" time="0.0221" asserts="0" description="function 'ConvertTo-BootstrapJavaScriptTable.ps1'">
            <results>
              <test-suite type="ParameterizedTest" name="function 'ConvertTo-BootstrapJavaScriptTable.ps1'.can be tokenized by the PowerShell parser without any errors" executed="True" result="Success" success="True" time="0.009" asserts="0" description="can be tokenized by the PowerShell parser without any errors">
                <results>
                  <test-case description="can be tokenized by the PowerShell parser without any errors" name="function 'ConvertTo-BootstrapJavaScriptTable.ps1'.can be tokenized by the PowerShell parser without any errors(&quot;E:\Owner\Documents\Google Drive\Programs\Scripts\PowerShell\PsBootstrapCss\src\functions\public\ConvertTo-BootstrapJavaScriptTable.ps1&quot;)" time="0.009" asserts="0" success="True" result="Success" executed="True" />
                </results>
              </test-suite>
              <test-suite type="ParameterizedTest" name="function 'ConvertTo-BootstrapJavaScriptTable.ps1'.runs without throwing errors" executed="True" result="Success" success="True" time="0.0056" asserts="0" description="runs without throwing errors">
                <results>
                  <test-case description="runs without throwing errors" name="function 'ConvertTo-BootstrapJavaScriptTable.ps1'.runs without throwing errors(&quot;E:\Owner\Documents\Google Drive\Programs\Scripts\PowerShell\PsBootstrapCss\src\functions\public\ConvertTo-BootstrapJavaScriptTable.ps1&quot;)" time="0.0056" asserts="0" success="True" result="Success" executed="True" />
                </results>
              </test-suite>
            </results>
          </test-suite>
          <test-suite type="TestFixture" name="function 'ConvertTo-BootstrapListGroup.ps1'" executed="True" result="Success" success="True" time="0.0405" asserts="0" description="function 'ConvertTo-BootstrapListGroup.ps1'">
            <results>
              <test-suite type="ParameterizedTest" name="function 'ConvertTo-BootstrapListGroup.ps1'.can be tokenized by the PowerShell parser without any errors" executed="True" result="Success" success="True" time="0.0073" asserts="0" description="can be tokenized by the PowerShell parser without any errors">
                <results>
                  <test-case description="can be tokenized by the PowerShell parser without any errors" name="function 'ConvertTo-BootstrapListGroup.ps1'.can be tokenized by the PowerShell parser without any errors(&quot;E:\Owner\Documents\Google Drive\Programs\Scripts\PowerShell\PsBootstrapCss\src\functions\public\ConvertTo-BootstrapListGroup.ps1&quot;)" time="0.0073" asserts="0" success="True" result="Success" executed="True" />
                </results>
              </test-suite>
              <test-suite type="ParameterizedTest" name="function 'ConvertTo-BootstrapListGroup.ps1'.runs without throwing errors" executed="True" result="Success" success="True" time="0.0078" asserts="0" description="runs without throwing errors">
                <results>
                  <test-case description="runs without throwing errors" name="function 'ConvertTo-BootstrapListGroup.ps1'.runs without throwing errors(&quot;E:\Owner\Documents\Google Drive\Programs\Scripts\PowerShell\PsBootstrapCss\src\functions\public\ConvertTo-BootstrapListGroup.ps1&quot;)" time="0.0078" asserts="0" success="True" result="Success" executed="True" />
                </results>
              </test-suite>
            </results>
          </test-suite>
          <test-suite type="TestFixture" name="function 'ConvertTo-BootstrapTableScript.ps1'" executed="True" result="Success" success="True" time="0.063" asserts="0" description="function 'ConvertTo-BootstrapTableScript.ps1'">
            <results>
              <test-suite type="ParameterizedTest" name="function 'ConvertTo-BootstrapTableScript.ps1'.can be tokenized by the PowerShell parser without any errors" executed="True" result="Success" success="True" time="0.0069" asserts="0" description="can be tokenized by the PowerShell parser without any errors">
                <results>
                  <test-case description="can be tokenized by the PowerShell parser without any errors" name="function 'ConvertTo-BootstrapTableScript.ps1'.can be tokenized by the PowerShell parser without any errors(&quot;E:\Owner\Documents\Google Drive\Programs\Scripts\PowerShell\PsBootstrapCss\src\functions\public\ConvertTo-BootstrapTableScript.ps1&quot;)" time="0.0069" asserts="0" success="True" result="Success" executed="True" />
                </results>
              </test-suite>
              <test-suite type="ParameterizedTest" name="function 'ConvertTo-BootstrapTableScript.ps1'.runs without throwing errors" executed="True" result="Success" success="True" time="0.0112" asserts="0" description="runs without throwing errors">
                <results>
                  <test-case description="runs without throwing errors" name="function 'ConvertTo-BootstrapTableScript.ps1'.runs without throwing errors(&quot;E:\Owner\Documents\Google Drive\Programs\Scripts\PowerShell\PsBootstrapCss\src\functions\public\ConvertTo-BootstrapTableScript.ps1&quot;)" time="0.0112" asserts="0" success="True" result="Success" executed="True" />
                </results>
              </test-suite>
            </results>
          </test-suite>
          <test-suite type="TestFixture" name="function 'ConvertTo-HtmlList.ps1'" executed="True" result="Success" success="True" time="0.0852" asserts="0" description="function 'ConvertTo-HtmlList.ps1'">
            <results>
              <test-suite type="ParameterizedTest" name="function 'ConvertTo-HtmlList.ps1'.can be tokenized by the PowerShell parser without any errors" executed="True" result="Success" success="True" time="0.008" asserts="0" description="can be tokenized by the PowerShell parser without any errors">
                <results>
                  <test-case description="can be tokenized by the PowerShell parser without any errors" name="function 'ConvertTo-HtmlList.ps1'.can be tokenized by the PowerShell parser without any errors(&quot;E:\Owner\Documents\Google Drive\Programs\Scripts\PowerShell\PsBootstrapCss\src\functions\public\ConvertTo-HtmlList.ps1&quot;)" time="0.008" asserts="0" success="True" result="Success" executed="True" />
                </results>
              </test-suite>
              <test-suite type="ParameterizedTest" name="function 'ConvertTo-HtmlList.ps1'.runs without throwing errors" executed="True" result="Success" success="True" time="0.0107" asserts="0" description="runs without throwing errors">
                <results>
                  <test-case description="runs without throwing errors" name="function 'ConvertTo-HtmlList.ps1'.runs without throwing errors(&quot;E:\Owner\Documents\Google Drive\Programs\Scripts\PowerShell\PsBootstrapCss\src\functions\public\ConvertTo-HtmlList.ps1&quot;)" time="0.0107" asserts="0" success="True" result="Success" executed="True" />
                </results>
              </test-suite>
            </results>
          </test-suite>
          <test-suite type="TestFixture" name="function 'Get-BootstrapTemplate.ps1'" executed="True" result="Success" success="True" time="0.1126" asserts="0" description="function 'Get-BootstrapTemplate.ps1'">
            <results>
              <test-suite type="ParameterizedTest" name="function 'Get-BootstrapTemplate.ps1'.can be tokenized by the PowerShell parser without any errors" executed="True" result="Success" success="True" time="0.0136" asserts="0" description="can be tokenized by the PowerShell parser without any errors">
                <results>
                  <test-case description="can be tokenized by the PowerShell parser without any errors" name="function 'Get-BootstrapTemplate.ps1'.can be tokenized by the PowerShell parser without any errors(&quot;E:\Owner\Documents\Google Drive\Programs\Scripts\PowerShell\PsBootstrapCss\src\functions\public\Get-BootstrapTemplate.ps1&quot;)" time="0.0136" asserts="0" success="True" result="Success" executed="True" />
                </results>
              </test-suite>
              <test-suite type="ParameterizedTest" name="function 'Get-BootstrapTemplate.ps1'.runs without throwing errors" executed="True" result="Success" success="True" time="0.0096" asserts="0" description="runs without throwing errors">
                <results>
                  <test-case description="runs without throwing errors" name="function 'Get-BootstrapTemplate.ps1'.runs without throwing errors(&quot;E:\Owner\Documents\Google Drive\Programs\Scripts\PowerShell\PsBootstrapCss\src\functions\public\Get-BootstrapTemplate.ps1&quot;)" time="0.0096" asserts="0" success="True" result="Success" executed="True" />
                </results>
              </test-suite>
            </results>
          </test-suite>
          <test-suite type="TestFixture" name="function 'Get-JavaScript.ps1'" executed="True" result="Success" success="True" time="0.1443" asserts="0" description="function 'Get-JavaScript.ps1'">
            <results>
              <test-suite type="ParameterizedTest" name="function 'Get-JavaScript.ps1'.can be tokenized by the PowerShell parser without any errors" executed="True" result="Success" success="True" time="0.0116" asserts="0" description="can be tokenized by the PowerShell parser without any errors">
                <results>
                  <test-case description="can be tokenized by the PowerShell parser without any errors" name="function 'Get-JavaScript.ps1'.can be tokenized by the PowerShell parser without any errors(&quot;E:\Owner\Documents\Google Drive\Programs\Scripts\PowerShell\PsBootstrapCss\src\functions\public\Get-JavaScript.ps1&quot;)" time="0.0116" asserts="0" success="True" result="Success" executed="True" />
                </results>
              </test-suite>
              <test-suite type="ParameterizedTest" name="function 'Get-JavaScript.ps1'.runs without throwing errors" executed="True" result="Success" success="True" time="0.0157" asserts="0" description="runs without throwing errors">
                <results>
                  <test-case description="runs without throwing errors" name="function 'Get-JavaScript.ps1'.runs without throwing errors(&quot;E:\Owner\Documents\Google Drive\Programs\Scripts\PowerShell\PsBootstrapCss\src\functions\public\Get-JavaScript.ps1&quot;)" time="0.0157" asserts="0" success="True" result="Success" executed="True" />
                </results>
              </test-suite>
            </results>
          </test-suite>
          <test-suite type="TestFixture" name="function 'New-BootstrapAlert.ps1'" executed="True" result="Success" success="True" time="0.1886" asserts="0" description="function 'New-BootstrapAlert.ps1'">
            <results>
              <test-suite type="ParameterizedTest" name="function 'New-BootstrapAlert.ps1'.can be tokenized by the PowerShell parser without any errors" executed="True" result="Success" success="True" time="0.0079" asserts="0" description="can be tokenized by the PowerShell parser without any errors">
                <results>
                  <test-case description="can be tokenized by the PowerShell parser without any errors" name="function 'New-BootstrapAlert.ps1'.can be tokenized by the PowerShell parser without any errors(&quot;E:\Owner\Documents\Google Drive\Programs\Scripts\PowerShell\PsBootstrapCss\src\functions\public\New-BootstrapAlert.ps1&quot;)" time="0.0079" asserts="0" success="True" result="Success" executed="True" />
                </results>
              </test-suite>
              <test-suite type="ParameterizedTest" name="function 'New-BootstrapAlert.ps1'.runs without throwing errors" executed="True" result="Success" success="True" time="0.032" asserts="0" description="runs without throwing errors">
                <results>
                  <test-case description="runs without throwing errors" name="function 'New-BootstrapAlert.ps1'.runs without throwing errors(&quot;E:\Owner\Documents\Google Drive\Programs\Scripts\PowerShell\PsBootstrapCss\src\functions\public\New-BootstrapAlert.ps1&quot;)" time="0.032" asserts="0" success="True" result="Success" executed="True" />
                </results>
              </test-suite>
            </results>
          </test-suite>
          <test-suite type="TestFixture" name="function 'New-BootstrapColumn.ps1'" executed="True" result="Success" success="True" time="0.2205" asserts="0" description="function 'New-BootstrapColumn.ps1'">
            <results>
              <test-suite type="ParameterizedTest" name="function 'New-BootstrapColumn.ps1'.can be tokenized by the PowerShell parser without any errors" executed="True" result="Success" success="True" time="0.0103" asserts="0" description="can be tokenized by the PowerShell parser without any errors">
                <results>
                  <test-case description="can be tokenized by the PowerShell parser without any errors" name="function 'New-BootstrapColumn.ps1'.can be tokenized by the PowerShell parser without any errors(&quot;E:\Owner\Documents\Google Drive\Programs\Scripts\PowerShell\PsBootstrapCss\src\functions\public\New-BootstrapColumn.ps1&quot;)" time="0.0103" asserts="0" success="True" result="Success" executed="True" />
                </results>
              </test-suite>
              <test-suite type="ParameterizedTest" name="function 'New-BootstrapColumn.ps1'.runs without throwing errors" executed="True" result="Success" success="True" time="0.0168" asserts="0" description="runs without throwing errors">
                <results>
                  <test-case description="runs without throwing errors" name="function 'New-BootstrapColumn.ps1'.runs without throwing errors(&quot;E:\Owner\Documents\Google Drive\Programs\Scripts\PowerShell\PsBootstrapCss\src\functions\public\New-BootstrapColumn.ps1&quot;)" time="0.0168" asserts="0" success="True" result="Success" executed="True" />
                </results>
              </test-suite>
            </results>
          </test-suite>
          <test-suite type="TestFixture" name="function 'New-BootstrapDiv.ps1'" executed="True" result="Success" success="True" time="0.2447" asserts="0" description="function 'New-BootstrapDiv.ps1'">
            <results>
              <test-suite type="ParameterizedTest" name="function 'New-BootstrapDiv.ps1'.can be tokenized by the PowerShell parser without any errors" executed="True" result="Success" success="True" time="0.0104" asserts="0" description="can be tokenized by the PowerShell parser without any errors">
                <results>
                  <test-case description="can be tokenized by the PowerShell parser without any errors" name="function 'New-BootstrapDiv.ps1'.can be tokenized by the PowerShell parser without any errors(&quot;E:\Owner\Documents\Google Drive\Programs\Scripts\PowerShell\PsBootstrapCss\src\functions\public\New-BootstrapDiv.ps1&quot;)" time="0.0104" asserts="0" success="True" result="Success" executed="True" />
                </results>
              </test-suite>
              <test-suite type="ParameterizedTest" name="function 'New-BootstrapDiv.ps1'.runs without throwing errors" executed="True" result="Success" success="True" time="0.007" asserts="0" description="runs without throwing errors">
                <results>
                  <test-case description="runs without throwing errors" name="function 'New-BootstrapDiv.ps1'.runs without throwing errors(&quot;E:\Owner\Documents\Google Drive\Programs\Scripts\PowerShell\PsBootstrapCss\src\functions\public\New-BootstrapDiv.ps1&quot;)" time="0.007" asserts="0" success="True" result="Success" executed="True" />
                </results>
              </test-suite>
            </results>
          </test-suite>
          <test-suite type="TestFixture" name="function 'New-BootstrapDivWithHeading.ps1'" executed="True" result="Success" success="True" time="0.2716" asserts="0" description="function 'New-BootstrapDivWithHeading.ps1'">
            <results>
              <test-suite type="ParameterizedTest" name="function 'New-BootstrapDivWithHeading.ps1'.can be tokenized by the PowerShell parser without any errors" executed="True" result="Success" success="True" time="0.0076" asserts="0" description="can be tokenized by the PowerShell parser without any errors">
                <results>
                  <test-case description="can be tokenized by the PowerShell parser without any errors" name="function 'New-BootstrapDivWithHeading.ps1'.can be tokenized by the PowerShell parser without any errors(&quot;E:\Owner\Documents\Google Drive\Programs\Scripts\PowerShell\PsBootstrapCss\src\functions\public\New-BootstrapDivWithHeading.ps1&quot;)" time="0.0076" asserts="0" success="True" result="Success" executed="True" />
                </results>
              </test-suite>
              <test-suite type="ParameterizedTest" name="function 'New-BootstrapDivWithHeading.ps1'.runs without throwing errors" executed="True" result="Success" success="True" time="0.0147" asserts="0" description="runs without throwing errors">
                <results>
                  <test-case description="runs without throwing errors" name="function 'New-BootstrapDivWithHeading.ps1'.runs without throwing errors(&quot;E:\Owner\Documents\Google Drive\Programs\Scripts\PowerShell\PsBootstrapCss\src\functions\public\New-BootstrapDivWithHeading.ps1&quot;)" time="0.0147" asserts="0" success="True" result="Success" executed="True" />
                </results>
              </test-suite>
            </results>
          </test-suite>
          <test-suite type="TestFixture" name="function 'New-BootstrapGrid.ps1'" executed="True" result="Success" success="True" time="0.2994" asserts="0" description="function 'New-BootstrapGrid.ps1'">
            <results>
              <test-suite type="ParameterizedTest" name="function 'New-BootstrapGrid.ps1'.can be tokenized by the PowerShell parser without any errors" executed="True" result="Success" success="True" time="0.0114" asserts="0" description="can be tokenized by the PowerShell parser without any errors">
                <results>
                  <test-case description="can be tokenized by the PowerShell parser without any errors" name="function 'New-BootstrapGrid.ps1'.can be tokenized by the PowerShell parser without any errors(&quot;E:\Owner\Documents\Google Drive\Programs\Scripts\PowerShell\PsBootstrapCss\src\functions\public\New-BootstrapGrid.ps1&quot;)" time="0.0114" asserts="0" success="True" result="Success" executed="True" />
                </results>
              </test-suite>
              <test-suite type="ParameterizedTest" name="function 'New-BootstrapGrid.ps1'.runs without throwing errors" executed="True" result="Success" success="True" time="0.0102" asserts="0" description="runs without throwing errors">
                <results>
                  <test-case description="runs without throwing errors" name="function 'New-BootstrapGrid.ps1'.runs without throwing errors(&quot;E:\Owner\Documents\Google Drive\Programs\Scripts\PowerShell\PsBootstrapCss\src\functions\public\New-BootstrapGrid.ps1&quot;)" time="0.0102" asserts="0" success="True" result="Success" executed="True" />
                </results>
              </test-suite>
            </results>
          </test-suite>
          <test-suite type="TestFixture" name="function 'New-BootstrapList.ps1'" executed="True" result="Success" success="True" time="0.3279" asserts="0" description="function 'New-BootstrapList.ps1'">
            <results>
              <test-suite type="ParameterizedTest" name="function 'New-BootstrapList.ps1'.can be tokenized by the PowerShell parser without any errors" executed="True" result="Success" success="True" time="0.0098" asserts="0" description="can be tokenized by the PowerShell parser without any errors">
                <results>
                  <test-case description="can be tokenized by the PowerShell parser without any errors" name="function 'New-BootstrapList.ps1'.can be tokenized by the PowerShell parser without any errors(&quot;E:\Owner\Documents\Google Drive\Programs\Scripts\PowerShell\PsBootstrapCss\src\functions\public\New-BootstrapList.ps1&quot;)" time="0.0098" asserts="0" success="True" result="Success" executed="True" />
                </results>
              </test-suite>
              <test-suite type="ParameterizedTest" name="function 'New-BootstrapList.ps1'.runs without throwing errors" executed="True" result="Success" success="True" time="0.0145" asserts="0" description="runs without throwing errors">
                <results>
                  <test-case description="runs without throwing errors" name="function 'New-BootstrapList.ps1'.runs without throwing errors(&quot;E:\Owner\Documents\Google Drive\Programs\Scripts\PowerShell\PsBootstrapCss\src\functions\public\New-BootstrapList.ps1&quot;)" time="0.0145" asserts="0" success="True" result="Success" executed="True" />
                </results>
              </test-suite>
            </results>
          </test-suite>
          <test-suite type="TestFixture" name="function 'New-BootstrapPanel.ps1'" executed="True" result="Success" success="True" time="0.3493" asserts="0" description="function 'New-BootstrapPanel.ps1'">
            <results>
              <test-suite type="ParameterizedTest" name="function 'New-BootstrapPanel.ps1'.can be tokenized by the PowerShell parser without any errors" executed="True" result="Success" success="True" time="0.0084" asserts="0" description="can be tokenized by the PowerShell parser without any errors">
                <results>
                  <test-case description="can be tokenized by the PowerShell parser without any errors" name="function 'New-BootstrapPanel.ps1'.can be tokenized by the PowerShell parser without any errors(&quot;E:\Owner\Documents\Google Drive\Programs\Scripts\PowerShell\PsBootstrapCss\src\functions\public\New-BootstrapPanel.ps1&quot;)" time="0.0084" asserts="0" success="True" result="Success" executed="True" />
                </results>
              </test-suite>
              <test-suite type="ParameterizedTest" name="function 'New-BootstrapPanel.ps1'.runs without throwing errors" executed="True" result="Success" success="True" time="0.0092" asserts="0" description="runs without throwing errors">
                <results>
                  <test-case description="runs without throwing errors" name="function 'New-BootstrapPanel.ps1'.runs without throwing errors(&quot;E:\Owner\Documents\Google Drive\Programs\Scripts\PowerShell\PsBootstrapCss\src\functions\public\New-BootstrapPanel.ps1&quot;)" time="0.0092" asserts="0" success="True" result="Success" executed="True" />
                </results>
              </test-suite>
            </results>
          </test-suite>
          <test-suite type="TestFixture" name="function 'New-BootstrapReport.ps1'" executed="True" result="Success" success="True" time="0.3761" asserts="0" description="function 'New-BootstrapReport.ps1'">
            <results>
              <test-suite type="ParameterizedTest" name="function 'New-BootstrapReport.ps1'.can be tokenized by the PowerShell parser without any errors" executed="True" result="Success" success="True" time="0.0131" asserts="0" description="can be tokenized by the PowerShell parser without any errors">
                <results>
                  <test-case description="can be tokenized by the PowerShell parser without any errors" name="function 'New-BootstrapReport.ps1'.can be tokenized by the PowerShell parser without any errors(&quot;E:\Owner\Documents\Google Drive\Programs\Scripts\PowerShell\PsBootstrapCss\src\functions\public\New-BootstrapReport.ps1&quot;)" time="0.0131" asserts="0" success="True" result="Success" executed="True" />
                </results>
              </test-suite>
              <test-suite type="ParameterizedTest" name="function 'New-BootstrapReport.ps1'.runs without throwing errors" executed="True" result="Success" success="True" time="0.0093" asserts="0" description="runs without throwing errors">
                <results>
                  <test-case description="runs without throwing errors" name="function 'New-BootstrapReport.ps1'.runs without throwing errors(&quot;E:\Owner\Documents\Google Drive\Programs\Scripts\PowerShell\PsBootstrapCss\src\functions\public\New-BootstrapReport.ps1&quot;)" time="0.0093" asserts="0" success="True" result="Success" executed="True" />
                </results>
              </test-suite>
            </results>
          </test-suite>
          <test-suite type="TestFixture" name="function 'New-BootstrapTable.ps1'" executed="True" result="Success" success="True" time="0.4206" asserts="0" description="function 'New-BootstrapTable.ps1'">
            <results>
              <test-suite type="ParameterizedTest" name="function 'New-BootstrapTable.ps1'.can be tokenized by the PowerShell parser without any errors" executed="True" result="Success" success="True" time="0.0228" asserts="0" description="can be tokenized by the PowerShell parser without any errors">
                <results>
                  <test-case description="can be tokenized by the PowerShell parser without any errors" name="function 'New-BootstrapTable.ps1'.can be tokenized by the PowerShell parser without any errors(&quot;E:\Owner\Documents\Google Drive\Programs\Scripts\PowerShell\PsBootstrapCss\src\functions\public\New-BootstrapTable.ps1&quot;)" time="0.0228" asserts="0" success="True" result="Success" executed="True" />
                </results>
              </test-suite>
              <test-suite type="ParameterizedTest" name="function 'New-BootstrapTable.ps1'.runs without throwing errors" executed="True" result="Success" success="True" time="0.0166" asserts="0" description="runs without throwing errors">
                <results>
                  <test-case description="runs without throwing errors" name="function 'New-BootstrapTable.ps1'.runs without throwing errors(&quot;E:\Owner\Documents\Google Drive\Programs\Scripts\PowerShell\PsBootstrapCss\src\functions\public\New-BootstrapTable.ps1&quot;)" time="0.0166" asserts="0" success="True" result="Success" executed="True" />
                </results>
              </test-suite>
            </results>
          </test-suite>
          <test-suite type="TestFixture" name="function 'New-HtmlAnchor.ps1'" executed="True" result="Success" success="True" time="0.4499" asserts="0" description="function 'New-HtmlAnchor.ps1'">
            <results>
              <test-suite type="ParameterizedTest" name="function 'New-HtmlAnchor.ps1'.can be tokenized by the PowerShell parser without any errors" executed="True" result="Success" success="True" time="0.0141" asserts="0" description="can be tokenized by the PowerShell parser without any errors">
                <results>
                  <test-case description="can be tokenized by the PowerShell parser without any errors" name="function 'New-HtmlAnchor.ps1'.can be tokenized by the PowerShell parser without any errors(&quot;E:\Owner\Documents\Google Drive\Programs\Scripts\PowerShell\PsBootstrapCss\src\functions\public\New-HtmlAnchor.ps1&quot;)" time="0.0141" asserts="0" success="True" result="Success" executed="True" />
                </results>
              </test-suite>
              <test-suite type="ParameterizedTest" name="function 'New-HtmlAnchor.ps1'.runs without throwing errors" executed="True" result="Success" success="True" time="0.0107" asserts="0" description="runs without throwing errors">
                <results>
                  <test-case description="runs without throwing errors" name="function 'New-HtmlAnchor.ps1'.runs without throwing errors(&quot;E:\Owner\Documents\Google Drive\Programs\Scripts\PowerShell\PsBootstrapCss\src\functions\public\New-HtmlAnchor.ps1&quot;)" time="0.0107" asserts="0" success="True" result="Success" executed="True" />
                </results>
              </test-suite>
            </results>
          </test-suite>
          <test-suite type="TestFixture" name="function 'New-HtmlHeading.ps1'" executed="True" result="Success" success="True" time="0.4813" asserts="0" description="function 'New-HtmlHeading.ps1'">
            <results>
              <test-suite type="ParameterizedTest" name="function 'New-HtmlHeading.ps1'.can be tokenized by the PowerShell parser without any errors" executed="True" result="Success" success="True" time="0.0135" asserts="0" description="can be tokenized by the PowerShell parser without any errors">
                <results>
                  <test-case description="can be tokenized by the PowerShell parser without any errors" name="function 'New-HtmlHeading.ps1'.can be tokenized by the PowerShell parser without any errors(&quot;E:\Owner\Documents\Google Drive\Programs\Scripts\PowerShell\PsBootstrapCss\src\functions\public\New-HtmlHeading.ps1&quot;)" time="0.0135" asserts="0" success="True" result="Success" executed="True" />
                </results>
              </test-suite>
              <test-suite type="ParameterizedTest" name="function 'New-HtmlHeading.ps1'.runs without throwing errors" executed="True" result="Success" success="True" time="0.0133" asserts="0" description="runs without throwing errors">
                <results>
                  <test-case description="runs without throwing errors" name="function 'New-HtmlHeading.ps1'.runs without throwing errors(&quot;E:\Owner\Documents\Google Drive\Programs\Scripts\PowerShell\PsBootstrapCss\src\functions\public\New-HtmlHeading.ps1&quot;)" time="0.0133" asserts="0" success="True" result="Success" executed="True" />
                </results>
              </test-suite>
            </results>
          </test-suite>
          <test-suite type="TestFixture" name="function 'New-HtmlParagraph.ps1'" executed="True" result="Success" success="True" time="0.5046" asserts="0" description="function 'New-HtmlParagraph.ps1'">
            <results>
              <test-suite type="ParameterizedTest" name="function 'New-HtmlParagraph.ps1'.can be tokenized by the PowerShell parser without any errors" executed="True" result="Success" success="True" time="0.007" asserts="0" description="can be tokenized by the PowerShell parser without any errors">
                <results>
                  <test-case description="can be tokenized by the PowerShell parser without any errors" name="function 'New-HtmlParagraph.ps1'.can be tokenized by the PowerShell parser without any errors(&quot;E:\Owner\Documents\Google Drive\Programs\Scripts\PowerShell\PsBootstrapCss\src\functions\public\New-HtmlParagraph.ps1&quot;)" time="0.007" asserts="0" success="True" result="Success" executed="True" />
                </results>
              </test-suite>
              <test-suite type="ParameterizedTest" name="function 'New-HtmlParagraph.ps1'.runs without throwing errors" executed="True" result="Success" success="True" time="0.0118" asserts="0" description="runs without throwing errors">
                <results>
                  <test-case description="runs without throwing errors" name="function 'New-HtmlParagraph.ps1'.runs without throwing errors(&quot;E:\Owner\Documents\Google Drive\Programs\Scripts\PowerShell\PsBootstrapCss\src\functions\public\New-HtmlParagraph.ps1&quot;)" time="0.0118" asserts="0" success="True" result="Success" executed="True" />
                </results>
              </test-suite>
            </results>
          </test-suite>
        </results>
      </test-suite>
      <test-suite type="TestFixture" name="E:\Owner\Documents\Google Drive\Programs\Scripts\PowerShell\PsBootstrapCss\tests\Help.tests.ps1" executed="True" result="Failure" success="False" time="3.8544" asserts="0" description="E:\Owner\Documents\Google Drive\Programs\Scripts\PowerShell\PsBootstrapCss\tests\Help.tests.ps1">
        <results>
          <test-suite type="TestFixture" name="help for ConvertTo-BootstrapJavaScriptTable" executed="True" result="Failure" success="False" time="0.6247" asserts="0" description="help for ConvertTo-BootstrapJavaScriptTable">
            <results>
              <test-suite type="TestFixture" name="help for ConvertTo-BootstrapJavaScriptTable.- Help for parameter 'AllColumnsSearchable'" executed="True" result="Failure" success="False" time="0.0728" asserts="0" description="help for ConvertTo-BootstrapJavaScriptTable.- Help for parameter 'AllColumnsSearchable'">
                <results>
                  <test-case description="has a description" name="help for ConvertTo-BootstrapJavaScriptTable.- Help for parameter 'AllColumnsSearchable'.has a description" time="0.006" asserts="0" success="True" result="Success" executed="True" />
                  <test-case description="has the correct [mandatory] value" name="help for ConvertTo-BootstrapJavaScriptTable.- Help for parameter 'AllColumnsSearchable'.has the correct [mandatory] value" time="0.0114" asserts="0" success="True" result="Success" executed="True" />
                  <test-case description="has the correct parameter type" name="help for ConvertTo-BootstrapJavaScriptTable.- Help for parameter 'AllColumnsSearchable'.has the correct parameter type" time="0.0186" asserts="0" success="False" result="Failure" executed="True">
                    <failure>
                      <message>Expected strings to be the same, but they were different.
Expected length: 15
Actual length:   44
Strings differ at index 1.
Expected: 'SwitchParameter'
But was:  'System.Management.Automation.SwitchParameter'
           -^</message>
                      <stack-trace>at $parameterHelpType | Should -Be $parameter.ParameterType.Name, E:\Owner\Documents\Google Drive\Programs\Scripts\PowerShell\PsBootstrapCss\tests\Help.tests.ps1:114
at &lt;ScriptBlock&gt;, E:\Owner\Documents\Google Drive\Programs\Scripts\PowerShell\PsBootstrapCss\tests\Help.tests.ps1:114</stack-trace>
                    </failure>
                  </test-case>
                </results>
              </test-suite>
              <test-suite type="TestFixture" name="help for ConvertTo-BootstrapJavaScriptTable.- Help for parameter 'DataFilterControl'" executed="True" result="Failure" success="False" time="0.1067" asserts="0" description="help for ConvertTo-BootstrapJavaScriptTable.- Help for parameter 'DataFilterControl'">
                <results>
                  <test-case description="has a description" name="help for ConvertTo-BootstrapJavaScriptTable.- Help for parameter 'DataFilterControl'.has a description" time="0.0072" asserts="0" success="True" result="Success" executed="True" />
                  <test-case description="has the correct [mandatory] value" name="help for ConvertTo-BootstrapJavaScriptTable.- Help for parameter 'DataFilterControl'.has the correct [mandatory] value" time="0.0138" asserts="0" success="True" result="Success" executed="True" />
                  <test-case description="has the correct parameter type" name="help for ConvertTo-BootstrapJavaScriptTable.- Help for parameter 'DataFilterControl'.has the correct parameter type" time="0.0083" asserts="0" success="False" result="Failure" executed="True">
                    <failure>
                      <message>Expected strings to be the same, but they were different.
Expected length: 15
Actual length:   44
Strings differ at index 1.
Expected: 'SwitchParameter'
But was:  'System.Management.Automation.SwitchParameter'
           -^</message>
                      <stack-trace>at $parameterHelpType | Should -Be $parameter.ParameterType.Name, E:\Owner\Documents\Google Drive\Programs\Scripts\PowerShell\PsBootstrapCss\tests\Help.tests.ps1:114
at &lt;ScriptBlock&gt;, E:\Owner\Documents\Google Drive\Programs\Scripts\PowerShell\PsBootstrapCss\tests\Help.tests.ps1:114</stack-trace>
                    </failure>
                  </test-case>
                </results>
              </test-suite>
              <test-suite type="TestFixture" name="help for ConvertTo-BootstrapJavaScriptTable.- Help for parameter 'DropdownColumn'" executed="True" result="Failure" success="False" time="0.1427" asserts="0" description="help for ConvertTo-BootstrapJavaScriptTable.- Help for parameter 'DropdownColumn'">
                <results>
                  <test-case description="has a description" name="help for ConvertTo-BootstrapJavaScriptTable.- Help for parameter 'DropdownColumn'.has a description" time="0.005" asserts="0" success="True" result="Success" executed="True" />
                  <test-case description="has the correct [mandatory] value" name="help for ConvertTo-BootstrapJavaScriptTable.- Help for parameter 'DropdownColumn'.has the correct [mandatory] value" time="0.0071" asserts="0" success="True" result="Success" executed="True" />
                  <test-case description="has the correct parameter type" name="help for ConvertTo-BootstrapJavaScriptTable.- Help for parameter 'DropdownColumn'.has the correct parameter type" time="0.02" asserts="0" success="False" result="Failure" executed="True">
                    <failure>
                      <message>Expected strings to be the same, but they were different.
Expected length: 8
Actual length:   15
Strings differ at index 1.
Expected: 'String[]'
But was:  'System.String[]'
           -^</message>
                      <stack-trace>at $parameterHelpType | Should -Be $parameter.ParameterType.Name, E:\Owner\Documents\Google Drive\Programs\Scripts\PowerShell\PsBootstrapCss\tests\Help.tests.ps1:114
at &lt;ScriptBlock&gt;, E:\Owner\Documents\Google Drive\Programs\Scripts\PowerShell\PsBootstrapCss\tests\Help.tests.ps1:114</stack-trace>
                    </failure>
                  </test-case>
                </results>
              </test-suite>
              <test-suite type="TestFixture" name="help for ConvertTo-BootstrapJavaScriptTable.- Help for parameter 'Id'" executed="True" result="Failure" success="False" time="0.1706" asserts="0" description="help for ConvertTo-BootstrapJavaScriptTable.- Help for parameter 'Id'">
                <results>
                  <test-case description="has a description" name="help for ConvertTo-BootstrapJavaScriptTable.- Help for parameter 'Id'.has a description" time="0.0079" asserts="0" success="True" result="Success" executed="True" />
                  <test-case description="has the correct [mandatory] value" name="help for ConvertTo-BootstrapJavaScriptTable.- Help for parameter 'Id'.has the correct [mandatory] value" time="0.0035" asserts="0" success="True" result="Success" executed="True" />
                  <test-case description="has the correct parameter type" name="help for ConvertTo-BootstrapJavaScriptTable.- Help for parameter 'Id'.has the correct parameter type" time="0.012" asserts="0" success="False" result="Failure" executed="True">
                    <failure>
                      <message>Expected strings to be the same, but they were different.
Expected length: 6
Actual length:   13
Strings differ at index 1.
Expected: 'String'
But was:  'System.String'
           -^</message>
                      <stack-trace>at $parameterHelpType | Should -Be $parameter.ParameterType.Name, E:\Owner\Documents\Google Drive\Programs\Scripts\PowerShell\PsBootstrapCss\tests\Help.tests.ps1:114
at &lt;ScriptBlock&gt;, E:\Owner\Documents\Google Drive\Programs\Scripts\PowerShell\PsBootstrapCss\tests\Help.tests.ps1:114</stack-trace>
                    </failure>
                  </test-case>
                </results>
              </test-suite>
              <test-suite type="TestFixture" name="help for ConvertTo-BootstrapJavaScriptTable.- Help for parameter 'InputObject'" executed="True" result="Failure" success="False" time="0.2093" asserts="0" description="help for ConvertTo-BootstrapJavaScriptTable.- Help for parameter 'InputObject'">
                <results>
                  <test-case description="has a description" name="help for ConvertTo-BootstrapJavaScriptTable.- Help for parameter 'InputObject'.has a description" time="0.0048" asserts="0" success="True" result="Success" executed="True" />
                  <test-case description="has the correct [mandatory] value" name="help for ConvertTo-BootstrapJavaScriptTable.- Help for parameter 'InputObject'.has the correct [mandatory] value" time="0.0049" asserts="0" success="True" result="Success" executed="True" />
                  <test-case description="has the correct parameter type" name="help for ConvertTo-BootstrapJavaScriptTable.- Help for parameter 'InputObject'.has the correct parameter type" time="0.0138" asserts="0" success="False" result="Failure" executed="True">
                    <failure>
                      <message>Expected strings to be the same, but they were different.
Expected length: 6
Actual length:   13
Strings differ at index 0.
Expected: 'Object'
But was:  'System.Object'
           ^</message>
                      <stack-trace>at $parameterHelpType | Should -Be $parameter.ParameterType.Name, E:\Owner\Documents\Google Drive\Programs\Scripts\PowerShell\PsBootstrapCss\tests\Help.tests.ps1:114
at &lt;ScriptBlock&gt;, E:\Owner\Documents\Google Drive\Programs\Scripts\PowerShell\PsBootstrapCss\tests\Help.tests.ps1:114</stack-trace>
                    </failure>
                  </test-case>
                </results>
              </test-suite>
              <test-suite type="TestFixture" name="help for ConvertTo-BootstrapJavaScriptTable.- Help for parameter 'PageSize'" executed="True" result="Failure" success="False" time="0.2387" asserts="0" description="help for ConvertTo-BootstrapJavaScriptTable.- Help for parameter 'PageSize'">
                <results>
                  <test-case description="has a description" name="help for ConvertTo-BootstrapJavaScriptTable.- Help for parameter 'PageSize'.has a description" time="0.0053" asserts="0" success="True" result="Success" executed="True" />
                  <test-case description="has the correct [mandatory] value" name="help for ConvertTo-BootstrapJavaScriptTable.- Help for parameter 'PageSize'.has the correct [mandatory] value" time="0.0091" asserts="0" success="True" result="Success" executed="True" />
                  <test-case description="has the correct parameter type" name="help for ConvertTo-BootstrapJavaScriptTable.- Help for parameter 'PageSize'.has the correct parameter type" time="0.01" asserts="0" success="False" result="Failure" executed="True">
                    <failure>
                      <message>Expected strings to be the same, but they were different.
Expected length: 5
Actual length:   12
Strings differ at index 0.
Expected: 'Int32'
But was:  'System.Int32'
           ^</message>
                      <stack-trace>at $parameterHelpType | Should -Be $parameter.ParameterType.Name, E:\Owner\Documents\Google Drive\Programs\Scripts\PowerShell\PsBootstrapCss\tests\Help.tests.ps1:114
at &lt;ScriptBlock&gt;, E:\Owner\Documents\Google Drive\Programs\Scripts\PowerShell\PsBootstrapCss\tests\Help.tests.ps1:114</stack-trace>
                    </failure>
                  </test-case>
                </results>
              </test-suite>
              <test-suite type="TestFixture" name="help for ConvertTo-BootstrapJavaScriptTable.- Help for parameter 'PropNames'" executed="True" result="Failure" success="False" time="0.3547" asserts="0" description="help for ConvertTo-BootstrapJavaScriptTable.- Help for parameter 'PropNames'">
                <results>
                  <test-case description="has a description" name="help for ConvertTo-BootstrapJavaScriptTable.- Help for parameter 'PropNames'.has a description" time="0.0055" asserts="0" success="True" result="Success" executed="True" />
                  <test-case description="has the correct [mandatory] value" name="help for ConvertTo-BootstrapJavaScriptTable.- Help for parameter 'PropNames'.has the correct [mandatory] value" time="0.0043" asserts="0" success="True" result="Success" executed="True" />
                  <test-case description="has the correct parameter type" name="help for ConvertTo-BootstrapJavaScriptTable.- Help for parameter 'PropNames'.has the correct parameter type" time="0.1022" asserts="0" success="False" result="Failure" executed="True">
                    <failure>
                      <message>Expected strings to be the same, but they were different.
Expected length: 8
Actual length:   15
Strings differ at index 1.
Expected: 'String[]'
But was:  'System.String[]'
           -^</message>
                      <stack-trace>at $parameterHelpType | Should -Be $parameter.ParameterType.Name, E:\Owner\Documents\Google Drive\Programs\Scripts\PowerShell\PsBootstrapCss\tests\Help.tests.ps1:114
at &lt;ScriptBlock&gt;, E:\Owner\Documents\Google Drive\Programs\Scripts\PowerShell\PsBootstrapCss\tests\Help.tests.ps1:114</stack-trace>
                    </failure>
                  </test-case>
                </results>
              </test-suite>
              <test-suite type="TestFixture" name="help for ConvertTo-BootstrapJavaScriptTable.- Help for parameter 'SearchableColumn'" executed="True" result="Failure" success="False" time="0.5258" asserts="0" description="help for ConvertTo-BootstrapJavaScriptTable.- Help for parameter 'SearchableColumn'">
                <results>
                  <test-case description="has a description" name="help for ConvertTo-BootstrapJavaScriptTable.- Help for parameter 'SearchableColumn'.has a description" time="0.1482" asserts="0" success="True" result="Success" executed="True" />
                  <test-case description="has the correct [mandatory] value" name="help for ConvertTo-BootstrapJavaScriptTable.- Help for parameter 'SearchableColumn'.has the correct [mandatory] value" time="0.0044" asserts="0" success="True" result="Success" executed="True" />
                  <test-case description="has the correct parameter type" name="help for ConvertTo-BootstrapJavaScriptTable.- Help for parameter 'SearchableColumn'.has the correct parameter type" time="0.01" asserts="0" success="False" result="Failure" executed="True">
                    <failure>
                      <message>Expected strings to be the same, but they were different.
Expected length: 8
Actual length:   15
Strings differ at index 1.
Expected: 'String[]'
But was:  'System.String[]'
           -^</message>
                      <stack-trace>at $parameterHelpType | Should -Be $parameter.ParameterType.Name, E:\Owner\Documents\Google Drive\Programs\Scripts\PowerShell\PsBootstrapCss\tests\Help.tests.ps1:114
at &lt;ScriptBlock&gt;, E:\Owner\Documents\Google Drive\Programs\Scripts\PowerShell\PsBootstrapCss\tests\Help.tests.ps1:114</stack-trace>
                    </failure>
                  </test-case>
                </results>
              </test-suite>
              <test-suite type="TestFixture" name="help for ConvertTo-BootstrapJavaScriptTable.- Help for parameter 'UnsortableColumn'" executed="True" result="Failure" success="False" time="0.5981" asserts="0" description="help for ConvertTo-BootstrapJavaScriptTable.- Help for parameter 'UnsortableColumn'">
                <results>
                  <test-case description="has a description" name="help for ConvertTo-BootstrapJavaScriptTable.- Help for parameter 'UnsortableColumn'.has a description" time="0.0048" asserts="0" success="True" result="Success" executed="True" />
                  <test-case description="has the correct [mandatory] value" name="help for ConvertTo-BootstrapJavaScriptTable.- Help for parameter 'UnsortableColumn'.has the correct [mandatory] value" time="0.0078" asserts="0" success="True" result="Success" executed="True" />
                  <test-case description="has the correct parameter type" name="help for ConvertTo-BootstrapJavaScriptTable.- Help for parameter 'UnsortableColumn'.has the correct parameter type" time="0.051" asserts="0" success="False" result="Failure" executed="True">
                    <failure>
                      <message>Expected strings to be the same, but they were different.
Expected length: 8
Actual length:   15
Strings differ at index 1.
Expected: 'String[]'
But was:  'System.String[]'
           -^</message>
                      <stack-trace>at $parameterHelpType | Should -Be $parameter.ParameterType.Name, E:\Owner\Documents\Google Drive\Programs\Scripts\PowerShell\PsBootstrapCss\tests\Help.tests.ps1:114
at &lt;ScriptBlock&gt;, E:\Owner\Documents\Google Drive\Programs\Scripts\PowerShell\PsBootstrapCss\tests\Help.tests.ps1:114</stack-trace>
                    </failure>
                  </test-case>
                </results>
              </test-suite>
              <test-case description="is not auto-generated" name="help for ConvertTo-BootstrapJavaScriptTable.is not auto-generated" time="0.014" asserts="0" success="True" result="Success" executed="True" />
              <test-case description="has a description" name="help for ConvertTo-BootstrapJavaScriptTable.has a description" time="0.007" asserts="0" success="True" result="Success" executed="True" />
              <test-case description="has example code" name="help for ConvertTo-BootstrapJavaScriptTable.has example code" time="0.0046" asserts="0" success="True" result="Success" executed="True" />
              <test-case description="has example help" name="help for ConvertTo-BootstrapJavaScriptTable.has example help" time="0.0034" asserts="0" success="True" result="Success" executed="True" />
            </results>
          </test-suite>
          <test-suite type="TestFixture" name="help for ConvertTo-BootstrapListGroup" executed="True" result="Failure" success="False" time="0.756" asserts="0" description="help for ConvertTo-BootstrapListGroup">
            <results>
              <test-suite type="TestFixture" name="help for ConvertTo-BootstrapListGroup.- Help for parameter 'HtmlList'" executed="True" result="Success" success="True" time="0.0629" asserts="0" description="help for ConvertTo-BootstrapListGroup.- Help for parameter 'HtmlList'">
                <results>
                  <test-case description="has a description" name="help for ConvertTo-BootstrapListGroup.- Help for parameter 'HtmlList'.has a description" time="0.0079" asserts="0" success="True" result="Success" executed="True" />
                  <test-case description="has the correct [mandatory] value" name="help for ConvertTo-BootstrapListGroup.- Help for parameter 'HtmlList'.has the correct [mandatory] value" time="0.0079" asserts="0" success="True" result="Success" executed="True" />
                  <test-case description="has the correct parameter type" name="help for ConvertTo-BootstrapListGroup.- Help for parameter 'HtmlList'.has the correct parameter type" time="0.0059" asserts="0" success="True" result="Success" executed="True" />
                </results>
              </test-suite>
              <test-suite type="TestFixture" name="help for ConvertTo-BootstrapListGroup.- Help for parameter 'ProgressAction'" executed="True" result="Failure" success="False" time="0.108" asserts="0" description="help for ConvertTo-BootstrapListGroup.- Help for parameter 'ProgressAction'">
                <results>
                  <test-case description="has a description" name="help for ConvertTo-BootstrapListGroup.- Help for parameter 'ProgressAction'.has a description" time="0.0182" asserts="0" success="False" result="Failure" executed="True">
                    <failure>
                      <message>Expected a value, but got $null or empty.</message>
                      <stack-trace>at $parameterHelp.Description.Text | Should -Not -BeNullOrEmpty, E:\Owner\Documents\Google Drive\Programs\Scripts\PowerShell\PsBootstrapCss\tests\Help.tests.ps1:103
at &lt;ScriptBlock&gt;, E:\Owner\Documents\Google Drive\Programs\Scripts\PowerShell\PsBootstrapCss\tests\Help.tests.ps1:103</stack-trace>
                    </failure>
                  </test-case>
                  <test-case description="has the correct [mandatory] value" name="help for ConvertTo-BootstrapListGroup.- Help for parameter 'ProgressAction'.has the correct [mandatory] value" time="0.0099" asserts="0" success="False" result="Failure" executed="True">
                    <failure>
                      <message>Expected 'False', but got $null.</message>
                      <stack-trace>at $parameterHelp.Required | Should -Be $codeMandatory, E:\Owner\Documents\Google Drive\Programs\Scripts\PowerShell\PsBootstrapCss\tests\Help.tests.ps1:109
at &lt;ScriptBlock&gt;, E:\Owner\Documents\Google Drive\Programs\Scripts\PowerShell\PsBootstrapCss\tests\Help.tests.ps1:109</stack-trace>
                    </failure>
                  </test-case>
                  <test-case description="has the correct parameter type" name="help for ConvertTo-BootstrapListGroup.- Help for parameter 'ProgressAction'.has the correct parameter type" time="0.0101" asserts="0" success="False" result="Failure" executed="True">
                    <failure>
                      <message>Expected 'ActionPreference', but got $null.</message>
                      <stack-trace>at $parameterHelpType | Should -Be $parameter.ParameterType.Name, E:\Owner\Documents\Google Drive\Programs\Scripts\PowerShell\PsBootstrapCss\tests\Help.tests.ps1:114
at &lt;ScriptBlock&gt;, E:\Owner\Documents\Google Drive\Programs\Scripts\PowerShell\PsBootstrapCss\tests\Help.tests.ps1:114</stack-trace>
                    </failure>
                  </test-case>
                </results>
              </test-suite>
              <test-case description="is not auto-generated" name="help for ConvertTo-BootstrapListGroup.is not auto-generated" time="0.0083" asserts="0" success="True" result="Success" executed="True" />
              <test-case description="has a description" name="help for ConvertTo-BootstrapListGroup.has a description" time="0.0047" asserts="0" success="True" result="Success" executed="True" />
              <test-case description="has example code" name="help for ConvertTo-BootstrapListGroup.has example code" time="0.0129" asserts="0" success="True" result="Success" executed="True" />
              <test-case description="has example help" name="help for ConvertTo-BootstrapListGroup.has example help" time="0.0045" asserts="0" success="True" result="Success" executed="True" />
            </results>
          </test-suite>
          <test-suite type="TestFixture" name="help for ConvertTo-BootstrapTableScript" executed="True" result="Failure" success="False" time="0.9659" asserts="0" description="help for ConvertTo-BootstrapTableScript">
            <results>
              <test-suite type="TestFixture" name="help for ConvertTo-BootstrapTableScript.- Help for parameter 'Classes'" executed="True" result="Failure" success="False" time="0.0543" asserts="0" description="help for ConvertTo-BootstrapTableScript.- Help for parameter 'Classes'">
                <results>
                  <test-case description="has a description" name="help for ConvertTo-BootstrapTableScript.- Help for parameter 'Classes'.has a description" time="0.0066" asserts="0" success="True" result="Success" executed="True" />
                  <test-case description="has the correct [mandatory] value" name="help for ConvertTo-BootstrapTableScript.- Help for parameter 'Classes'.has the correct [mandatory] value" time="0.0036" asserts="0" success="True" result="Success" executed="True" />
                  <test-case description="has the correct parameter type" name="help for ConvertTo-BootstrapTableScript.- Help for parameter 'Classes'.has the correct parameter type" time="0.0208" asserts="0" success="False" result="Failure" executed="True">
                    <failure>
                      <message>Expected strings to be the same, but they were different.
Expected length: 6
Actual length:   13
Strings differ at index 1.
Expected: 'String'
But was:  'System.String'
           -^</message>
                      <stack-trace>at $parameterHelpType | Should -Be $parameter.ParameterType.Name, E:\Owner\Documents\Google Drive\Programs\Scripts\PowerShell\PsBootstrapCss\tests\Help.tests.ps1:114
at &lt;ScriptBlock&gt;, E:\Owner\Documents\Google Drive\Programs\Scripts\PowerShell\PsBootstrapCss\tests\Help.tests.ps1:114</stack-trace>
                    </failure>
                  </test-case>
                </results>
              </test-suite>
              <test-suite type="TestFixture" name="help for ConvertTo-BootstrapTableScript.- Help for parameter 'ColumnJson'" executed="True" result="Failure" success="False" time="0.092" asserts="0" description="help for ConvertTo-BootstrapTableScript.- Help for parameter 'ColumnJson'">
                <results>
                  <test-case description="has a description" name="help for ConvertTo-BootstrapTableScript.- Help for parameter 'ColumnJson'.has a description" time="0.0061" asserts="0" success="True" result="Success" executed="True" />
                  <test-case description="has the correct [mandatory] value" name="help for ConvertTo-BootstrapTableScript.- Help for parameter 'ColumnJson'.has the correct [mandatory] value" time="0.0051" asserts="0" success="True" result="Success" executed="True" />
                  <test-case description="has the correct parameter type" name="help for ConvertTo-BootstrapTableScript.- Help for parameter 'ColumnJson'.has the correct parameter type" time="0.0168" asserts="0" success="False" result="Failure" executed="True">
                    <failure>
                      <message>Expected strings to be the same, but they were different.
Expected length: 6
Actual length:   13
Strings differ at index 1.
Expected: 'String'
But was:  'System.String'
           -^</message>
                      <stack-trace>at $parameterHelpType | Should -Be $parameter.ParameterType.Name, E:\Owner\Documents\Google Drive\Programs\Scripts\PowerShell\PsBootstrapCss\tests\Help.tests.ps1:114
at &lt;ScriptBlock&gt;, E:\Owner\Documents\Google Drive\Programs\Scripts\PowerShell\PsBootstrapCss\tests\Help.tests.ps1:114</stack-trace>
                    </failure>
                  </test-case>
                </results>
              </test-suite>
              <test-suite type="TestFixture" name="help for ConvertTo-BootstrapTableScript.- Help for parameter 'DataJson'" executed="True" result="Failure" success="False" time="0.1161" asserts="0" description="help for ConvertTo-BootstrapTableScript.- Help for parameter 'DataJson'">
                <results>
                  <test-case description="has a description" name="help for ConvertTo-BootstrapTableScript.- Help for parameter 'DataJson'.has a description" time="0.006" asserts="0" success="True" result="Success" executed="True" />
                  <test-case description="has the correct [mandatory] value" name="help for ConvertTo-BootstrapTableScript.- Help for parameter 'DataJson'.has the correct [mandatory] value" time="0.0026" asserts="0" success="True" result="Success" executed="True" />
                  <test-case description="has the correct parameter type" name="help for ConvertTo-BootstrapTableScript.- Help for parameter 'DataJson'.has the correct parameter type" time="0.0098" asserts="0" success="False" result="Failure" executed="True">
                    <failure>
                      <message>Expected strings to be the same, but they were different.
Expected length: 6
Actual length:   13
Strings differ at index 1.
Expected: 'String'
But was:  'System.String'
           -^</message>
                      <stack-trace>at $parameterHelpType | Should -Be $parameter.ParameterType.Name, E:\Owner\Documents\Google Drive\Programs\Scripts\PowerShell\PsBootstrapCss\tests\Help.tests.ps1:114
at &lt;ScriptBlock&gt;, E:\Owner\Documents\Google Drive\Programs\Scripts\PowerShell\PsBootstrapCss\tests\Help.tests.ps1:114</stack-trace>
                    </failure>
                  </test-case>
                </results>
              </test-suite>
              <test-suite type="TestFixture" name="help for ConvertTo-BootstrapTableScript.- Help for parameter 'HeaderStyle'" executed="True" result="Failure" success="False" time="0.1449" asserts="0" description="help for ConvertTo-BootstrapTableScript.- Help for parameter 'HeaderStyle'">
                <results>
                  <test-case description="has a description" name="help for ConvertTo-BootstrapTableScript.- Help for parameter 'HeaderStyle'.has a description" time="0.0051" asserts="0" success="True" result="Success" executed="True" />
                  <test-case description="has the correct [mandatory] value" name="help for ConvertTo-BootstrapTableScript.- Help for parameter 'HeaderStyle'.has the correct [mandatory] value" time="0.0046" asserts="0" success="True" result="Success" executed="True" />
                  <test-case description="has the correct parameter type" name="help for ConvertTo-BootstrapTableScript.- Help for parameter 'HeaderStyle'.has the correct parameter type" time="0.0129" asserts="0" success="False" result="Failure" executed="True">
                    <failure>
                      <message>Expected strings to be the same, but they were different.
Expected length: 6
Actual length:   13
Strings differ at index 1.
Expected: 'String'
But was:  'System.String'
           -^</message>
                      <stack-trace>at $parameterHelpType | Should -Be $parameter.ParameterType.Name, E:\Owner\Documents\Google Drive\Programs\Scripts\PowerShell\PsBootstrapCss\tests\Help.tests.ps1:114
at &lt;ScriptBlock&gt;, E:\Owner\Documents\Google Drive\Programs\Scripts\PowerShell\PsBootstrapCss\tests\Help.tests.ps1:114</stack-trace>
                    </failure>
                  </test-case>
                </results>
              </test-suite>
              <test-suite type="TestFixture" name="help for ConvertTo-BootstrapTableScript.- Help for parameter 'ProgressAction'" executed="True" result="Failure" success="False" time="0.1664" asserts="0" description="help for ConvertTo-BootstrapTableScript.- Help for parameter 'ProgressAction'">
                <results>
                  <test-case description="has a description" name="help for ConvertTo-BootstrapTableScript.- Help for parameter 'ProgressAction'.has a description" time="0.0038" asserts="0" success="True" result="Success" executed="True" />
                  <test-case description="has the correct [mandatory] value" name="help for ConvertTo-BootstrapTableScript.- Help for parameter 'ProgressAction'.has the correct [mandatory] value" time="0.0024" asserts="0" success="True" result="Success" executed="True" />
                  <test-case description="has the correct parameter type" name="help for ConvertTo-BootstrapTableScript.- Help for parameter 'ProgressAction'.has the correct parameter type" time="0.0103" asserts="0" success="False" result="Failure" executed="True">
                    <failure>
                      <message>Expected strings to be the same, but they were different.
Expected length: 16
Actual length:   45
Strings differ at index 0.
Expected: 'ActionPreference'
But was:  'System.Management.Automation.ActionPreference'
           ^</message>
                      <stack-trace>at $parameterHelpType | Should -Be $parameter.ParameterType.Name, E:\Owner\Documents\Google Drive\Programs\Scripts\PowerShell\PsBootstrapCss\tests\Help.tests.ps1:114
at &lt;ScriptBlock&gt;, E:\Owner\Documents\Google Drive\Programs\Scripts\PowerShell\PsBootstrapCss\tests\Help.tests.ps1:114</stack-trace>
                    </failure>
                  </test-case>
                </results>
              </test-suite>
              <test-suite type="TestFixture" name="help for ConvertTo-BootstrapTableScript.- Help for parameter 'TableId'" executed="True" result="Failure" success="False" time="0.19" asserts="0" description="help for ConvertTo-BootstrapTableScript.- Help for parameter 'TableId'">
                <results>
                  <test-case description="has a description" name="help for ConvertTo-BootstrapTableScript.- Help for parameter 'TableId'.has a description" time="0.0058" asserts="0" success="True" result="Success" executed="True" />
                  <test-case description="has the correct [mandatory] value" name="help for ConvertTo-BootstrapTableScript.- Help for parameter 'TableId'.has the correct [mandatory] value" time="0.0039" asserts="0" success="True" result="Success" executed="True" />
                  <test-case description="has the correct parameter type" name="help for ConvertTo-BootstrapTableScript.- Help for parameter 'TableId'.has the correct parameter type" time="0.0067" asserts="0" success="False" result="Failure" executed="True">
                    <failure>
                      <message>Expected strings to be the same, but they were different.
Expected length: 6
Actual length:   13
Strings differ at index 1.
Expected: 'String'
But was:  'System.String'
           -^</message>
                      <stack-trace>at $parameterHelpType | Should -Be $parameter.ParameterType.Name, E:\Owner\Documents\Google Drive\Programs\Scripts\PowerShell\PsBootstrapCss\tests\Help.tests.ps1:114
at &lt;ScriptBlock&gt;, E:\Owner\Documents\Google Drive\Programs\Scripts\PowerShell\PsBootstrapCss\tests\Help.tests.ps1:114</stack-trace>
                    </failure>
                  </test-case>
                </results>
              </test-suite>
              <test-case description="is not auto-generated" name="help for ConvertTo-BootstrapTableScript.is not auto-generated" time="0.0038" asserts="0" success="True" result="Success" executed="True" />
              <test-case description="has a description" name="help for ConvertTo-BootstrapTableScript.has a description" time="0.0053" asserts="0" success="True" result="Success" executed="True" />
              <test-case description="has example code" name="help for ConvertTo-BootstrapTableScript.has example code" time="0.005" asserts="0" success="True" result="Success" executed="True" />
              <test-case description="has example help" name="help for ConvertTo-BootstrapTableScript.has example help" time="0.0043" asserts="0" success="True" result="Success" executed="True" />
            </results>
          </test-suite>
          <test-suite type="TestFixture" name="help for ConvertTo-HtmlList" executed="True" result="Failure" success="False" time="1.0693" asserts="0" description="help for ConvertTo-HtmlList">
            <results>
              <test-suite type="TestFixture" name="help for ConvertTo-HtmlList.- Help for parameter 'InputObject'" executed="True" result="Failure" success="False" time="0.0469" asserts="0" description="help for ConvertTo-HtmlList.- Help for parameter 'InputObject'">
                <results>
                  <test-case description="has a description" name="help for ConvertTo-HtmlList.- Help for parameter 'InputObject'.has a description" time="0.0042" asserts="0" success="True" result="Success" executed="True" />
                  <test-case description="has the correct [mandatory] value" name="help for ConvertTo-HtmlList.- Help for parameter 'InputObject'.has the correct [mandatory] value" time="0.0028" asserts="0" success="True" result="Success" executed="True" />
                  <test-case description="has the correct parameter type" name="help for ConvertTo-HtmlList.- Help for parameter 'InputObject'.has the correct parameter type" time="0.0133" asserts="0" success="False" result="Failure" executed="True">
                    <failure>
                      <message>Expected strings to be the same, but they were different.
Expected length: 8
Actual length:   15
Strings differ at index 1.
Expected: 'String[]'
But was:  'System.String[]'
           -^</message>
                      <stack-trace>at $parameterHelpType | Should -Be $parameter.ParameterType.Name, E:\Owner\Documents\Google Drive\Programs\Scripts\PowerShell\PsBootstrapCss\tests\Help.tests.ps1:114
at &lt;ScriptBlock&gt;, E:\Owner\Documents\Google Drive\Programs\Scripts\PowerShell\PsBootstrapCss\tests\Help.tests.ps1:114</stack-trace>
                    </failure>
                  </test-case>
                </results>
              </test-suite>
              <test-suite type="TestFixture" name="help for ConvertTo-HtmlList.- Help for parameter 'Ordered'" executed="True" result="Failure" success="False" time="0.0647" asserts="0" description="help for ConvertTo-HtmlList.- Help for parameter 'Ordered'">
                <results>
                  <test-case description="has a description" name="help for ConvertTo-HtmlList.- Help for parameter 'Ordered'.has a description" time="0.0032" asserts="0" success="True" result="Success" executed="True" />
                  <test-case description="has the correct [mandatory] value" name="help for ConvertTo-HtmlList.- Help for parameter 'Ordered'.has the correct [mandatory] value" time="0.004" asserts="0" success="True" result="Success" executed="True" />
                  <test-case description="has the correct parameter type" name="help for ConvertTo-HtmlList.- Help for parameter 'Ordered'.has the correct parameter type" time="0.0078" asserts="0" success="False" result="Failure" executed="True">
                    <failure>
                      <message>Expected strings to be the same, but they were different.
Expected length: 15
Actual length:   44
Strings differ at index 1.
Expected: 'SwitchParameter'
But was:  'System.Management.Automation.SwitchParameter'
           -^</message>
                      <stack-trace>at $parameterHelpType | Should -Be $parameter.ParameterType.Name, E:\Owner\Documents\Google Drive\Programs\Scripts\PowerShell\PsBootstrapCss\tests\Help.tests.ps1:114
at &lt;ScriptBlock&gt;, E:\Owner\Documents\Google Drive\Programs\Scripts\PowerShell\PsBootstrapCss\tests\Help.tests.ps1:114</stack-trace>
                    </failure>
                  </test-case>
                </results>
              </test-suite>
              <test-suite type="TestFixture" name="help for ConvertTo-HtmlList.- Help for parameter 'ProgressAction'" executed="True" result="Failure" success="False" time="0.0916" asserts="0" description="help for ConvertTo-HtmlList.- Help for parameter 'ProgressAction'">
                <results>
                  <test-case description="has a description" name="help for ConvertTo-HtmlList.- Help for parameter 'ProgressAction'.has a description" time="0.0074" asserts="0" success="True" result="Success" executed="True" />
                  <test-case description="has the correct [mandatory] value" name="help for ConvertTo-HtmlList.- Help for parameter 'ProgressAction'.has the correct [mandatory] value" time="0.0045" asserts="0" success="True" result="Success" executed="True" />
                  <test-case description="has the correct parameter type" name="help for ConvertTo-HtmlList.- Help for parameter 'ProgressAction'.has the correct parameter type" time="0.0086" asserts="0" success="False" result="Failure" executed="True">
                    <failure>
                      <message>Expected strings to be the same, but they were different.
Expected length: 16
Actual length:   45
Strings differ at index 0.
Expected: 'ActionPreference'
But was:  'System.Management.Automation.ActionPreference'
           ^</message>
                      <stack-trace>at $parameterHelpType | Should -Be $parameter.ParameterType.Name, E:\Owner\Documents\Google Drive\Programs\Scripts\PowerShell\PsBootstrapCss\tests\Help.tests.ps1:114
at &lt;ScriptBlock&gt;, E:\Owner\Documents\Google Drive\Programs\Scripts\PowerShell\PsBootstrapCss\tests\Help.tests.ps1:114</stack-trace>
                    </failure>
                  </test-case>
                </results>
              </test-suite>
              <test-case description="is not auto-generated" name="help for ConvertTo-HtmlList.is not auto-generated" time="0.0102" asserts="0" success="True" result="Success" executed="True" />
              <test-case description="has a description" name="help for ConvertTo-HtmlList.has a description" time="0.0037" asserts="0" success="True" result="Success" executed="True" />
              <test-case description="has example code" name="help for ConvertTo-HtmlList.has example code" time="0.0023" asserts="0" success="True" result="Success" executed="True" />
              <test-case description="has example help" name="help for ConvertTo-HtmlList.has example help" time="0.0047" asserts="0" success="True" result="Success" executed="True" />
            </results>
          </test-suite>
          <test-suite type="TestFixture" name="help for Get-BootstrapTemplate" executed="True" result="Success" success="True" time="1.0994" asserts="0" description="help for Get-BootstrapTemplate">
            <results>
              <test-case description="is not auto-generated" name="help for Get-BootstrapTemplate.is not auto-generated" time="0.0085" asserts="0" success="True" result="Success" executed="True" />
              <test-case description="has a description" name="help for Get-BootstrapTemplate.has a description" time="0.003" asserts="0" success="True" result="Success" executed="True" />
              <test-case description="has example code" name="help for Get-BootstrapTemplate.has example code" time="0.0024" asserts="0" success="True" result="Success" executed="True" />
              <test-case description="has example help" name="help for Get-BootstrapTemplate.has example help" time="0.0044" asserts="0" success="True" result="Success" executed="True" />
            </results>
          </test-suite>
          <test-suite type="TestFixture" name="help for Get-JavaScript" executed="True" result="Success" success="True" time="1.1334" asserts="0" description="help for Get-JavaScript">
            <results>
              <test-case description="is not auto-generated" name="help for Get-JavaScript.is not auto-generated" time="0.0073" asserts="0" success="True" result="Success" executed="True" />
              <test-case description="has a description" name="help for Get-JavaScript.has a description" time="0.0036" asserts="0" success="True" result="Success" executed="True" />
              <test-case description="has example code" name="help for Get-JavaScript.has example code" time="0.0028" asserts="0" success="True" result="Success" executed="True" />
              <test-case description="has example help" name="help for Get-JavaScript.has example help" time="0.0025" asserts="0" success="True" result="Success" executed="True" />
            </results>
          </test-suite>
          <test-suite type="TestFixture" name="help for New-BootstrapAlert" executed="True" result="Failure" success="False" time="1.316" asserts="0" description="help for New-BootstrapAlert">
            <results>
              <test-suite type="TestFixture" name="help for New-BootstrapAlert.- Help for parameter 'AdditionalClasses'" executed="True" result="Failure" success="False" time="0.0388" asserts="0" description="help for New-BootstrapAlert.- Help for parameter 'AdditionalClasses'">
                <results>
                  <test-case description="has a description" name="help for New-BootstrapAlert.- Help for parameter 'AdditionalClasses'.has a description" time="0.01" asserts="0" success="False" result="Failure" executed="True">
                    <failure>
                      <message>Expected a value, but got $null or empty.</message>
                      <stack-trace>at $parameterHelp.Description.Text | Should -Not -BeNullOrEmpty, E:\Owner\Documents\Google Drive\Programs\Scripts\PowerShell\PsBootstrapCss\tests\Help.tests.ps1:103
at &lt;ScriptBlock&gt;, E:\Owner\Documents\Google Drive\Programs\Scripts\PowerShell\PsBootstrapCss\tests\Help.tests.ps1:103</stack-trace>
                    </failure>
                  </test-case>
                  <test-case description="has the correct [mandatory] value" name="help for New-BootstrapAlert.- Help for parameter 'AdditionalClasses'.has the correct [mandatory] value" time="0.0034" asserts="0" success="True" result="Success" executed="True" />
                  <test-case description="has the correct parameter type" name="help for New-BootstrapAlert.- Help for parameter 'AdditionalClasses'.has the correct parameter type" time="0.0036" asserts="0" success="True" result="Success" executed="True" />
                </results>
              </test-suite>
              <test-suite type="TestFixture" name="help for New-BootstrapAlert.- Help for parameter 'Class'" executed="True" result="Failure" success="False" time="0.0751" asserts="0" description="help for New-BootstrapAlert.- Help for parameter 'Class'">
                <results>
                  <test-case description="has a description" name="help for New-BootstrapAlert.- Help for parameter 'Class'.has a description" time="0.0218" asserts="0" success="False" result="Failure" executed="True">
                    <failure>
                      <message>Expected a value, but got $null or empty.</message>
                      <stack-trace>at $parameterHelp.Description.Text | Should -Not -BeNullOrEmpty, E:\Owner\Documents\Google Drive\Programs\Scripts\PowerShell\PsBootstrapCss\tests\Help.tests.ps1:103
at &lt;ScriptBlock&gt;, E:\Owner\Documents\Google Drive\Programs\Scripts\PowerShell\PsBootstrapCss\tests\Help.tests.ps1:103</stack-trace>
                    </failure>
                  </test-case>
                  <test-case description="has the correct [mandatory] value" name="help for New-BootstrapAlert.- Help for parameter 'Class'.has the correct [mandatory] value" time="0.0052" asserts="0" success="True" result="Success" executed="True" />
[...]
                    </failure>
                  </test-case>
                </results>
              </test-suite>
              <test-suite type="TestFixture" name="help for New-HtmlHeading.- Help for parameter 'Text'" executed="True" result="Success" success="True" time="0.0985" asserts="0" description="help for New-HtmlHeading.- Help for parameter 'Text'">
                <results>
                  <test-case description="has a description" name="help for New-HtmlHeading.- Help for parameter 'Text'.has a description" time="0.0045" asserts="0" success="True" result="Success" executed="True" />
                  <test-case description="has the correct [mandatory] value" name="help for New-HtmlHeading.- Help for parameter 'Text'.has the correct [mandatory] value" time="0.004" asserts="0" success="True" result="Success" executed="True" />
                  <test-case description="has the correct parameter type" name="help for New-HtmlHeading.- Help for parameter 'Text'.has the correct parameter type" time="0.0053" asserts="0" success="True" result="Success" executed="True" />
                </results>
              </test-suite>
              <test-case description="is not auto-generated" name="help for New-HtmlHeading.is not auto-generated" time="0.005" asserts="0" success="True" result="Success" executed="True" />
              <test-case description="has a description" name="help for New-HtmlHeading.has a description" time="0.0028" asserts="0" success="True" result="Success" executed="True" />
              <test-case description="has example code" name="help for New-HtmlHeading.has example code" time="0.0048" asserts="0" success="True" result="Success" executed="True" />
              <test-case description="has example help" name="help for New-HtmlHeading.has example help" time="0.0162" asserts="0" success="False" result="Failure" executed="True">
                <failure>
                  <message>Expected a value, but got $null or empty.</message>
                  <stack-trace>at ($commandHelp.Examples.Example.Remarks | Select-Object -First 1).Text | Should -Not -BeNullOrEmpty, E:\Owner\Documents\Google Drive\Programs\Scripts\PowerShell\PsBootstrapCss\tests\Help.tests.ps1:85
at &lt;ScriptBlock&gt;, E:\Owner\Documents\Google Drive\Programs\Scripts\PowerShell\PsBootstrapCss\tests\Help.tests.ps1:85</stack-trace>
                </failure>
              </test-case>
            </results>
          </test-suite>
          <test-suite type="TestFixture" name="help for New-HtmlParagraph" executed="True" result="Failure" success="False" time="3.1502" asserts="0" description="help for New-HtmlParagraph">
            <results>
              <test-suite type="TestFixture" name="help for New-HtmlParagraph.- Help for parameter 'Level'" executed="True" result="Success" success="True" time="0.0472" asserts="0" description="help for New-HtmlParagraph.- Help for parameter 'Level'">
                <results>
                  <test-case description="has a description" name="help for New-HtmlParagraph.- Help for parameter 'Level'.has a description" time="0.0063" asserts="0" success="True" result="Success" executed="True" />
                  <test-case description="has the correct [mandatory] value" name="help for New-HtmlParagraph.- Help for parameter 'Level'.has the correct [mandatory] value" time="0.0039" asserts="0" success="True" result="Success" executed="True" />
                  <test-case description="has the correct parameter type" name="help for New-HtmlParagraph.- Help for parameter 'Level'.has the correct parameter type" time="0.0029" asserts="0" success="True" result="Success" executed="True" />
                </results>
              </test-suite>
              <test-suite type="TestFixture" name="help for New-HtmlParagraph.- Help for parameter 'ProgressAction'" executed="True" result="Failure" success="False" time="0.0818" asserts="0" description="help for New-HtmlParagraph.- Help for parameter 'ProgressAction'">
                <results>
                  <test-case description="has a description" name="help for New-HtmlParagraph.- Help for parameter 'ProgressAction'.has a description" time="0.009" asserts="0" success="False" result="Failure" executed="True">
                    <failure>
                      <message>Expected a value, but got $null or empty.</message>
                      <stack-trace>at $parameterHelp.Description.Text | Should -Not -BeNullOrEmpty, E:\Owner\Documents\Google Drive\Programs\Scripts\PowerShell\PsBootstrapCss\tests\Help.tests.ps1:103
at &lt;ScriptBlock&gt;, E:\Owner\Documents\Google Drive\Programs\Scripts\PowerShell\PsBootstrapCss\tests\Help.tests.ps1:103</stack-trace>
                    </failure>
                  </test-case>
                  <test-case description="has the correct [mandatory] value" name="help for New-HtmlParagraph.- Help for parameter 'ProgressAction'.has the correct [mandatory] value" time="0.0124" asserts="0" success="False" result="Failure" executed="True">
                    <failure>
                      <message>Expected 'False', but got $null.</message>
                      <stack-trace>at $parameterHelp.Required | Should -Be $codeMandatory, E:\Owner\Documents\Google Drive\Programs\Scripts\PowerShell\PsBootstrapCss\tests\Help.tests.ps1:109
at &lt;ScriptBlock&gt;, E:\Owner\Documents\Google Drive\Programs\Scripts\PowerShell\PsBootstrapCss\tests\Help.tests.ps1:109</stack-trace>
                    </failure>
                  </test-case>
                  <test-case description="has the correct parameter type" name="help for New-HtmlParagraph.- Help for parameter 'ProgressAction'.has the correct parameter type" time="0.0096" asserts="0" success="False" result="Failure" executed="True">
                    <failure>
                      <message>Expected 'ActionPreference', but got $null.</message>
                      <stack-trace>at $parameterHelpType | Should -Be $parameter.ParameterType.Name, E:\Owner\Documents\Google Drive\Programs\Scripts\PowerShell\PsBootstrapCss\tests\Help.tests.ps1:114
at &lt;ScriptBlock&gt;, E:\Owner\Documents\Google Drive\Programs\Scripts\PowerShell\PsBootstrapCss\tests\Help.tests.ps1:114</stack-trace>
                    </failure>
                  </test-case>
                </results>
              </test-suite>
              <test-suite type="TestFixture" name="help for New-HtmlParagraph.- Help for parameter 'Text'" executed="True" result="Success" success="True" time="0.1047" asserts="0" description="help for New-HtmlParagraph.- Help for parameter 'Text'">
                <results>
                  <test-case description="has a description" name="help for New-HtmlParagraph.- Help for parameter 'Text'.has a description" time="0.0049" asserts="0" success="True" result="Success" executed="True" />
                  <test-case description="has the correct [mandatory] value" name="help for New-HtmlParagraph.- Help for parameter 'Text'.has the correct [mandatory] value" time="0.0098" asserts="0" success="True" result="Success" executed="True" />
                  <test-case description="has the correct parameter type" name="help for New-HtmlParagraph.- Help for parameter 'Text'.has the correct parameter type" time="0.0031" asserts="0" success="True" result="Success" executed="True" />
                </results>
              </test-suite>
              <test-case description="is not auto-generated" name="help for New-HtmlParagraph.is not auto-generated" time="0.0079" asserts="0" success="True" result="Success" executed="True" />
              <test-case description="has a description" name="help for New-HtmlParagraph.has a description" time="0.0039" asserts="0" success="True" result="Success" executed="True" />
              <test-case description="has example code" name="help for New-HtmlParagraph.has example code" time="0.0038" asserts="0" success="True" result="Success" executed="True" />
              <test-case description="has example help" name="help for New-HtmlParagraph.has example help" time="0.0138" asserts="0" success="False" result="Failure" executed="True">
                <failure>
                  <message>Expected a value, but got $null or empty.</message>
                  <stack-trace>at ($commandHelp.Examples.Example.Remarks | Select-Object -First 1).Text | Should -Not -BeNullOrEmpty, E:\Owner\Documents\Google Drive\Programs\Scripts\PowerShell\PsBootstrapCss\tests\Help.tests.ps1:85
at &lt;ScriptBlock&gt;, E:\Owner\Documents\Google Drive\Programs\Scripts\PowerShell\PsBootstrapCss\tests\Help.tests.ps1:85</stack-trace>
                </failure>
              </test-case>
            </results>
          </test-suite>
        </results>
      </test-suite>
      <test-suite type="TestFixture" name="E:\Owner\Documents\Google Drive\Programs\Scripts\PowerShell\PsBootstrapCss\tests\Manifest.tests.ps1" executed="True" result="Failure" success="False" time="0.2719" asserts="0" description="E:\Owner\Documents\Google Drive\Programs\Scripts\PowerShell\PsBootstrapCss\tests\Manifest.tests.ps1">
        <results>
          <test-suite type="TestFixture" name="module manifest 'PsBootstrapCss.psd1'" executed="True" result="Failure" success="False" time="0.0889" asserts="0" description="module manifest 'PsBootstrapCss.psd1'">
            <results>
              <test-suite type="TestFixture" name="module manifest 'PsBootstrapCss.psd1'.- Validation" executed="True" result="Failure" success="False" time="0.0857" asserts="0" description="module manifest 'PsBootstrapCss.psd1'.- Validation">
                <results>
                  <test-case description="is a valid manifest" name="module manifest 'PsBootstrapCss.psd1'.- Validation.is a valid manifest" time="0.0071" asserts="0" success="True" result="Success" executed="True" />
                  <test-case description="has a valid name in the manifest" name="module manifest 'PsBootstrapCss.psd1'.- Validation.has a valid name in the manifest" time="0.0396" asserts="0" success="True" result="Success" executed="True" />
                  <test-case description="has a valid root module" name="module manifest 'PsBootstrapCss.psd1'.- Validation.has a valid root module" time="0.0119" asserts="0" success="False" result="Failure" executed="True">
                    <failure>
                      <message>Expected strings to be the same, but they were different.
Expected length: 14
Actual length:   19
Strings differ at index 14.
Expected: 'PsBootstrapCss'
But was:  'PsBootstrapCss.psm1'
           --------------^</message>
                      <stack-trace>at $manifestData.RootModule | Should -Be $moduleName, E:\Owner\Documents\Google Drive\Programs\Scripts\PowerShell\PsBootstrapCss\tests\Manifest.tests.ps1:36
at &lt;ScriptBlock&gt;, E:\Owner\Documents\Google Drive\Programs\Scripts\PowerShell\PsBootstrapCss\tests\Manifest.tests.ps1:36</stack-trace>
                    </failure>
                  </test-case>
                  <test-case description="has a valid version" name="module manifest 'PsBootstrapCss.psd1'.- Validation.has a valid version" time="0.0064" asserts="0" success="True" result="Success" executed="True" />
                  <test-case description="has a valid description" name="module manifest 'PsBootstrapCss.psd1'.- Validation.has a valid description" time="0.0054" asserts="0" success="True" result="Success" executed="True" />
                  <test-case description="has a valid author" name="module manifest 'PsBootstrapCss.psd1'.- Validation.has a valid author" time="0.0028" asserts="0" success="True" result="Success" executed="True" />
                  <test-case description="has a valid guid" name="module manifest 'PsBootstrapCss.psd1'.- Validation.has a valid guid" time="0.0035" asserts="0" success="True" result="Success" executed="True" />
                  <test-case description="has a valid copyright" name="module manifest 'PsBootstrapCss.psd1'.- Validation.has a valid copyright" time="0.0046" asserts="0" success="True" result="Success" executed="True" />
                </results>
              </test-suite>
            </results>
          </test-suite>
          <test-suite type="TestFixture" name="Git tagging" executed="True" result="Ignored" success="True" time="0.1055" asserts="0" description="Git tagging">
            <results>
              <test-suite type="TestFixture" name="Git tagging.- Git tag version ''" executed="True" result="Ignored" success="True" time="0.0139" asserts="0" description="Git tagging.- Git tag version ''">
                <results>
                  <test-case description="is a valid version" name="Git tagging.- Git tag version ''.is a valid version" time="0.0081" asserts="0" success="False" result="Ignored" executed="False" />
                  <test-case description="matches the module manifest version" name="Git tagging.- Git tag version ''.matches the module manifest version" time="0.0022" asserts="0" success="False" result="Ignored" executed="False" />
                </results>
              </test-suite>
            </results>
          </test-suite>
        </results>
      </test-suite>
      <test-suite type="TestFixture" name="E:\Owner\Documents\Google Drive\Programs\Scripts\PowerShell\PsBootstrapCss\tests\Metadata.tests.ps1" executed="True" result="Failure" success="False" time="0.3399" asserts="0" description="E:\Owner\Documents\Google Drive\Programs\Scripts\PowerShell\PsBootstrapCss\tests\Metadata.tests.ps1">
        <results>
          <test-suite type="TestFixture" name="text files" executed="True" result="Failure" success="False" time="0.0234" asserts="0" description="text files">
            <results>
              <test-suite type="TestFixture" name="text files.- File Encoding" executed="True" result="Success" success="True" time="0.0088" asserts="0" description="text files.- File Encoding">
                <results>
                  <test-case description="do not use Unicode/UTF-16 encoding" name="text files.- File Encoding.do not use Unicode/UTF-16 encoding" time="0.0062" asserts="0" success="True" result="Success" executed="True" />
                </results>
              </test-suite>
              <test-suite type="TestFixture" name="text files.- Indentations" executed="True" result="Failure" success="False" time="0.0181" asserts="0" description="text files.- Indentations">
                <results>
                  <test-case description="do not use tabs for indentations" name="text files.- Indentations.do not use tabs for indentations" time="0.0068" asserts="0" success="False" result="Failure" executed="True">
                    <failure>
                      <message>Expected 0, but got 3.</message>
                      <stack-trace>at $totalTabsCount | Should -Be 0, E:\Owner\Documents\Google Drive\Programs\Scripts\PowerShell\PsBootstrapCss\tests\Metadata.tests.ps1:47
at &lt;ScriptBlock&gt;, E:\Owner\Documents\Google Drive\Programs\Scripts\PowerShell\PsBootstrapCss\tests\Metadata.tests.ps1:47</stack-trace>
                    </failure>
                  </test-case>
                </results>
              </test-suite>
            </results>
          </test-suite>
        </results>
      </test-suite>
      <test-suite type="TestFixture" name="E:\Owner\Documents\Google Drive\Programs\Scripts\PowerShell\PsBootstrapCss\tests\Module.tests.ps1" executed="True" result="Success" success="True" time="0.2478" asserts="0" description="E:\Owner\Documents\Google Drive\Programs\Scripts\PowerShell\PsBootstrapCss\tests\Module.tests.ps1">
        <results>
          <test-suite type="TestFixture" name="PowerShell files in module 'PsBootstrapCss'" executed="True" result="Success" success="True" time="0.1194" asserts="0" description="PowerShell files in module 'PsBootstrapCss'">
            <results>
              <test-suite type="ParameterizedTest" name="PowerShell files in module 'PsBootstrapCss'.'&lt;Script&gt;' can be tokenized by the PowerShell parser without any errors" executed="True" result="Success" success="True" time="0.1152" asserts="0" description="'&lt;Script&gt;' can be tokenized by the PowerShell parser without any errors">
                <results>
                  <test-case description="'E:\Owner\Documents\Google Drive\Programs\Scripts\PowerShell\PsBootstrapCss\dist\1.0.37\PsBootstrapCss\PsBootstrapCss.psd1' can be tokenized by the PowerShell parser without any errors" name="PowerShell files in module 'PsBootstrapCss'.'E:\Owner\Documents\Google Drive\Programs\Scripts\PowerShell\PsBootstrapCss\dist\1.0.37\PsBootstrapCss\PsBootstrapCss.psd1' can be tokenized by the PowerShell parser without any errors" time="0.0504" asserts="0" success="True" result="Success" executed="True" />
                  <test-case description="'E:\Owner\Documents\Google Drive\Programs\Scripts\PowerShell\PsBootstrapCss\dist\1.0.37\PsBootstrapCss\PsBootstrapCss.psm1' can be tokenized by the PowerShell parser without any errors" name="PowerShell files in module 'PsBootstrapCss'.'E:\Owner\Documents\Google Drive\Programs\Scripts\PowerShell\PsBootstrapCss\dist\1.0.37\PsBootstrapCss\PsBootstrapCss.psm1' can be tokenized by the PowerShell parser without any errors" time="0.0648" asserts="0" success="True" result="Success" executed="True" />
                </results>
              </test-suite>
            </results>
          </test-suite>
          <test-suite type="TestFixture" name="module 'PsBootstrapCss'" executed="True" result="Success" success="True" time="0.1419" asserts="0" description="module 'PsBootstrapCss'">
            <results>
              <test-suite type="ParameterizedTest" name="module 'PsBootstrapCss'.can be imported without any errors" executed="True" result="Success" success="True" time="0.0182" asserts="0" description="can be imported without any errors">
                <results>
                  <test-case description="can be imported without any errors" name="module 'PsBootstrapCss'.can be imported without any errors(&quot;E:\Owner\Documents\Google Drive\Programs\Scripts\PowerShell\PsBootstrapCss\dist\1.0.37\PsBootstrapCss\PsBootstrapCss.psm1&quot;)" time="0.0182" asserts="0" success="True" result="Success" executed="True" />
                </results>
              </test-suite>
            </results>
          </test-suite>
        </results>
      </test-suite>
      <test-suite type="TestFixture" name="E:\Owner\Documents\Google Drive\Programs\Scripts\PowerShell\PsBootstrapCss\tests\Project.tests.ps1" executed="True" result="Success" success="True" time="0.1706" asserts="0" description="E:\Owner\Documents\Google Drive\Programs\Scripts\PowerShell\PsBootstrapCss\tests\Project.tests.ps1">
        <results>
          <test-suite type="TestFixture" name="change log" executed="True" result="Success" success="True" time="0.0167" asserts="0" description="change log">
            <results>
              <test-suite type="TestFixture" name="change log.- Version" executed="True" result="Success" success="True" time="0.0146" asserts="0" description="change log.- Version">
                <results>
                  <test-case description="has a valid version" name="change log.- Version.has a valid version" time="0.0094" asserts="0" success="True" result="Success" executed="True" />
                  <test-case description="has the same version as the manifest" name="change log.- Version.has the same version as the manifest" time="0.0028" asserts="0" success="True" result="Success" executed="True" />
                </results>
              </test-suite>
            </results>
          </test-suite>
        </results>
      </test-suite>
    </results>
  </test-suite>
</test-results>