<?xml version="1.0" encoding="utf-8" standalone="no"?>
<test-results xmlns:xsi="http://www.w3.org/2001/XMLSchema-instance" xsi:noNamespaceSchemaLocation="nunit_schema_2.5.xsd" name="Pester" total="326" errors="0" failures="77" not-run="0" inconclusive="0" ignored="0" skipped="2" invalid="0" date="2025-01-20" time="21:20:58">
  <environment os-version="10.0.19044" cwd="F:\Owner\OneDrive\Data\Programs\Scripts\PowerShell\PsBootstrapCss\tests" clr-version="8.0.10" user-domain="JLA-LoftHTPC" machine-name="JLA-LOFTHTPC" nunit-version="2.5.8.0" platform="Microsoft Windows 10 Pro|C:\WINDOWS|\Device\Harddisk0\Partition2" user="Owner" />
  <culture-info current-culture="en-US" current-uiculture="en-US" />
  <test-suite type="TestFixture" name="Pester" executed="True" result="Failure" success="False" time="6.594" asserts="0" description="Pester">
    <results>
      <test-suite type="TestFixture" name="F:\Owner\OneDrive\Data\Programs\Scripts\PowerShell\PsBootstrapCss\tests\Function.tests.ps1" executed="True" result="Success" success="True" time="1.4429" asserts="0" description="F:\Owner\OneDrive\Data\Programs\Scripts\PowerShell\PsBootstrapCss\tests\Function.tests.ps1">
        <results>
          <test-suite type="TestFixture" name="function 'ConvertTo-BootstrapJavaScriptTable.ps1'" executed="True" result="Success" success="True" time="0.2174" asserts="0" description="function 'ConvertTo-BootstrapJavaScriptTable.ps1'">
            <results>
              <test-suite type="ParameterizedTest" name="function 'ConvertTo-BootstrapJavaScriptTable.ps1'.can be tokenized by the PowerShell parser without any errors" executed="True" result="Success" success="True" time="0.1452" asserts="0" description="can be tokenized by the PowerShell parser without any errors">
                <results>
                  <test-case description="can be tokenized by the PowerShell parser without any errors" name="function 'ConvertTo-BootstrapJavaScriptTable.ps1'.can be tokenized by the PowerShell parser without any errors(&quot;F:\Owner\OneDrive\Data\Programs\Scripts\PowerShell\PsBootstrapCss\src\functions\public\ConvertTo-BootstrapJavaScriptTable.ps1&quot;)" time="0.1452" asserts="0" success="True" result="Success" executed="True" />
                </results>
              </test-suite>
              <test-suite type="ParameterizedTest" name="function 'ConvertTo-BootstrapJavaScriptTable.ps1'.runs without throwing errors" executed="True" result="Success" success="True" time="0.0205" asserts="0" description="runs without throwing errors">
                <results>
                  <test-case description="runs without throwing errors" name="function 'ConvertTo-BootstrapJavaScriptTable.ps1'.runs without throwing errors(&quot;F:\Owner\OneDrive\Data\Programs\Scripts\PowerShell\PsBootstrapCss\src\functions\public\ConvertTo-BootstrapJavaScriptTable.ps1&quot;)" time="0.0205" asserts="0" success="True" result="Success" executed="True" />
                </results>
              </test-suite>
            </results>
          </test-suite>
          <test-suite type="TestFixture" name="function 'ConvertTo-BootstrapListGroup.ps1'" executed="True" result="Success" success="True" time="0.2541" asserts="0" description="function 'ConvertTo-BootstrapListGroup.ps1'">
            <results>
              <test-suite type="ParameterizedTest" name="function 'ConvertTo-BootstrapListGroup.ps1'.can be tokenized by the PowerShell parser without any errors" executed="True" result="Success" success="True" time="0.0103" asserts="0" description="can be tokenized by the PowerShell parser without any errors">
                <results>
                  <test-case description="can be tokenized by the PowerShell parser without any errors" name="function 'ConvertTo-BootstrapListGroup.ps1'.can be tokenized by the PowerShell parser without any errors(&quot;F:\Owner\OneDrive\Data\Programs\Scripts\PowerShell\PsBootstrapCss\src\functions\public\ConvertTo-BootstrapListGroup.ps1&quot;)" time="0.0103" asserts="0" success="True" result="Success" executed="True" />
                </results>
              </test-suite>
              <test-suite type="ParameterizedTest" name="function 'ConvertTo-BootstrapListGroup.ps1'.runs without throwing errors" executed="True" result="Success" success="True" time="0.0187" asserts="0" description="runs without throwing errors">
                <results>
                  <test-case description="runs without throwing errors" name="function 'ConvertTo-BootstrapListGroup.ps1'.runs without throwing errors(&quot;F:\Owner\OneDrive\Data\Programs\Scripts\PowerShell\PsBootstrapCss\src\functions\public\ConvertTo-BootstrapListGroup.ps1&quot;)" time="0.0187" asserts="0" success="True" result="Success" executed="True" />
                </results>
              </test-suite>
            </results>
          </test-suite>
          <test-suite type="TestFixture" name="function 'ConvertTo-BootstrapTableScript.ps1'" executed="True" result="Success" success="True" time="0.282" asserts="0" description="function 'ConvertTo-BootstrapTableScript.ps1'">
            <results>
              <test-suite type="ParameterizedTest" name="function 'ConvertTo-BootstrapTableScript.ps1'.can be tokenized by the PowerShell parser without any errors" executed="True" result="Success" success="True" time="0.0112" asserts="0" description="can be tokenized by the PowerShell parser without any errors">
                <results>
                  <test-case description="can be tokenized by the PowerShell parser without any errors" name="function 'ConvertTo-BootstrapTableScript.ps1'.can be tokenized by the PowerShell parser without any errors(&quot;F:\Owner\OneDrive\Data\Programs\Scripts\PowerShell\PsBootstrapCss\src\functions\public\ConvertTo-BootstrapTableScript.ps1&quot;)" time="0.0112" asserts="0" success="True" result="Success" executed="True" />
                </results>
              </test-suite>
              <test-suite type="ParameterizedTest" name="function 'ConvertTo-BootstrapTableScript.ps1'.runs without throwing errors" executed="True" result="Success" success="True" time="0.0086" asserts="0" description="runs without throwing errors">
                <results>
                  <test-case description="runs without throwing errors" name="function 'ConvertTo-BootstrapTableScript.ps1'.runs without throwing errors(&quot;F:\Owner\OneDrive\Data\Programs\Scripts\PowerShell\PsBootstrapCss\src\functions\public\ConvertTo-BootstrapTableScript.ps1&quot;)" time="0.0086" asserts="0" success="True" result="Success" executed="True" />
                </results>
              </test-suite>
            </results>
          </test-suite>
          <test-suite type="TestFixture" name="function 'ConvertTo-HtmlList.ps1'" executed="True" result="Success" success="True" time="0.3148" asserts="0" description="function 'ConvertTo-HtmlList.ps1'">
            <results>
              <test-suite type="ParameterizedTest" name="function 'ConvertTo-HtmlList.ps1'.can be tokenized by the PowerShell parser without any errors" executed="True" result="Success" success="True" time="0.0087" asserts="0" description="can be tokenized by the PowerShell parser without any errors">
                <results>
                  <test-case description="can be tokenized by the PowerShell parser without any errors" name="function 'ConvertTo-HtmlList.ps1'.can be tokenized by the PowerShell parser without any errors(&quot;F:\Owner\OneDrive\Data\Programs\Scripts\PowerShell\PsBootstrapCss\src\functions\public\ConvertTo-HtmlList.ps1&quot;)" time="0.0087" asserts="0" success="True" result="Success" executed="True" />
                </results>
              </test-suite>
              <test-suite type="ParameterizedTest" name="function 'ConvertTo-HtmlList.ps1'.runs without throwing errors" executed="True" result="Success" success="True" time="0.0134" asserts="0" description="runs without throwing errors">
                <results>
                  <test-case description="runs without throwing errors" name="function 'ConvertTo-HtmlList.ps1'.runs without throwing errors(&quot;F:\Owner\OneDrive\Data\Programs\Scripts\PowerShell\PsBootstrapCss\src\functions\public\ConvertTo-HtmlList.ps1&quot;)" time="0.0134" asserts="0" success="True" result="Success" executed="True" />
                </results>
              </test-suite>
            </results>
          </test-suite>
          <test-suite type="TestFixture" name="function 'Get-BootstrapTemplate.ps1'" executed="True" result="Success" success="True" time="0.3896" asserts="0" description="function 'Get-BootstrapTemplate.ps1'">
            <results>
              <test-suite type="ParameterizedTest" name="function 'Get-BootstrapTemplate.ps1'.can be tokenized by the PowerShell parser without any errors" executed="True" result="Success" success="True" time="0.0297" asserts="0" description="can be tokenized by the PowerShell parser without any errors">
                <results>
                  <test-case description="can be tokenized by the PowerShell parser without any errors" name="function 'Get-BootstrapTemplate.ps1'.can be tokenized by the PowerShell parser without any errors(&quot;F:\Owner\OneDrive\Data\Programs\Scripts\PowerShell\PsBootstrapCss\src\functions\public\Get-BootstrapTemplate.ps1&quot;)" time="0.0297" asserts="0" success="True" result="Success" executed="True" />
                </results>
              </test-suite>
              <test-suite type="ParameterizedTest" name="function 'Get-BootstrapTemplate.ps1'.runs without throwing errors" executed="True" result="Success" success="True" time="0.0337" asserts="0" description="runs without throwing errors">
                <results>
                  <test-case description="runs without throwing errors" name="function 'Get-BootstrapTemplate.ps1'.runs without throwing errors(&quot;F:\Owner\OneDrive\Data\Programs\Scripts\PowerShell\PsBootstrapCss\src\functions\public\Get-BootstrapTemplate.ps1&quot;)" time="0.0337" asserts="0" success="True" result="Success" executed="True" />
                </results>
              </test-suite>
            </results>
          </test-suite>
          <test-suite type="TestFixture" name="function 'Get-JavaScript.ps1'" executed="True" result="Success" success="True" time="0.4531" asserts="0" description="function 'Get-JavaScript.ps1'">
            <results>
              <test-suite type="ParameterizedTest" name="function 'Get-JavaScript.ps1'.can be tokenized by the PowerShell parser without any errors" executed="True" result="Success" success="True" time="0.0222" asserts="0" description="can be tokenized by the PowerShell parser without any errors">
                <results>
                  <test-case description="can be tokenized by the PowerShell parser without any errors" name="function 'Get-JavaScript.ps1'.can be tokenized by the PowerShell parser without any errors(&quot;F:\Owner\OneDrive\Data\Programs\Scripts\PowerShell\PsBootstrapCss\src\functions\public\Get-JavaScript.ps1&quot;)" time="0.0222" asserts="0" success="True" result="Success" executed="True" />
                </results>
              </test-suite>
              <test-suite type="ParameterizedTest" name="function 'Get-JavaScript.ps1'.runs without throwing errors" executed="True" result="Success" success="True" time="0.0231" asserts="0" description="runs without throwing errors">
                <results>
                  <test-case description="runs without throwing errors" name="function 'Get-JavaScript.ps1'.runs without throwing errors(&quot;F:\Owner\OneDrive\Data\Programs\Scripts\PowerShell\PsBootstrapCss\src\functions\public\Get-JavaScript.ps1&quot;)" time="0.0231" asserts="0" success="True" result="Success" executed="True" />
                </results>
              </test-suite>
            </results>
          </test-suite>
          <test-suite type="TestFixture" name="function 'New-BootstrapAlert.ps1'" executed="True" result="Success" success="True" time="0.4878" asserts="0" description="function 'New-BootstrapAlert.ps1'">
            <results>
              <test-suite type="ParameterizedTest" name="function 'New-BootstrapAlert.ps1'.can be tokenized by the PowerShell parser without any errors" executed="True" result="Success" success="True" time="0.0123" asserts="0" description="can be tokenized by the PowerShell parser without any errors">
                <results>
                  <test-case description="can be tokenized by the PowerShell parser without any errors" name="function 'New-BootstrapAlert.ps1'.can be tokenized by the PowerShell parser without any errors(&quot;F:\Owner\OneDrive\Data\Programs\Scripts\PowerShell\PsBootstrapCss\src\functions\public\New-BootstrapAlert.ps1&quot;)" time="0.0123" asserts="0" success="True" result="Success" executed="True" />
                </results>
              </test-suite>
              <test-suite type="ParameterizedTest" name="function 'New-BootstrapAlert.ps1'.runs without throwing errors" executed="True" result="Success" success="True" time="0.0105" asserts="0" description="runs without throwing errors">
                <results>
                  <test-case description="runs without throwing errors" name="function 'New-BootstrapAlert.ps1'.runs without throwing errors(&quot;F:\Owner\OneDrive\Data\Programs\Scripts\PowerShell\PsBootstrapCss\src\functions\public\New-BootstrapAlert.ps1&quot;)" time="0.0105" asserts="0" success="True" result="Success" executed="True" />
                </results>
              </test-suite>
            </results>
          </test-suite>
          <test-suite type="TestFixture" name="function 'New-BootstrapColumn.ps1'" executed="True" result="Success" success="True" time="0.5145" asserts="0" description="function 'New-BootstrapColumn.ps1'">
            <results>
              <test-suite type="ParameterizedTest" name="function 'New-BootstrapColumn.ps1'.can be tokenized by the PowerShell parser without any errors" executed="True" result="Success" success="True" time="0.0088" asserts="0" description="can be tokenized by the PowerShell parser without any errors">
                <results>
                  <test-case description="can be tokenized by the PowerShell parser without any errors" name="function 'New-BootstrapColumn.ps1'.can be tokenized by the PowerShell parser without any errors(&quot;F:\Owner\OneDrive\Data\Programs\Scripts\PowerShell\PsBootstrapCss\src\functions\public\New-BootstrapColumn.ps1&quot;)" time="0.0088" asserts="0" success="True" result="Success" executed="True" />
                </results>
              </test-suite>
              <test-suite type="ParameterizedTest" name="function 'New-BootstrapColumn.ps1'.runs without throwing errors" executed="True" result="Success" success="True" time="0.0078" asserts="0" description="runs without throwing errors">
                <results>
                  <test-case description="runs without throwing errors" name="function 'New-BootstrapColumn.ps1'.runs without throwing errors(&quot;F:\Owner\OneDrive\Data\Programs\Scripts\PowerShell\PsBootstrapCss\src\functions\public\New-BootstrapColumn.ps1&quot;)" time="0.0078" asserts="0" success="True" result="Success" executed="True" />
                </results>
              </test-suite>
            </results>
          </test-suite>
          <test-suite type="TestFixture" name="function 'New-BootstrapDiv.ps1'" executed="True" result="Success" success="True" time="0.5543" asserts="0" description="function 'New-BootstrapDiv.ps1'">
            <results>
              <test-suite type="ParameterizedTest" name="function 'New-BootstrapDiv.ps1'.can be tokenized by the PowerShell parser without any errors" executed="True" result="Success" success="True" time="0.0147" asserts="0" description="can be tokenized by the PowerShell parser without any errors">
                <results>
                  <test-case description="can be tokenized by the PowerShell parser without any errors" name="function 'New-BootstrapDiv.ps1'.can be tokenized by the PowerShell parser without any errors(&quot;F:\Owner\OneDrive\Data\Programs\Scripts\PowerShell\PsBootstrapCss\src\functions\public\New-BootstrapDiv.ps1&quot;)" time="0.0147" asserts="0" success="True" result="Success" executed="True" />
                </results>
              </test-suite>
              <test-suite type="ParameterizedTest" name="function 'New-BootstrapDiv.ps1'.runs without throwing errors" executed="True" result="Success" success="True" time="0.0134" asserts="0" description="runs without throwing errors">
                <results>
                  <test-case description="runs without throwing errors" name="function 'New-BootstrapDiv.ps1'.runs without throwing errors(&quot;F:\Owner\OneDrive\Data\Programs\Scripts\PowerShell\PsBootstrapCss\src\functions\public\New-BootstrapDiv.ps1&quot;)" time="0.0134" asserts="0" success="True" result="Success" executed="True" />
                </results>
              </test-suite>
            </results>
          </test-suite>
          <test-suite type="TestFixture" name="function 'New-BootstrapDivWithHeading.ps1'" executed="True" result="Success" success="True" time="0.5909" asserts="0" description="function 'New-BootstrapDivWithHeading.ps1'">
            <results>
              <test-suite type="ParameterizedTest" name="function 'New-BootstrapDivWithHeading.ps1'.can be tokenized by the PowerShell parser without any errors" executed="True" result="Success" success="True" time="0.0096" asserts="0" description="can be tokenized by the PowerShell parser without any errors">
                <results>
                  <test-case description="can be tokenized by the PowerShell parser without any errors" name="function 'New-BootstrapDivWithHeading.ps1'.can be tokenized by the PowerShell parser without any errors(&quot;F:\Owner\OneDrive\Data\Programs\Scripts\PowerShell\PsBootstrapCss\src\functions\public\New-BootstrapDivWithHeading.ps1&quot;)" time="0.0096" asserts="0" success="True" result="Success" executed="True" />
                </results>
              </test-suite>
              <test-suite type="ParameterizedTest" name="function 'New-BootstrapDivWithHeading.ps1'.runs without throwing errors" executed="True" result="Success" success="True" time="0.0154" asserts="0" description="runs without throwing errors">
                <results>
                  <test-case description="runs without throwing errors" name="function 'New-BootstrapDivWithHeading.ps1'.runs without throwing errors(&quot;F:\Owner\OneDrive\Data\Programs\Scripts\PowerShell\PsBootstrapCss\src\functions\public\New-BootstrapDivWithHeading.ps1&quot;)" time="0.0154" asserts="0" success="True" result="Success" executed="True" />
                </results>
              </test-suite>
            </results>
          </test-suite>
          <test-suite type="TestFixture" name="function 'New-BootstrapGrid.ps1'" executed="True" result="Success" success="True" time="0.6217" asserts="0" description="function 'New-BootstrapGrid.ps1'">
            <results>
              <test-suite type="ParameterizedTest" name="function 'New-BootstrapGrid.ps1'.can be tokenized by the PowerShell parser without any errors" executed="True" result="Success" success="True" time="0.0087" asserts="0" description="can be tokenized by the PowerShell parser without any errors">
                <results>
                  <test-case description="can be tokenized by the PowerShell parser without any errors" name="function 'New-BootstrapGrid.ps1'.can be tokenized by the PowerShell parser without any errors(&quot;F:\Owner\OneDrive\Data\Programs\Scripts\PowerShell\PsBootstrapCss\src\functions\public\New-BootstrapGrid.ps1&quot;)" time="0.0087" asserts="0" success="True" result="Success" executed="True" />
                </results>
              </test-suite>
              <test-suite type="ParameterizedTest" name="function 'New-BootstrapGrid.ps1'.runs without throwing errors" executed="True" result="Success" success="True" time="0.0098" asserts="0" description="runs without throwing errors">
                <results>
                  <test-case description="runs without throwing errors" name="function 'New-BootstrapGrid.ps1'.runs without throwing errors(&quot;F:\Owner\OneDrive\Data\Programs\Scripts\PowerShell\PsBootstrapCss\src\functions\public\New-BootstrapGrid.ps1&quot;)" time="0.0098" asserts="0" success="True" result="Success" executed="True" />
                </results>
              </test-suite>
            </results>
          </test-suite>
          <test-suite type="TestFixture" name="function 'New-BootstrapList.ps1'" executed="True" result="Success" success="True" time="0.6553" asserts="0" description="function 'New-BootstrapList.ps1'">
            <results>
              <test-suite type="ParameterizedTest" name="function 'New-BootstrapList.ps1'.can be tokenized by the PowerShell parser without any errors" executed="True" result="Success" success="True" time="0.0116" asserts="0" description="can be tokenized by the PowerShell parser without any errors">
                <results>
                  <test-case description="can be tokenized by the PowerShell parser without any errors" name="function 'New-BootstrapList.ps1'.can be tokenized by the PowerShell parser without any errors(&quot;F:\Owner\OneDrive\Data\Programs\Scripts\PowerShell\PsBootstrapCss\src\functions\public\New-BootstrapList.ps1&quot;)" time="0.0116" asserts="0" success="True" result="Success" executed="True" />
                </results>
              </test-suite>
              <test-suite type="ParameterizedTest" name="function 'New-BootstrapList.ps1'.runs without throwing errors" executed="True" result="Success" success="True" time="0.0102" asserts="0" description="runs without throwing errors">
                <results>
                  <test-case description="runs without throwing errors" name="function 'New-BootstrapList.ps1'.runs without throwing errors(&quot;F:\Owner\OneDrive\Data\Programs\Scripts\PowerShell\PsBootstrapCss\src\functions\public\New-BootstrapList.ps1&quot;)" time="0.0102" asserts="0" success="True" result="Success" executed="True" />
                </results>
              </test-suite>
            </results>
          </test-suite>
          <test-suite type="TestFixture" name="function 'New-BootstrapPanel.ps1'" executed="True" result="Success" success="True" time="0.6854" asserts="0" description="function 'New-BootstrapPanel.ps1'">
            <results>
              <test-suite type="ParameterizedTest" name="function 'New-BootstrapPanel.ps1'.can be tokenized by the PowerShell parser without any errors" executed="True" result="Success" success="True" time="0.0093" asserts="0" description="can be tokenized by the PowerShell parser without any errors">
                <results>
                  <test-case description="can be tokenized by the PowerShell parser without any errors" name="function 'New-BootstrapPanel.ps1'.can be tokenized by the PowerShell parser without any errors(&quot;F:\Owner\OneDrive\Data\Programs\Scripts\PowerShell\PsBootstrapCss\src\functions\public\New-BootstrapPanel.ps1&quot;)" time="0.0093" asserts="0" success="True" result="Success" executed="True" />
                </results>
              </test-suite>
              <test-suite type="ParameterizedTest" name="function 'New-BootstrapPanel.ps1'.runs without throwing errors" executed="True" result="Success" success="True" time="0.0093" asserts="0" description="runs without throwing errors">
                <results>
                  <test-case description="runs without throwing errors" name="function 'New-BootstrapPanel.ps1'.runs without throwing errors(&quot;F:\Owner\OneDrive\Data\Programs\Scripts\PowerShell\PsBootstrapCss\src\functions\public\New-BootstrapPanel.ps1&quot;)" time="0.0093" asserts="0" success="True" result="Success" executed="True" />
                </results>
              </test-suite>
            </results>
          </test-suite>
          <test-suite type="TestFixture" name="function 'New-BootstrapReport.ps1'" executed="True" result="Success" success="True" time="0.7144" asserts="0" description="function 'New-BootstrapReport.ps1'">
            <results>
              <test-suite type="ParameterizedTest" name="function 'New-BootstrapReport.ps1'.can be tokenized by the PowerShell parser without any errors" executed="True" result="Success" success="True" time="0.0095" asserts="0" description="can be tokenized by the PowerShell parser without any errors">
                <results>
                  <test-case description="can be tokenized by the PowerShell parser without any errors" name="function 'New-BootstrapReport.ps1'.can be tokenized by the PowerShell parser without any errors(&quot;F:\Owner\OneDrive\Data\Programs\Scripts\PowerShell\PsBootstrapCss\src\functions\public\New-BootstrapReport.ps1&quot;)" time="0.0095" asserts="0" success="True" result="Success" executed="True" />
                </results>
              </test-suite>
              <test-suite type="ParameterizedTest" name="function 'New-BootstrapReport.ps1'.runs without throwing errors" executed="True" result="Success" success="True" time="0.0085" asserts="0" description="runs without throwing errors">
                <results>
                  <test-case description="runs without throwing errors" name="function 'New-BootstrapReport.ps1'.runs without throwing errors(&quot;F:\Owner\OneDrive\Data\Programs\Scripts\PowerShell\PsBootstrapCss\src\functions\public\New-BootstrapReport.ps1&quot;)" time="0.0085" asserts="0" success="True" result="Success" executed="True" />
                </results>
              </test-suite>
            </results>
          </test-suite>
          <test-suite type="TestFixture" name="function 'New-BootstrapTable.ps1'" executed="True" result="Success" success="True" time="0.7345" asserts="0" description="function 'New-BootstrapTable.ps1'">
            <results>
              <test-suite type="ParameterizedTest" name="function 'New-BootstrapTable.ps1'.can be tokenized by the PowerShell parser without any errors" executed="True" result="Success" success="True" time="0.0055" asserts="0" description="can be tokenized by the PowerShell parser without any errors">
                <results>
                  <test-case description="can be tokenized by the PowerShell parser without any errors" name="function 'New-BootstrapTable.ps1'.can be tokenized by the PowerShell parser without any errors(&quot;F:\Owner\OneDrive\Data\Programs\Scripts\PowerShell\PsBootstrapCss\src\functions\public\New-BootstrapTable.ps1&quot;)" time="0.0055" asserts="0" success="True" result="Success" executed="True" />
                </results>
              </test-suite>
              <test-suite type="ParameterizedTest" name="function 'New-BootstrapTable.ps1'.runs without throwing errors" executed="True" result="Success" success="True" time="0.0082" asserts="0" description="runs without throwing errors">
                <results>
                  <test-case description="runs without throwing errors" name="function 'New-BootstrapTable.ps1'.runs without throwing errors(&quot;F:\Owner\OneDrive\Data\Programs\Scripts\PowerShell\PsBootstrapCss\src\functions\public\New-BootstrapTable.ps1&quot;)" time="0.0082" asserts="0" success="True" result="Success" executed="True" />
                </results>
              </test-suite>
            </results>
          </test-suite>
          <test-suite type="TestFixture" name="function 'New-HtmlAnchor.ps1'" executed="True" result="Success" success="True" time="0.7592" asserts="0" description="function 'New-HtmlAnchor.ps1'">
            <results>
              <test-suite type="ParameterizedTest" name="function 'New-HtmlAnchor.ps1'.can be tokenized by the PowerShell parser without any errors" executed="True" result="Success" success="True" time="0.0057" asserts="0" description="can be tokenized by the PowerShell parser without any errors">
                <results>
                  <test-case description="can be tokenized by the PowerShell parser without any errors" name="function 'New-HtmlAnchor.ps1'.can be tokenized by the PowerShell parser without any errors(&quot;F:\Owner\OneDrive\Data\Programs\Scripts\PowerShell\PsBootstrapCss\src\functions\public\New-HtmlAnchor.ps1&quot;)" time="0.0057" asserts="0" success="True" result="Success" executed="True" />
                </results>
              </test-suite>
              <test-suite type="ParameterizedTest" name="function 'New-HtmlAnchor.ps1'.runs without throwing errors" executed="True" result="Success" success="True" time="0.0115" asserts="0" description="runs without throwing errors">
                <results>
                  <test-case description="runs without throwing errors" name="function 'New-HtmlAnchor.ps1'.runs without throwing errors(&quot;F:\Owner\OneDrive\Data\Programs\Scripts\PowerShell\PsBootstrapCss\src\functions\public\New-HtmlAnchor.ps1&quot;)" time="0.0115" asserts="0" success="True" result="Success" executed="True" />
                </results>
              </test-suite>
            </results>
          </test-suite>
          <test-suite type="TestFixture" name="function 'New-HtmlHeading.ps1'" executed="True" result="Success" success="True" time="0.8273" asserts="0" description="function 'New-HtmlHeading.ps1'">
            <results>
              <test-suite type="ParameterizedTest" name="function 'New-HtmlHeading.ps1'.can be tokenized by the PowerShell parser without any errors" executed="True" result="Success" success="True" time="0.0435" asserts="0" description="can be tokenized by the PowerShell parser without any errors">
                <results>
                  <test-case description="can be tokenized by the PowerShell parser without any errors" name="function 'New-HtmlHeading.ps1'.can be tokenized by the PowerShell parser without any errors(&quot;F:\Owner\OneDrive\Data\Programs\Scripts\PowerShell\PsBootstrapCss\src\functions\public\New-HtmlHeading.ps1&quot;)" time="0.0435" asserts="0" success="True" result="Success" executed="True" />
                </results>
              </test-suite>
              <test-suite type="ParameterizedTest" name="function 'New-HtmlHeading.ps1'.runs without throwing errors" executed="True" result="Success" success="True" time="0.0137" asserts="0" description="runs without throwing errors">
                <results>
                  <test-case description="runs without throwing errors" name="function 'New-HtmlHeading.ps1'.runs without throwing errors(&quot;F:\Owner\OneDrive\Data\Programs\Scripts\PowerShell\PsBootstrapCss\src\functions\public\New-HtmlHeading.ps1&quot;)" time="0.0137" asserts="0" success="True" result="Success" executed="True" />
                </results>
              </test-suite>
            </results>
          </test-suite>
          <test-suite type="TestFixture" name="function 'New-HtmlParagraph.ps1'" executed="True" result="Success" success="True" time="0.8778" asserts="0" description="function 'New-HtmlParagraph.ps1'">
            <results>
              <test-suite type="ParameterizedTest" name="function 'New-HtmlParagraph.ps1'.can be tokenized by the PowerShell parser without any errors" executed="True" result="Success" success="True" time="0.0168" asserts="0" description="can be tokenized by the PowerShell parser without any errors">
                <results>
                  <test-case description="can be tokenized by the PowerShell parser without any errors" name="function 'New-HtmlParagraph.ps1'.can be tokenized by the PowerShell parser without any errors(&quot;F:\Owner\OneDrive\Data\Programs\Scripts\PowerShell\PsBootstrapCss\src\functions\public\New-HtmlParagraph.ps1&quot;)" time="0.0168" asserts="0" success="True" result="Success" executed="True" />
                </results>
              </test-suite>
              <test-suite type="ParameterizedTest" name="function 'New-HtmlParagraph.ps1'.runs without throwing errors" executed="True" result="Success" success="True" time="0.009" asserts="0" description="runs without throwing errors">
                <results>
                  <test-case description="runs without throwing errors" name="function 'New-HtmlParagraph.ps1'.runs without throwing errors(&quot;F:\Owner\OneDrive\Data\Programs\Scripts\PowerShell\PsBootstrapCss\src\functions\public\New-HtmlParagraph.ps1&quot;)" time="0.009" asserts="0" success="True" result="Success" executed="True" />
                </results>
              </test-suite>
            </results>
          </test-suite>
        </results>
      </test-suite>
      <test-suite type="TestFixture" name="F:\Owner\OneDrive\Data\Programs\Scripts\PowerShell\PsBootstrapCss\tests\Help.tests.ps1" executed="True" result="Failure" success="False" time="4.1539" asserts="0" description="F:\Owner\OneDrive\Data\Programs\Scripts\PowerShell\PsBootstrapCss\tests\Help.tests.ps1">
        <results>
          <test-suite type="TestFixture" name="help for ConvertTo-BootstrapJavaScriptTable" executed="True" result="Failure" success="False" time="0.6408" asserts="0" description="help for ConvertTo-BootstrapJavaScriptTable">
            <results>
              <test-suite type="TestFixture" name="help for ConvertTo-BootstrapJavaScriptTable.- Help for parameter 'AllColumnsSearchable'" executed="True" result="Failure" success="False" time="0.2661" asserts="0" description="help for ConvertTo-BootstrapJavaScriptTable.- Help for parameter 'AllColumnsSearchable'">
                <results>
                  <test-case description="has a description" name="help for ConvertTo-BootstrapJavaScriptTable.- Help for parameter 'AllColumnsSearchable'.has a description" time="0.0098" asserts="0" success="True" result="Success" executed="True" />
                  <test-case description="has the correct [mandatory] value" name="help for ConvertTo-BootstrapJavaScriptTable.- Help for parameter 'AllColumnsSearchable'.has the correct [mandatory] value" time="0.0563" asserts="0" success="True" result="Success" executed="True" />
                  <test-case description="has the correct parameter type" name="help for ConvertTo-BootstrapJavaScriptTable.- Help for parameter 'AllColumnsSearchable'.has the correct parameter type" time="0.1212" asserts="0" success="False" result="Failure" executed="True">
                    <failure>
                      <message>Expected strings to be the same, but they were different.
Expected length: 15
Actual length:   44
Strings differ at index 1.
Expected: 'SwitchParameter'
But was:  'System.Management.Automation.SwitchParameter'
           -^</message>
                      <stack-trace>at $parameterHelpType | Should -Be $parameter.ParameterType.Name, F:\Owner\OneDrive\Data\Programs\Scripts\PowerShell\PsBootstrapCss\tests\Help.tests.ps1:114
at &lt;ScriptBlock&gt;, F:\Owner\OneDrive\Data\Programs\Scripts\PowerShell\PsBootstrapCss\tests\Help.tests.ps1:114</stack-trace>
                    </failure>
                  </test-case>
                </results>
              </test-suite>
              <test-suite type="TestFixture" name="help for ConvertTo-BootstrapJavaScriptTable.- Help for parameter 'DataFilterControl'" executed="True" result="Failure" success="False" time="0.3298" asserts="0" description="help for ConvertTo-BootstrapJavaScriptTable.- Help for parameter 'DataFilterControl'">
                <results>
                  <test-case description="has a description" name="help for ConvertTo-BootstrapJavaScriptTable.- Help for parameter 'DataFilterControl'.has a description" time="0.0048" asserts="0" success="True" result="Success" executed="True" />
                  <test-case description="has the correct [mandatory] value" name="help for ConvertTo-BootstrapJavaScriptTable.- Help for parameter 'DataFilterControl'.has the correct [mandatory] value" time="0.006" asserts="0" success="True" result="Success" executed="True" />
                  <test-case description="has the correct parameter type" name="help for ConvertTo-BootstrapJavaScriptTable.- Help for parameter 'DataFilterControl'.has the correct parameter type" time="0.0402" asserts="0" success="False" result="Failure" executed="True">
                    <failure>
                      <message>Expected strings to be the same, but they were different.
Expected length: 15
Actual length:   44
Strings differ at index 1.
Expected: 'SwitchParameter'
But was:  'System.Management.Automation.SwitchParameter'
           -^</message>
                      <stack-trace>at $parameterHelpType | Should -Be $parameter.ParameterType.Name, F:\Owner\OneDrive\Data\Programs\Scripts\PowerShell\PsBootstrapCss\tests\Help.tests.ps1:114
at &lt;ScriptBlock&gt;, F:\Owner\OneDrive\Data\Programs\Scripts\PowerShell\PsBootstrapCss\tests\Help.tests.ps1:114</stack-trace>
                    </failure>
                  </test-case>
                </results>
              </test-suite>
              <test-suite type="TestFixture" name="help for ConvertTo-BootstrapJavaScriptTable.- Help for parameter 'DropdownColumn'" executed="True" result="Failure" success="False" time="0.3639" asserts="0" description="help for ConvertTo-BootstrapJavaScriptTable.- Help for parameter 'DropdownColumn'">
                <results>
                  <test-case description="has a description" name="help for ConvertTo-BootstrapJavaScriptTable.- Help for parameter 'DropdownColumn'.has a description" time="0.0058" asserts="0" success="True" result="Success" executed="True" />
                  <test-case description="has the correct [mandatory] value" name="help for ConvertTo-BootstrapJavaScriptTable.- Help for parameter 'DropdownColumn'.has the correct [mandatory] value" time="0.0056" asserts="0" success="True" result="Success" executed="True" />
                  <test-case description="has the correct parameter type" name="help for ConvertTo-BootstrapJavaScriptTable.- Help for parameter 'DropdownColumn'.has the correct parameter type" time="0.0116" asserts="0" success="False" result="Failure" executed="True">
                    <failure>
                      <message>Expected strings to be the same, but they were different.
Expected length: 8
Actual length:   15
Strings differ at index 1.
Expected: 'String[]'
But was:  'System.String[]'
           -^</message>
                      <stack-trace>at $parameterHelpType | Should -Be $parameter.ParameterType.Name, F:\Owner\OneDrive\Data\Programs\Scripts\PowerShell\PsBootstrapCss\tests\Help.tests.ps1:114
at &lt;ScriptBlock&gt;, F:\Owner\OneDrive\Data\Programs\Scripts\PowerShell\PsBootstrapCss\tests\Help.tests.ps1:114</stack-trace>
                    </failure>
                  </test-case>
                </results>
              </test-suite>
              <test-suite type="TestFixture" name="help for ConvertTo-BootstrapJavaScriptTable.- Help for parameter 'Id'" executed="True" result="Failure" success="False" time="0.3976" asserts="0" description="help for ConvertTo-BootstrapJavaScriptTable.- Help for parameter 'Id'">
                <results>
                  <test-case description="has a description" name="help for ConvertTo-BootstrapJavaScriptTable.- Help for parameter 'Id'.has a description" time="0.0059" asserts="0" success="True" result="Success" executed="True" />
                  <test-case description="has the correct [mandatory] value" name="help for ConvertTo-BootstrapJavaScriptTable.- Help for parameter 'Id'.has the correct [mandatory] value" time="0.0036" asserts="0" success="True" result="Success" executed="True" />
                  <test-case description="has the correct parameter type" name="help for ConvertTo-BootstrapJavaScriptTable.- Help for parameter 'Id'.has the correct parameter type" time="0.0147" asserts="0" success="False" result="Failure" executed="True">
                    <failure>
                      <message>Expected strings to be the same, but they were different.
Expected length: 6
Actual length:   13
Strings differ at index 1.
Expected: 'String'
But was:  'System.String'
           -^</message>
                      <stack-trace>at $parameterHelpType | Should -Be $parameter.ParameterType.Name, F:\Owner\OneDrive\Data\Programs\Scripts\PowerShell\PsBootstrapCss\tests\Help.tests.ps1:114
at &lt;ScriptBlock&gt;, F:\Owner\OneDrive\Data\Programs\Scripts\PowerShell\PsBootstrapCss\tests\Help.tests.ps1:114</stack-trace>
                    </failure>
                  </test-case>
                </results>
              </test-suite>
              <test-suite type="TestFixture" name="help for ConvertTo-BootstrapJavaScriptTable.- Help for parameter 'InputObject'" executed="True" result="Failure" success="False" time="0.439" asserts="0" description="help for ConvertTo-BootstrapJavaScriptTable.- Help for parameter 'InputObject'">
                <results>
                  <test-case description="has a description" name="help for ConvertTo-BootstrapJavaScriptTable.- Help for parameter 'InputObject'.has a description" time="0.0045" asserts="0" success="True" result="Success" executed="True" />
                  <test-case description="has the correct [mandatory] value" name="help for ConvertTo-BootstrapJavaScriptTable.- Help for parameter 'InputObject'.has the correct [mandatory] value" time="0.0033" asserts="0" success="True" result="Success" executed="True" />
                  <test-case description="has the correct parameter type" name="help for ConvertTo-BootstrapJavaScriptTable.- Help for parameter 'InputObject'.has the correct parameter type" time="0.0209" asserts="0" success="False" result="Failure" executed="True">
                    <failure>
                      <message>Expected strings to be the same, but they were different.
Expected length: 6
Actual length:   13
Strings differ at index 0.
Expected: 'Object'
But was:  'System.Object'
           ^</message>
                      <stack-trace>at $parameterHelpType | Should -Be $parameter.ParameterType.Name, F:\Owner\OneDrive\Data\Programs\Scripts\PowerShell\PsBootstrapCss\tests\Help.tests.ps1:114
at &lt;ScriptBlock&gt;, F:\Owner\OneDrive\Data\Programs\Scripts\PowerShell\PsBootstrapCss\tests\Help.tests.ps1:114</stack-trace>
                    </failure>
                  </test-case>
                </results>
              </test-suite>
              <test-suite type="TestFixture" name="help for ConvertTo-BootstrapJavaScriptTable.- Help for parameter 'PageSize'" executed="True" result="Failure" success="False" time="0.492" asserts="0" description="help for ConvertTo-BootstrapJavaScriptTable.- Help for parameter 'PageSize'">
                <results>
                  <test-case description="has a description" name="help for ConvertTo-BootstrapJavaScriptTable.- Help for parameter 'PageSize'.has a description" time="0.0107" asserts="0" success="True" result="Success" executed="True" />
                  <test-case description="has the correct [mandatory] value" name="help for ConvertTo-BootstrapJavaScriptTable.- Help for parameter 'PageSize'.has the correct [mandatory] value" time="0.0086" asserts="0" success="True" result="Success" executed="True" />
                  <test-case description="has the correct parameter type" name="help for ConvertTo-BootstrapJavaScriptTable.- Help for parameter 'PageSize'.has the correct parameter type" time="0.0144" asserts="0" success="False" result="Failure" executed="True">
                    <failure>
                      <message>Expected strings to be the same, but they were different.
Expected length: 5
Actual length:   12
Strings differ at index 0.
Expected: 'Int32'
But was:  'System.Int32'
           ^</message>
                      <stack-trace>at $parameterHelpType | Should -Be $parameter.ParameterType.Name, F:\Owner\OneDrive\Data\Programs\Scripts\PowerShell\PsBootstrapCss\tests\Help.tests.ps1:114
at &lt;ScriptBlock&gt;, F:\Owner\OneDrive\Data\Programs\Scripts\PowerShell\PsBootstrapCss\tests\Help.tests.ps1:114</stack-trace>
                    </failure>
                  </test-case>
                </results>
              </test-suite>
              <test-suite type="TestFixture" name="help for ConvertTo-BootstrapJavaScriptTable.- Help for parameter 'PropNames'" executed="True" result="Failure" success="False" time="0.5334" asserts="0" description="help for ConvertTo-BootstrapJavaScriptTable.- Help for parameter 'PropNames'">
                <results>
                  <test-case description="has a description" name="help for ConvertTo-BootstrapJavaScriptTable.- Help for parameter 'PropNames'.has a description" time="0.0065" asserts="0" success="True" result="Success" executed="True" />
                  <test-case description="has the correct [mandatory] value" name="help for ConvertTo-BootstrapJavaScriptTable.- Help for parameter 'PropNames'.has the correct [mandatory] value" time="0.0052" asserts="0" success="True" result="Success" executed="True" />
                  <test-case description="has the correct parameter type" name="help for ConvertTo-BootstrapJavaScriptTable.- Help for parameter 'PropNames'.has the correct parameter type" time="0.0139" asserts="0" success="False" result="Failure" executed="True">
                    <failure>
                      <message>Expected strings to be the same, but they were different.
Expected length: 8
Actual length:   15
Strings differ at index 1.
Expected: 'String[]'
But was:  'System.String[]'
           -^</message>
                      <stack-trace>at $parameterHelpType | Should -Be $parameter.ParameterType.Name, F:\Owner\OneDrive\Data\Programs\Scripts\PowerShell\PsBootstrapCss\tests\Help.tests.ps1:114
at &lt;ScriptBlock&gt;, F:\Owner\OneDrive\Data\Programs\Scripts\PowerShell\PsBootstrapCss\tests\Help.tests.ps1:114</stack-trace>
                    </failure>
                  </test-case>
                </results>
              </test-suite>
              <test-suite type="TestFixture" name="help for ConvertTo-BootstrapJavaScriptTable.- Help for parameter 'SearchableColumn'" executed="True" result="Failure" success="False" time="0.5759" asserts="0" description="help for ConvertTo-BootstrapJavaScriptTable.- Help for parameter 'SearchableColumn'">
                <results>
                  <test-case description="has a description" name="help for ConvertTo-BootstrapJavaScriptTable.- Help for parameter 'SearchableColumn'.has a description" time="0.0053" asserts="0" success="True" result="Success" executed="True" />
                  <test-case description="has the correct [mandatory] value" name="help for ConvertTo-BootstrapJavaScriptTable.- Help for parameter 'SearchableColumn'.has the correct [mandatory] value" time="0.0086" asserts="0" success="True" result="Success" executed="True" />
                  <test-case description="has the correct parameter type" name="help for ConvertTo-BootstrapJavaScriptTable.- Help for parameter 'SearchableColumn'.has the correct parameter type" time="0.0153" asserts="0" success="False" result="Failure" executed="True">
                    <failure>
                      <message>Expected strings to be the same, but they were different.
Expected length: 8
Actual length:   15
Strings differ at index 1.
Expected: 'String[]'
But was:  'System.String[]'
           -^</message>
                      <stack-trace>at $parameterHelpType | Should -Be $parameter.ParameterType.Name, F:\Owner\OneDrive\Data\Programs\Scripts\PowerShell\PsBootstrapCss\tests\Help.tests.ps1:114
at &lt;ScriptBlock&gt;, F:\Owner\OneDrive\Data\Programs\Scripts\PowerShell\PsBootstrapCss\tests\Help.tests.ps1:114</stack-trace>
                    </failure>
                  </test-case>
                </results>
              </test-suite>
              <test-suite type="TestFixture" name="help for ConvertTo-BootstrapJavaScriptTable.- Help for parameter 'UnsortableColumn'" executed="True" result="Failure" success="False" time="0.6156" asserts="0" description="help for ConvertTo-BootstrapJavaScriptTable.- Help for parameter 'UnsortableColumn'">
                <results>
                  <test-case description="has a description" name="help for ConvertTo-BootstrapJavaScriptTable.- Help for parameter 'UnsortableColumn'.has a description" time="0.0053" asserts="0" success="True" result="Success" executed="True" />
                  <test-case description="has the correct [mandatory] value" name="help for ConvertTo-BootstrapJavaScriptTable.- Help for parameter 'UnsortableColumn'.has the correct [mandatory] value" time="0.0038" asserts="0" success="True" result="Success" executed="True" />
                  <test-case description="has the correct parameter type" name="help for ConvertTo-BootstrapJavaScriptTable.- Help for parameter 'UnsortableColumn'.has the correct parameter type" time="0.0194" asserts="0" success="False" result="Failure" executed="True">
                    <failure>
                      <message>Expected strings to be the same, but they were different.
Expected length: 8
Actual length:   15
Strings differ at index 1.
Expected: 'String[]'
But was:  'System.String[]'
           -^</message>
                      <stack-trace>at $parameterHelpType | Should -Be $parameter.ParameterType.Name, F:\Owner\OneDrive\Data\Programs\Scripts\PowerShell\PsBootstrapCss\tests\Help.tests.ps1:114
at &lt;ScriptBlock&gt;, F:\Owner\OneDrive\Data\Programs\Scripts\PowerShell\PsBootstrapCss\tests\Help.tests.ps1:114</stack-trace>
                    </failure>
                  </test-case>
                </results>
              </test-suite>
              <test-case description="is not auto-generated" name="help for ConvertTo-BootstrapJavaScriptTable.is not auto-generated" time="0.0091" asserts="0" success="True" result="Success" executed="True" />
              <test-case description="has a description" name="help for ConvertTo-BootstrapJavaScriptTable.has a description" time="0.03" asserts="0" success="True" result="Success" executed="True" />
              <test-case description="has example code" name="help for ConvertTo-BootstrapJavaScriptTable.has example code" time="0.0129" asserts="0" success="True" result="Success" executed="True" />
              <test-case description="has example help" name="help for ConvertTo-BootstrapJavaScriptTable.has example help" time="0.0059" asserts="0" success="True" result="Success" executed="True" />
            </results>
          </test-suite>
          <test-suite type="TestFixture" name="help for ConvertTo-BootstrapListGroup" executed="True" result="Failure" success="False" time="0.7955" asserts="0" description="help for ConvertTo-BootstrapListGroup">
            <results>
              <test-suite type="TestFixture" name="help for ConvertTo-BootstrapListGroup.- Help for parameter 'HtmlList'" executed="True" result="Success" success="True" time="0.0555" asserts="0" description="help for ConvertTo-BootstrapListGroup.- Help for parameter 'HtmlList'">
                <results>
                  <test-case description="has a description" name="help for ConvertTo-BootstrapListGroup.- Help for parameter 'HtmlList'.has a description" time="0.0056" asserts="0" success="True" result="Success" executed="True" />
                  <test-case description="has the correct [mandatory] value" name="help for ConvertTo-BootstrapListGroup.- Help for parameter 'HtmlList'.has the correct [mandatory] value" time="0.0161" asserts="0" success="True" result="Success" executed="True" />
                  <test-case description="has the correct parameter type" name="help for ConvertTo-BootstrapListGroup.- Help for parameter 'HtmlList'.has the correct parameter type" time="0.0052" asserts="0" success="True" result="Success" executed="True" />
                </results>
              </test-suite>
              <test-suite type="TestFixture" name="help for ConvertTo-BootstrapListGroup.- Help for parameter 'ProgressAction'" executed="True" result="Failure" success="False" time="0.1214" asserts="0" description="help for ConvertTo-BootstrapListGroup.- Help for parameter 'ProgressAction'">
                <results>
                  <test-case description="has a description" name="help for ConvertTo-BootstrapListGroup.- Help for parameter 'ProgressAction'.has a description" time="0.0319" asserts="0" success="False" result="Failure" executed="True">
                    <failure>
                      <message>Expected a value, but got $null or empty.</message>
                      <stack-trace>at $parameterHelp.Description.Text | Should -Not -BeNullOrEmpty, F:\Owner\OneDrive\Data\Programs\Scripts\PowerShell\PsBootstrapCss\tests\Help.tests.ps1:103
at &lt;ScriptBlock&gt;, F:\Owner\OneDrive\Data\Programs\Scripts\PowerShell\PsBootstrapCss\tests\Help.tests.ps1:103</stack-trace>
                    </failure>
                  </test-case>
                  <test-case description="has the correct [mandatory] value" name="help for ConvertTo-BootstrapListGroup.- Help for parameter 'ProgressAction'.has the correct [mandatory] value" time="0.0154" asserts="0" success="False" result="Failure" executed="True">
                    <failure>
                      <message>Expected 'False', but got $null.</message>
                      <stack-trace>at $parameterHelp.Required | Should -Be $codeMandatory, F:\Owner\OneDrive\Data\Programs\Scripts\PowerShell\PsBootstrapCss\tests\Help.tests.ps1:109
at &lt;ScriptBlock&gt;, F:\Owner\OneDrive\Data\Programs\Scripts\PowerShell\PsBootstrapCss\tests\Help.tests.ps1:109</stack-trace>
                    </failure>
                  </test-case>
                  <test-case description="has the correct parameter type" name="help for ConvertTo-BootstrapListGroup.- Help for parameter 'ProgressAction'.has the correct parameter type" time="0.0091" asserts="0" success="False" result="Failure" executed="True">
                    <failure>
                      <message>Expected 'ActionPreference', but got $null.</message>
                      <stack-trace>at $parameterHelpType | Should -Be $parameter.ParameterType.Name, F:\Owner\OneDrive\Data\Programs\Scripts\PowerShell\PsBootstrapCss\tests\Help.tests.ps1:114
at &lt;ScriptBlock&gt;, F:\Owner\OneDrive\Data\Programs\Scripts\PowerShell\PsBootstrapCss\tests\Help.tests.ps1:114</stack-trace>
                    </failure>
                  </test-case>
                </results>
              </test-suite>
              <test-case description="is not auto-generated" name="help for ConvertTo-BootstrapListGroup.is not auto-generated" time="0.0062" asserts="0" success="True" result="Success" executed="True" />
              <test-case description="has a description" name="help for ConvertTo-BootstrapListGroup.has a description" time="0.0032" asserts="0" success="True" result="Success" executed="True" />
              <test-case description="has example code" name="help for ConvertTo-BootstrapListGroup.has example code" time="0.0034" asserts="0" success="True" result="Success" executed="True" />
              <test-case description="has example help" name="help for ConvertTo-BootstrapListGroup.has example help" time="0.0054" asserts="0" success="True" result="Success" executed="True" />
            </results>
          </test-suite>
          <test-suite type="TestFixture" name="help for ConvertTo-BootstrapTableScript" executed="True" result="Failure" success="False" time="1.0399" asserts="0" description="help for ConvertTo-BootstrapTableScript">
            <results>
              <test-suite type="TestFixture" name="help for ConvertTo-BootstrapTableScript.- Help for parameter 'Classes'" executed="True" result="Failure" success="False" time="0.0598" asserts="0" description="help for ConvertTo-BootstrapTableScript.- Help for parameter 'Classes'">
                <results>
                  <test-case description="has a description" name="help for ConvertTo-BootstrapTableScript.- Help for parameter 'Classes'.has a description" time="0.0102" asserts="0" success="True" result="Success" executed="True" />
                  <test-case description="has the correct [mandatory] value" name="help for ConvertTo-BootstrapTableScript.- Help for parameter 'Classes'.has the correct [mandatory] value" time="0.0067" asserts="0" success="True" result="Success" executed="True" />
                  <test-case description="has the correct parameter type" name="help for ConvertTo-BootstrapTableScript.- Help for parameter 'Classes'.has the correct parameter type" time="0.0098" asserts="0" success="False" result="Failure" executed="True">
                    <failure>
                      <message>Expected strings to be the same, but they were different.
Expected length: 6
Actual length:   13
Strings differ at index 1.
Expected: 'String'
But was:  'System.String'
           -^</message>
                      <stack-trace>at $parameterHelpType | Should -Be $parameter.ParameterType.Name, F:\Owner\OneDrive\Data\Programs\Scripts\PowerShell\PsBootstrapCss\tests\Help.tests.ps1:114
at &lt;ScriptBlock&gt;, F:\Owner\OneDrive\Data\Programs\Scripts\PowerShell\PsBootstrapCss\tests\Help.tests.ps1:114</stack-trace>
                    </failure>
                  </test-case>
                </results>
              </test-suite>
              <test-suite type="TestFixture" name="help for ConvertTo-BootstrapTableScript.- Help for parameter 'ColumnJson'" executed="True" result="Failure" success="False" time="0.1028" asserts="0" description="help for ConvertTo-BootstrapTableScript.- Help for parameter 'ColumnJson'">
                <results>
                  <test-case description="has a description" name="help for ConvertTo-BootstrapTableScript.- Help for parameter 'ColumnJson'.has a description" time="0.014" asserts="0" success="True" result="Success" executed="True" />
                  <test-case description="has the correct [mandatory] value" name="help for ConvertTo-BootstrapTableScript.- Help for parameter 'ColumnJson'.has the correct [mandatory] value" time="0.0044" asserts="0" success="True" result="Success" executed="True" />
                  <test-case description="has the correct parameter type" name="help for ConvertTo-BootstrapTableScript.- Help for parameter 'ColumnJson'.has the correct parameter type" time="0.0124" asserts="0" success="False" result="Failure" executed="True">
                    <failure>
                      <message>Expected strings to be the same, but they were different.
Expected length: 6
Actual length:   13
Strings differ at index 1.
Expected: 'String'
But was:  'System.String'
           -^</message>
                      <stack-trace>at $parameterHelpType | Should -Be $parameter.ParameterType.Name, F:\Owner\OneDrive\Data\Programs\Scripts\PowerShell\PsBootstrapCss\tests\Help.tests.ps1:114
at &lt;ScriptBlock&gt;, F:\Owner\OneDrive\Data\Programs\Scripts\PowerShell\PsBootstrapCss\tests\Help.tests.ps1:114</stack-trace>
                    </failure>
                  </test-case>
                </results>
              </test-suite>
              <test-suite type="TestFixture" name="help for ConvertTo-BootstrapTableScript.- Help for parameter 'DataJson'" executed="True" result="Failure" success="False" time="0.1364" asserts="0" description="help for ConvertTo-BootstrapTableScript.- Help for parameter 'DataJson'">
                <results>
                  <test-case description="has a description" name="help for ConvertTo-BootstrapTableScript.- Help for parameter 'DataJson'.has a description" time="0.0048" asserts="0" success="True" result="Success" executed="True" />
                  <test-case description="has the correct [mandatory] value" name="help for ConvertTo-BootstrapTableScript.- Help for parameter 'DataJson'.has the correct [mandatory] value" time="0.0029" asserts="0" success="True" result="Success" executed="True" />
                  <test-case description="has the correct parameter type" name="help for ConvertTo-BootstrapTableScript.- Help for parameter 'DataJson'.has the correct parameter type" time="0.0162" asserts="0" success="False" result="Failure" executed="True">
                    <failure>
                      <message>Expected strings to be the same, but they were different.
Expected length: 6
Actual length:   13
Strings differ at index 1.
Expected: 'String'
But was:  'System.String'
           -^</message>
                      <stack-trace>at $parameterHelpType | Should -Be $parameter.ParameterType.Name, F:\Owner\OneDrive\Data\Programs\Scripts\PowerShell\PsBootstrapCss\tests\Help.tests.ps1:114
at &lt;ScriptBlock&gt;, F:\Owner\OneDrive\Data\Programs\Scripts\PowerShell\PsBootstrapCss\tests\Help.tests.ps1:114</stack-trace>
                    </failure>
                  </test-case>
                </results>
              </test-suite>
              <test-suite type="TestFixture" name="help for ConvertTo-BootstrapTableScript.- Help for parameter 'HeaderStyle'" executed="True" result="Failure" success="False" time="0.1623" asserts="0" description="help for ConvertTo-BootstrapTableScript.- Help for parameter 'HeaderStyle'">
                <results>
                  <test-case description="has a description" name="help for ConvertTo-BootstrapTableScript.- Help for parameter 'HeaderStyle'.has a description" time="0.0047" asserts="0" success="True" result="Success" executed="True" />
                  <test-case description="has the correct [mandatory] value" name="help for ConvertTo-BootstrapTableScript.- Help for parameter 'HeaderStyle'.has the correct [mandatory] value" time="0.0034" asserts="0" success="True" result="Success" executed="True" />
                  <test-case description="has the correct parameter type" name="help for ConvertTo-BootstrapTableScript.- Help for parameter 'HeaderStyle'.has the correct parameter type" time="0.0082" asserts="0" success="False" result="Failure" executed="True">
                    <failure>
                      <message>Expected strings to be the same, but they were different.
Expected length: 6
Actual length:   13
Strings differ at index 1.
Expected: 'String'
But was:  'System.String'
           -^</message>
                      <stack-trace>at $parameterHelpType | Should -Be $parameter.ParameterType.Name, F:\Owner\OneDrive\Data\Programs\Scripts\PowerShell\PsBootstrapCss\tests\Help.tests.ps1:114
at &lt;ScriptBlock&gt;, F:\Owner\OneDrive\Data\Programs\Scripts\PowerShell\PsBootstrapCss\tests\Help.tests.ps1:114</stack-trace>
                    </failure>
                  </test-case>
                </results>
              </test-suite>
              <test-suite type="TestFixture" name="help for ConvertTo-BootstrapTableScript.- Help for parameter 'ProgressAction'" executed="True" result="Failure" success="False" time="0.1926" asserts="0" description="help for ConvertTo-BootstrapTableScript.- Help for parameter 'ProgressAction'">
                <results>
                  <test-case description="has a description" name="help for ConvertTo-BootstrapTableScript.- Help for parameter 'ProgressAction'.has a description" time="0.0038" asserts="0" success="True" result="Success" executed="True" />
                  <test-case description="has the correct [mandatory] value" name="help for ConvertTo-BootstrapTableScript.- Help for parameter 'ProgressAction'.has the correct [mandatory] value" time="0.0074" asserts="0" success="True" result="Success" executed="True" />
                  <test-case description="has the correct parameter type" name="help for ConvertTo-BootstrapTableScript.- Help for parameter 'ProgressAction'.has the correct parameter type" time="0.0098" asserts="0" success="False" result="Failure" executed="True">
                    <failure>
                      <message>Expected strings to be the same, but they were different.
Expected length: 16
Actual length:   45
Strings differ at index 0.
Expected: 'ActionPreference'
But was:  'System.Management.Automation.ActionPreference'
           ^</message>
                      <stack-trace>at $parameterHelpType | Should -Be $parameter.ParameterType.Name, F:\Owner\OneDrive\Data\Programs\Scripts\PowerShell\PsBootstrapCss\tests\Help.tests.ps1:114
at &lt;ScriptBlock&gt;, F:\Owner\OneDrive\Data\Programs\Scripts\PowerShell\PsBootstrapCss\tests\Help.tests.ps1:114</stack-trace>
                    </failure>
                  </test-case>
                </results>
              </test-suite>
              <test-suite type="TestFixture" name="help for ConvertTo-BootstrapTableScript.- Help for parameter 'TableId'" executed="True" result="Failure" success="False" time="0.2218" asserts="0" description="help for ConvertTo-BootstrapTableScript.- Help for parameter 'TableId'">
                <results>
                  <test-case description="has a description" name="help for ConvertTo-BootstrapTableScript.- Help for parameter 'TableId'.has a description" time="0.0044" asserts="0" success="True" result="Success" executed="True" />
                  <test-case description="has the correct [mandatory] value" name="help for ConvertTo-BootstrapTableScript.- Help for parameter 'TableId'.has the correct [mandatory] value" time="0.003" asserts="0" success="True" result="Success" executed="True" />
                  <test-case description="has the correct parameter type" name="help for ConvertTo-BootstrapTableScript.- Help for parameter 'TableId'.has the correct parameter type" time="0.0137" asserts="0" success="False" result="Failure" executed="True">
                    <failure>
                      <message>Expected strings to be the same, but they were different.
Expected length: 6
Actual length:   13
Strings differ at index 1.
Expected: 'String'
But was:  'System.String'
           -^</message>
                      <stack-trace>at $parameterHelpType | Should -Be $parameter.ParameterType.Name, F:\Owner\OneDrive\Data\Programs\Scripts\PowerShell\PsBootstrapCss\tests\Help.tests.ps1:114
at &lt;ScriptBlock&gt;, F:\Owner\OneDrive\Data\Programs\Scripts\PowerShell\PsBootstrapCss\tests\Help.tests.ps1:114</stack-trace>
                    </failure>
                  </test-case>
                </results>
              </test-suite>
              <test-case description="is not auto-generated" name="help for ConvertTo-BootstrapTableScript.is not auto-generated" time="0.0062" asserts="0" success="True" result="Success" executed="True" />
              <test-case description="has a description" name="help for ConvertTo-BootstrapTableScript.has a description" time="0.0056" asserts="0" success="True" result="Success" executed="True" />
              <test-case description="has example code" name="help for ConvertTo-BootstrapTableScript.has example code" time="0.0034" asserts="0" success="True" result="Success" executed="True" />
              <test-case description="has example help" name="help for ConvertTo-BootstrapTableScript.has example help" time="0.0032" asserts="0" success="True" result="Success" executed="True" />
            </results>
          </test-suite>
          <test-suite type="TestFixture" name="help for ConvertTo-HtmlList" executed="True" result="Failure" success="False" time="1.1769" asserts="0" description="help for ConvertTo-HtmlList">
            <results>
              <test-suite type="TestFixture" name="help for ConvertTo-HtmlList.- Help for parameter 'InputObject'" executed="True" result="Failure" success="False" time="0.054" asserts="0" description="help for ConvertTo-HtmlList.- Help for parameter 'InputObject'">
                <results>
                  <test-case description="has a description" name="help for ConvertTo-HtmlList.- Help for parameter 'InputObject'.has a description" time="0.0053" asserts="0" success="True" result="Success" executed="True" />
                  <test-case description="has the correct [mandatory] value" name="help for ConvertTo-HtmlList.- Help for parameter 'InputObject'.has the correct [mandatory] value" time="0.0052" asserts="0" success="True" result="Success" executed="True" />
                  <test-case description="has the correct parameter type" name="help for ConvertTo-HtmlList.- Help for parameter 'InputObject'.has the correct parameter type" time="0.0081" asserts="0" success="False" result="Failure" executed="True">
                    <failure>
                      <message>Expected strings to be the same, but they were different.
Expected length: 8
Actual length:   15
Strings differ at index 1.
Expected: 'String[]'
But was:  'System.String[]'
           -^</message>
                      <stack-trace>at $parameterHelpType | Should -Be $parameter.ParameterType.Name, F:\Owner\OneDrive\Data\Programs\Scripts\PowerShell\PsBootstrapCss\tests\Help.tests.ps1:114
at &lt;ScriptBlock&gt;, F:\Owner\OneDrive\Data\Programs\Scripts\PowerShell\PsBootstrapCss\tests\Help.tests.ps1:114</stack-trace>
                    </failure>
                  </test-case>
                </results>
              </test-suite>
              <test-suite type="TestFixture" name="help for ConvertTo-HtmlList.- Help for parameter 'Ordered'" executed="True" result="Failure" success="False" time="0.0903" asserts="0" description="help for ConvertTo-HtmlList.- Help for parameter 'Ordered'">
                <results>
                  <test-case description="has a description" name="help for ConvertTo-HtmlList.- Help for parameter 'Ordered'.has a description" time="0.0071" asserts="0" success="True" result="Success" executed="True" />
                  <test-case description="has the correct [mandatory] value" name="help for ConvertTo-HtmlList.- Help for parameter 'Ordered'.has the correct [mandatory] value" time="0.0031" asserts="0" success="True" result="Success" executed="True" />
                  <test-case description="has the correct parameter type" name="help for ConvertTo-HtmlList.- Help for parameter 'Ordered'.has the correct parameter type" time="0.0116" asserts="0" success="False" result="Failure" executed="True">
                    <failure>
                      <message>Expected strings to be the same, but they were different.
Expected length: 15
Actual length:   44
Strings differ at index 1.
Expected: 'SwitchParameter'
But was:  'System.Management.Automation.SwitchParameter'
           -^</message>
                      <stack-trace>at $parameterHelpType | Should -Be $parameter.ParameterType.Name, F:\Owner\OneDrive\Data\Programs\Scripts\PowerShell\PsBootstrapCss\tests\Help.tests.ps1:114
at &lt;ScriptBlock&gt;, F:\Owner\OneDrive\Data\Programs\Scripts\PowerShell\PsBootstrapCss\tests\Help.tests.ps1:114</stack-trace>
                    </failure>
                  </test-case>
                </results>
              </test-suite>
              <test-suite type="TestFixture" name="help for ConvertTo-HtmlList.- Help for parameter 'ProgressAction'" executed="True" result="Failure" success="False" time="0.1213" asserts="0" description="help for ConvertTo-HtmlList.- Help for parameter 'ProgressAction'">
                <results>
                  <test-case description="has a description" name="help for ConvertTo-HtmlList.- Help for parameter 'ProgressAction'.has a description" time="0.0107" asserts="0" success="True" result="Success" executed="True" />
                  <test-case description="has the correct [mandatory] value" name="help for ConvertTo-HtmlList.- Help for parameter 'ProgressAction'.has the correct [mandatory] value" time="0.0029" asserts="0" success="True" result="Success" executed="True" />
                  <test-case description="has the correct parameter type" name="help for ConvertTo-HtmlList.- Help for parameter 'ProgressAction'.has the correct parameter type" time="0.0091" asserts="0" success="False" result="Failure" executed="True">
                    <failure>
                      <message>Expected strings to be the same, but they were different.
Expected length: 16
Actual length:   45
Strings differ at index 0.
Expected: 'ActionPreference'
But was:  'System.Management.Automation.ActionPreference'
           ^</message>
                      <stack-trace>at $parameterHelpType | Should -Be $parameter.ParameterType.Name, F:\Owner\OneDrive\Data\Programs\Scripts\PowerShell\PsBootstrapCss\tests\Help.tests.ps1:114
at &lt;ScriptBlock&gt;, F:\Owner\OneDrive\Data\Programs\Scripts\PowerShell\PsBootstrapCss\tests\Help.tests.ps1:114</stack-trace>
                    </failure>
                  </test-case>
                </results>
              </test-suite>
              <test-case description="is not auto-generated" name="help for ConvertTo-HtmlList.is not auto-generated" time="0.0051" asserts="0" success="True" result="Success" executed="True" />
              <test-case description="has a description" name="help for ConvertTo-HtmlList.has a description" time="0.005" asserts="0" success="True" result="Success" executed="True" />
              <test-case description="has example code" name="help for ConvertTo-HtmlList.has example code" time="0.0053" asserts="0" success="True" result="Success" executed="True" />
              <test-case description="has example help" name="help for ConvertTo-HtmlList.has example help" time="0.0035" asserts="0" success="True" result="Success" executed="True" />
            </results>
          </test-suite>
          <test-suite type="TestFixture" name="help for Get-BootstrapTemplate" executed="True" result="Success" success="True" time="1.2112" asserts="0" description="help for Get-BootstrapTemplate">
            <results>
              <test-case description="is not auto-generated" name="help for Get-BootstrapTemplate.is not auto-generated" time="0.0039" asserts="0" success="True" result="Success" executed="True" />
              <test-case description="has a description" name="help for Get-BootstrapTemplate.has a description" time="0.0071" asserts="0" success="True" result="Success" executed="True" />
              <test-case description="has example code" name="help for Get-BootstrapTemplate.has example code" time="0.0041" asserts="0" success="True" result="Success" executed="True" />
              <test-case description="has example help" name="help for Get-BootstrapTemplate.has example help" time="0.0035" asserts="0" success="True" result="Success" executed="True" />
            </results>
          </test-suite>
          <test-suite type="TestFixture" name="help for Get-JavaScript" executed="True" result="Success" success="True" time="1.2562" asserts="0" description="help for Get-JavaScript">
            <results>
              <test-case description="is not auto-generated" name="help for Get-JavaScript.is not auto-generated" time="0.0057" asserts="0" success="True" result="Success" executed="True" />
              <test-case description="has a description" name="help for Get-JavaScript.has a description" time="0.0043" asserts="0" success="True" result="Success" executed="True" />
              <test-case description="has example code" name="help for Get-JavaScript.has example code" time="0.0115" asserts="0" success="True" result="Success" executed="True" />
              <test-case description="has example help" name="help for Get-JavaScript.has example help" time="0.0052" asserts="0" success="True" result="Success" executed="True" />
            </results>
          </test-suite>
          <test-suite type="TestFixture" name="help for New-BootstrapAlert" executed="True" result="Failure" success="False" time="1.4852" asserts="0" description="help for New-BootstrapAlert">
            <results>
              <test-suite type="TestFixture" name="help for New-BootstrapAlert.- Help for parameter 'AdditionalClasses'" executed="True" result="Failure" success="False" time="0.055" asserts="0" description="help for New-BootstrapAlert.- Help for parameter 'AdditionalClasses'">
                <results>
                  <test-case description="has a description" name="help for New-BootstrapAlert.- Help for parameter 'AdditionalClasses'.has a description" time="0.018" asserts="0" success="False" result="Failure" executed="True">
                    <failure>
                      <message>Expected a value, but got $null or empty.</message>
                      <stack-trace>at $parameterHelp.Description.Text | Should -Not -BeNullOrEmpty, F:\Owner\OneDrive\Data\Programs\Scripts\PowerShell\PsBootstrapCss\tests\Help.tests.ps1:103
at &lt;ScriptBlock&gt;, F:\Owner\OneDrive\Data\Programs\Scripts\PowerShell\PsBootstrapCss\tests\Help.tests.ps1:103</stack-trace>
                    </failure>
                  </test-case>
                  <test-case description="has the correct [mandatory] value" name="help for New-BootstrapAlert.- Help for parameter 'AdditionalClasses'.has the correct [mandatory] value" time="0.0047" asserts="0" success="True" result="Success" executed="True" />
                  <test-case description="has the correct parameter type" name="help for New-BootstrapAlert.- Help for parameter 'AdditionalClasses'.has the correct parameter type" time="0.0048" asserts="0" success="True" result="Success" executed="True" />
                </results>
              </test-suite>
              <test-suite type="TestFixture" name="help for New-BootstrapAlert.- Help for parameter 'Class'" executed="True" result="Failure" success="False" time="0.0897" asserts="0" description="help for New-BootstrapAlert.- Help for parameter 'Class'">
                <results>
                  <test-case description="has a description" name="help for New-BootstrapAlert.- Help for parameter 'Class'.has a description" time="0.0101" asserts="0" success="False" result="Failure" executed="True">
                    <failure>
                      <message>Expected a value, but got $null or empty.</message>
                      <stack-trace>at $parameterHelp.Description.Text | Should -Not -BeNullOrEmpty, F:\Owner\OneDrive\Data\Programs\Scripts\PowerShell\PsBootstrapCss\tests\Help.tests.ps1:103
at &lt;ScriptBlock&gt;, F:\Owner\OneDrive\Data\Programs\Scripts\PowerShell\PsBootstrapCss\tests\Help.tests.ps1:103</stack-trace>
                    </failure>
                  </test-case>
                  <test-case description="has the correct [mandatory] value" name="help for New-BootstrapAlert.- Help for parameter 'Class'.has the correct [mandatory] value" time="0.012" asserts="0" success="True" result="Success" executed="True" />
                  <test-case description="has the correct parameter type" name="help for New-BootstrapAlert.- Help for parameter 'Class'.has the correct parameter type" time="0.0041" asserts="0" success="True" result="Success" executed="True" />
                </results>
              </test-suite>
              <test-suite type="TestFixture" name="help for New-BootstrapAlert.- Help for parameter 'Padding'" executed="True" result="Failure" success="False" time="0.1218" asserts="0" description="help for New-BootstrapAlert.- Help for parameter 'Padding'">
                <results>
                  <test-case description="has a description" name="help for New-BootstrapAlert.- Help for parameter 'Padding'.has a description" time="0.0092" asserts="0" success="False" result="Failure" executed="True">
                    <failure>
                      <message>Expected a value, but got $null or empty.</message>
[...]
                      <stack-trace>at $parameterHelpType | Should -Be $parameter.ParameterType.Name, F:\Owner\OneDrive\Data\Programs\Scripts\PowerShell\PsBootstrapCss\tests\Help.tests.ps1:114
at &lt;ScriptBlock&gt;, F:\Owner\OneDrive\Data\Programs\Scripts\PowerShell\PsBootstrapCss\tests\Help.tests.ps1:114</stack-trace>
                    </failure>
                  </test-case>
                </results>
              </test-suite>
              <test-suite type="TestFixture" name="help for New-HtmlHeading.- Help for parameter 'Text'" executed="True" result="Success" success="True" time="0.1026" asserts="0" description="help for New-HtmlHeading.- Help for parameter 'Text'">
                <results>
                  <test-case description="has a description" name="help for New-HtmlHeading.- Help for parameter 'Text'.has a description" time="0.0038" asserts="0" success="True" result="Success" executed="True" />
                  <test-case description="has the correct [mandatory] value" name="help for New-HtmlHeading.- Help for parameter 'Text'.has the correct [mandatory] value" time="0.0028" asserts="0" success="True" result="Success" executed="True" />
                  <test-case description="has the correct parameter type" name="help for New-HtmlHeading.- Help for parameter 'Text'.has the correct parameter type" time="0.0025" asserts="0" success="True" result="Success" executed="True" />
                </results>
              </test-suite>
              <test-case description="is not auto-generated" name="help for New-HtmlHeading.is not auto-generated" time="0.0044" asserts="0" success="True" result="Success" executed="True" />
              <test-case description="has a description" name="help for New-HtmlHeading.has a description" time="0.0026" asserts="0" success="True" result="Success" executed="True" />
              <test-case description="has example code" name="help for New-HtmlHeading.has example code" time="0.0038" asserts="0" success="True" result="Success" executed="True" />
              <test-case description="has example help" name="help for New-HtmlHeading.has example help" time="0.0085" asserts="0" success="False" result="Failure" executed="True">
                <failure>
                  <message>Expected a value, but got $null or empty.</message>
                  <stack-trace>at ($commandHelp.Examples.Example.Remarks | Select-Object -First 1).Text | Should -Not -BeNullOrEmpty, F:\Owner\OneDrive\Data\Programs\Scripts\PowerShell\PsBootstrapCss\tests\Help.tests.ps1:85
at &lt;ScriptBlock&gt;, F:\Owner\OneDrive\Data\Programs\Scripts\PowerShell\PsBootstrapCss\tests\Help.tests.ps1:85</stack-trace>
                </failure>
              </test-case>
            </results>
          </test-suite>
          <test-suite type="TestFixture" name="help for New-HtmlParagraph" executed="True" result="Failure" success="False" time="3.4197" asserts="0" description="help for New-HtmlParagraph">
            <results>
              <test-suite type="TestFixture" name="help for New-HtmlParagraph.- Help for parameter 'Level'" executed="True" result="Success" success="True" time="0.0486" asserts="0" description="help for New-HtmlParagraph.- Help for parameter 'Level'">
                <results>
                  <test-case description="has a description" name="help for New-HtmlParagraph.- Help for parameter 'Level'.has a description" time="0.0054" asserts="0" success="True" result="Success" executed="True" />
                  <test-case description="has the correct [mandatory] value" name="help for New-HtmlParagraph.- Help for parameter 'Level'.has the correct [mandatory] value" time="0.0061" asserts="0" success="True" result="Success" executed="True" />
                  <test-case description="has the correct parameter type" name="help for New-HtmlParagraph.- Help for parameter 'Level'.has the correct parameter type" time="0.0054" asserts="0" success="True" result="Success" executed="True" />
                </results>
              </test-suite>
              <test-suite type="TestFixture" name="help for New-HtmlParagraph.- Help for parameter 'ProgressAction'" executed="True" result="Failure" success="False" time="0.0837" asserts="0" description="help for New-HtmlParagraph.- Help for parameter 'ProgressAction'">
                <results>
                  <test-case description="has a description" name="help for New-HtmlParagraph.- Help for parameter 'ProgressAction'.has a description" time="0.0115" asserts="0" success="False" result="Failure" executed="True">
                    <failure>
                      <message>Expected a value, but got $null or empty.</message>
                      <stack-trace>at $parameterHelp.Description.Text | Should -Not -BeNullOrEmpty, F:\Owner\OneDrive\Data\Programs\Scripts\PowerShell\PsBootstrapCss\tests\Help.tests.ps1:103
at &lt;ScriptBlock&gt;, F:\Owner\OneDrive\Data\Programs\Scripts\PowerShell\PsBootstrapCss\tests\Help.tests.ps1:103</stack-trace>
                    </failure>
                  </test-case>
                  <test-case description="has the correct [mandatory] value" name="help for New-HtmlParagraph.- Help for parameter 'ProgressAction'.has the correct [mandatory] value" time="0.0075" asserts="0" success="False" result="Failure" executed="True">
                    <failure>
                      <message>Expected 'False', but got $null.</message>
                      <stack-trace>at $parameterHelp.Required | Should -Be $codeMandatory, F:\Owner\OneDrive\Data\Programs\Scripts\PowerShell\PsBootstrapCss\tests\Help.tests.ps1:109
at &lt;ScriptBlock&gt;, F:\Owner\OneDrive\Data\Programs\Scripts\PowerShell\PsBootstrapCss\tests\Help.tests.ps1:109</stack-trace>
                    </failure>
                  </test-case>
                  <test-case description="has the correct parameter type" name="help for New-HtmlParagraph.- Help for parameter 'ProgressAction'.has the correct parameter type" time="0.0082" asserts="0" success="False" result="Failure" executed="True">
                    <failure>
                      <message>Expected 'ActionPreference', but got $null.</message>
                      <stack-trace>at $parameterHelpType | Should -Be $parameter.ParameterType.Name, F:\Owner\OneDrive\Data\Programs\Scripts\PowerShell\PsBootstrapCss\tests\Help.tests.ps1:114
at &lt;ScriptBlock&gt;, F:\Owner\OneDrive\Data\Programs\Scripts\PowerShell\PsBootstrapCss\tests\Help.tests.ps1:114</stack-trace>
                    </failure>
                  </test-case>
                </results>
              </test-suite>
              <test-suite type="TestFixture" name="help for New-HtmlParagraph.- Help for parameter 'Text'" executed="True" result="Success" success="True" time="0.1095" asserts="0" description="help for New-HtmlParagraph.- Help for parameter 'Text'">
                <results>
                  <test-case description="has a description" name="help for New-HtmlParagraph.- Help for parameter 'Text'.has a description" time="0.0072" asserts="0" success="True" result="Success" executed="True" />
                  <test-case description="has the correct [mandatory] value" name="help for New-HtmlParagraph.- Help for parameter 'Text'.has the correct [mandatory] value" time="0.005" asserts="0" success="True" result="Success" executed="True" />
                  <test-case description="has the correct parameter type" name="help for New-HtmlParagraph.- Help for parameter 'Text'.has the correct parameter type" time="0.006" asserts="0" success="True" result="Success" executed="True" />
                </results>
              </test-suite>
              <test-case description="is not auto-generated" name="help for New-HtmlParagraph.is not auto-generated" time="0.0043" asserts="0" success="True" result="Success" executed="True" />
              <test-case description="has a description" name="help for New-HtmlParagraph.has a description" time="0.0027" asserts="0" success="True" result="Success" executed="True" />
              <test-case description="has example code" name="help for New-HtmlParagraph.has example code" time="0.0038" asserts="0" success="True" result="Success" executed="True" />
              <test-case description="has example help" name="help for New-HtmlParagraph.has example help" time="0.0124" asserts="0" success="False" result="Failure" executed="True">
                <failure>
                  <message>Expected a value, but got $null or empty.</message>
                  <stack-trace>at ($commandHelp.Examples.Example.Remarks | Select-Object -First 1).Text | Should -Not -BeNullOrEmpty, F:\Owner\OneDrive\Data\Programs\Scripts\PowerShell\PsBootstrapCss\tests\Help.tests.ps1:85
at &lt;ScriptBlock&gt;, F:\Owner\OneDrive\Data\Programs\Scripts\PowerShell\PsBootstrapCss\tests\Help.tests.ps1:85</stack-trace>
                </failure>
              </test-case>
            </results>
          </test-suite>
        </results>
      </test-suite>
      <test-suite type="TestFixture" name="F:\Owner\OneDrive\Data\Programs\Scripts\PowerShell\PsBootstrapCss\tests\Manifest.tests.ps1" executed="True" result="Failure" success="False" time="0.2738" asserts="0" description="F:\Owner\OneDrive\Data\Programs\Scripts\PowerShell\PsBootstrapCss\tests\Manifest.tests.ps1">
        <results>
          <test-suite type="TestFixture" name="module manifest 'PsBootstrapCss.psd1'" executed="True" result="Failure" success="False" time="0.0753" asserts="0" description="module manifest 'PsBootstrapCss.psd1'">
            <results>
              <test-suite type="TestFixture" name="module manifest 'PsBootstrapCss.psd1'.- Validation" executed="True" result="Failure" success="False" time="0.0696" asserts="0" description="module manifest 'PsBootstrapCss.psd1'.- Validation">
                <results>
                  <test-case description="is a valid manifest" name="module manifest 'PsBootstrapCss.psd1'.- Validation.is a valid manifest" time="0.0098" asserts="0" success="True" result="Success" executed="True" />
                  <test-case description="has a valid name in the manifest" name="module manifest 'PsBootstrapCss.psd1'.- Validation.has a valid name in the manifest" time="0.0046" asserts="0" success="True" result="Success" executed="True" />
                  <test-case description="has a valid root module" name="module manifest 'PsBootstrapCss.psd1'.- Validation.has a valid root module" time="0.01" asserts="0" success="False" result="Failure" executed="True">
                    <failure>
                      <message>Expected strings to be the same, but they were different.
Expected length: 14
Actual length:   19
Strings differ at index 14.
Expected: 'PsBootstrapCss'
But was:  'PsBootstrapCss.psm1'
           --------------^</message>
                      <stack-trace>at $manifestData.RootModule | Should -Be $moduleName, F:\Owner\OneDrive\Data\Programs\Scripts\PowerShell\PsBootstrapCss\tests\Manifest.tests.ps1:36
at &lt;ScriptBlock&gt;, F:\Owner\OneDrive\Data\Programs\Scripts\PowerShell\PsBootstrapCss\tests\Manifest.tests.ps1:36</stack-trace>
                    </failure>
                  </test-case>
                  <test-case description="has a valid version" name="module manifest 'PsBootstrapCss.psd1'.- Validation.has a valid version" time="0.0072" asserts="0" success="True" result="Success" executed="True" />
                  <test-case description="has a valid description" name="module manifest 'PsBootstrapCss.psd1'.- Validation.has a valid description" time="0.0068" asserts="0" success="True" result="Success" executed="True" />
                  <test-case description="has a valid author" name="module manifest 'PsBootstrapCss.psd1'.- Validation.has a valid author" time="0.0108" asserts="0" success="True" result="Success" executed="True" />
                  <test-case description="has a valid guid" name="module manifest 'PsBootstrapCss.psd1'.- Validation.has a valid guid" time="0.0083" asserts="0" success="True" result="Success" executed="True" />
                  <test-case description="has a valid copyright" name="module manifest 'PsBootstrapCss.psd1'.- Validation.has a valid copyright" time="0.0051" asserts="0" success="True" result="Success" executed="True" />
                </results>
              </test-suite>
            </results>
          </test-suite>
          <test-suite type="TestFixture" name="Git tagging" executed="True" result="Ignored" success="True" time="0.1124" asserts="0" description="Git tagging">
            <results>
              <test-suite type="TestFixture" name="Git tagging.- Git tag version ''" executed="True" result="Ignored" success="True" time="0.0202" asserts="0" description="Git tagging.- Git tag version ''">
                <results>
                  <test-case description="is a valid version" name="Git tagging.- Git tag version ''.is a valid version" time="0.0104" asserts="0" success="False" result="Ignored" executed="False" />
                  <test-case description="matches the module manifest version" name="Git tagging.- Git tag version ''.matches the module manifest version" time="0.0038" asserts="0" success="False" result="Ignored" executed="False" />
                </results>
              </test-suite>
            </results>
          </test-suite>
        </results>
      </test-suite>
      <test-suite type="TestFixture" name="F:\Owner\OneDrive\Data\Programs\Scripts\PowerShell\PsBootstrapCss\tests\Metadata.tests.ps1" executed="True" result="Failure" success="False" time="0.4122" asserts="0" description="F:\Owner\OneDrive\Data\Programs\Scripts\PowerShell\PsBootstrapCss\tests\Metadata.tests.ps1">
        <results>
          <test-suite type="TestFixture" name="text files" executed="True" result="Failure" success="False" time="0.0425" asserts="0" description="text files">
            <results>
              <test-suite type="TestFixture" name="text files.- File Encoding" executed="True" result="Success" success="True" time="0.0181" asserts="0" description="text files.- File Encoding">
                <results>
                  <test-case description="do not use Unicode/UTF-16 encoding" name="text files.- File Encoding.do not use Unicode/UTF-16 encoding" time="0.0087" asserts="0" success="True" result="Success" executed="True" />
                </results>
              </test-suite>
              <test-suite type="TestFixture" name="text files.- Indentations" executed="True" result="Failure" success="False" time="0.0354" asserts="0" description="text files.- Indentations">
                <results>
                  <test-case description="do not use tabs for indentations" name="text files.- Indentations.do not use tabs for indentations" time="0.011" asserts="0" success="False" result="Failure" executed="True">
                    <failure>
                      <message>Expected 0, but got 3.</message>
                      <stack-trace>at $totalTabsCount | Should -Be 0, F:\Owner\OneDrive\Data\Programs\Scripts\PowerShell\PsBootstrapCss\tests\Metadata.tests.ps1:47
at &lt;ScriptBlock&gt;, F:\Owner\OneDrive\Data\Programs\Scripts\PowerShell\PsBootstrapCss\tests\Metadata.tests.ps1:47</stack-trace>
                    </failure>
                  </test-case>
                </results>
              </test-suite>
            </results>
          </test-suite>
        </results>
      </test-suite>
      <test-suite type="TestFixture" name="F:\Owner\OneDrive\Data\Programs\Scripts\PowerShell\PsBootstrapCss\tests\Module.tests.ps1" executed="True" result="Success" success="True" time="0.1408" asserts="0" description="F:\Owner\OneDrive\Data\Programs\Scripts\PowerShell\PsBootstrapCss\tests\Module.tests.ps1">
        <results>
          <test-suite type="TestFixture" name="PowerShell files in module 'PsBootstrapCss'" executed="True" result="Success" success="True" time="0.0539" asserts="0" description="PowerShell files in module 'PsBootstrapCss'">
            <results>
              <test-suite type="ParameterizedTest" name="PowerShell files in module 'PsBootstrapCss'.'&lt;Script&gt;' can be tokenized by the PowerShell parser without any errors" executed="True" result="Success" success="True" time="0.0446" asserts="0" description="'&lt;Script&gt;' can be tokenized by the PowerShell parser without any errors">
                <results>
                  <test-case description="'F:\Owner\OneDrive\Data\Programs\Scripts\PowerShell\PsBootstrapCss\dist\1.0.60\PsBootstrapCss\PsBootstrapCss.psd1' can be tokenized by the PowerShell parser without any errors" name="PowerShell files in module 'PsBootstrapCss'.'F:\Owner\OneDrive\Data\Programs\Scripts\PowerShell\PsBootstrapCss\dist\1.0.60\PsBootstrapCss\PsBootstrapCss.psd1' can be tokenized by the PowerShell parser without any errors" time="0.0162" asserts="0" success="True" result="Success" executed="True" />
                  <test-case description="'F:\Owner\OneDrive\Data\Programs\Scripts\PowerShell\PsBootstrapCss\dist\1.0.60\PsBootstrapCss\PsBootstrapCss.psm1' can be tokenized by the PowerShell parser without any errors" name="PowerShell files in module 'PsBootstrapCss'.'F:\Owner\OneDrive\Data\Programs\Scripts\PowerShell\PsBootstrapCss\dist\1.0.60\PsBootstrapCss\PsBootstrapCss.psm1' can be tokenized by the PowerShell parser without any errors" time="0.0284" asserts="0" success="True" result="Success" executed="True" />
                </results>
              </test-suite>
            </results>
          </test-suite>
          <test-suite type="TestFixture" name="module 'PsBootstrapCss'" executed="True" result="Success" success="True" time="0.0826" asserts="0" description="module 'PsBootstrapCss'">
            <results>
              <test-suite type="ParameterizedTest" name="module 'PsBootstrapCss'.can be imported without any errors" executed="True" result="Success" success="True" time="0.0222" asserts="0" description="can be imported without any errors">
                <results>
                  <test-case description="can be imported without any errors" name="module 'PsBootstrapCss'.can be imported without any errors(&quot;F:\Owner\OneDrive\Data\Programs\Scripts\PowerShell\PsBootstrapCss\dist\1.0.60\PsBootstrapCss\PsBootstrapCss.psm1&quot;)" time="0.0222" asserts="0" success="True" result="Success" executed="True" />
                </results>
              </test-suite>
            </results>
          </test-suite>
        </results>
      </test-suite>
      <test-suite type="TestFixture" name="F:\Owner\OneDrive\Data\Programs\Scripts\PowerShell\PsBootstrapCss\tests\Project.tests.ps1" executed="True" result="Success" success="True" time="0.1703" asserts="0" description="F:\Owner\OneDrive\Data\Programs\Scripts\PowerShell\PsBootstrapCss\tests\Project.tests.ps1">
        <results>
          <test-suite type="TestFixture" name="change log" executed="True" result="Success" success="True" time="0.0302" asserts="0" description="change log">
            <results>
              <test-suite type="TestFixture" name="change log.- Version" executed="True" result="Success" success="True" time="0.0234" asserts="0" description="change log.- Version">
                <results>
                  <test-case description="has a valid version" name="change log.- Version.has a valid version" time="0.0087" asserts="0" success="True" result="Success" executed="True" />
                  <test-case description="has the same version as the manifest" name="change log.- Version.has the same version as the manifest" time="0.0091" asserts="0" success="True" result="Success" executed="True" />
                </results>
              </test-suite>
            </results>
          </test-suite>
        </results>
      </test-suite>
    </results>
  </test-suite>
</test-results>